[2023-03-27T21:08:29.032Z] Log level: Info
[2023-03-27T21:08:29.035Z] [info] Validating found git in: git
[2023-03-27T21:08:29.094Z] [info] Using git 2.39.1 from git
[2023-03-27T21:08:29.143Z] > git rev-parse --show-toplevel [35ms]
[2023-03-27T21:08:29.153Z] > git rev-parse --git-dir --git-common-dir [1ms]
[2023-03-27T21:08:29.161Z] [info] Open repository: /mnt/code
[2023-03-27T21:08:29.175Z] > git status -z -uall [7ms]
[2023-03-27T21:08:29.180Z] > git symbolic-ref --short HEAD [1ms]
[2023-03-27T21:08:29.187Z] > git for-each-ref --format=%(refname)%00%(upstream:short)%00%(objectname)%00%(upstream:track)%00%(upstream:remotename)%00%(upstream:remoteref) refs/heads/main refs/remotes/main [2ms]
[2023-03-27T21:08:29.197Z] > git for-each-ref --sort -committerdate --format %(refname) %(objectname) %(*objectname) [6ms]
[2023-03-27T21:08:29.198Z] > git remote --verbose [3ms]
[2023-03-27T21:08:29.233Z] > git config --get commit.template [5ms]
[2023-03-27T21:08:29.742Z] > git check-ignore -v -z --stdin [1ms]
[2023-03-27T21:08:39.470Z] > git status -z -uall [3ms]
[2023-03-27T21:08:39.475Z] > git symbolic-ref --short HEAD [1ms]
[2023-03-27T21:08:39.480Z] > git for-each-ref --format=%(refname)%00%(upstream:short)%00%(objectname)%00%(upstream:track)%00%(upstream:remotename)%00%(upstream:remoteref) refs/heads/main refs/remotes/main [1ms]
[2023-03-27T21:08:39.489Z] > git for-each-ref --sort -committerdate --format %(refname) %(objectname) %(*objectname) [5ms]
[2023-03-27T21:08:39.489Z] > git remote --verbose [1ms]
[2023-03-27T21:08:39.497Z] > git config --get commit.template [1ms]
[2023-03-27T21:08:44.510Z] > git status -z -uall [3ms]
[2023-03-27T21:08:44.519Z] > git symbolic-ref --short HEAD [2ms]
[2023-03-27T21:08:44.527Z] > git for-each-ref --format=%(refname)%00%(upstream:short)%00%(objectname)%00%(upstream:track)%00%(upstream:remotename)%00%(upstream:remoteref) refs/heads/main refs/remotes/main [1ms]
[2023-03-27T21:08:44.540Z] > git for-each-ref --sort -committerdate --format %(refname) %(objectname) %(*objectname) [6ms]
[2023-03-27T21:08:44.541Z] > git remote --verbose [2ms]
[2023-03-27T21:08:44.551Z] > git config --get commit.template [2ms]
[2023-03-27T21:08:49.559Z] > git status -z -uall [2ms]
[2023-03-27T21:08:49.565Z] > git symbolic-ref --short HEAD [1ms]
[2023-03-27T21:08:49.571Z] > git for-each-ref --format=%(refname)%00%(upstream:short)%00%(objectname)%00%(upstream:track)%00%(upstream:remotename)%00%(upstream:remoteref) refs/heads/main refs/remotes/main [2ms]
[2023-03-27T21:08:49.580Z] > git for-each-ref --sort -committerdate --format %(refname) %(objectname) %(*objectname) [4ms]
[2023-03-27T21:08:49.580Z] > git remote --verbose [1ms]
[2023-03-27T21:08:49.590Z] > git config --get commit.template [2ms]
[2023-03-27T21:08:54.598Z] > git status -z -uall [3ms]
[2023-03-27T21:08:54.604Z] > git symbolic-ref --short HEAD [1ms]
[2023-03-27T21:08:54.610Z] > git for-each-ref --format=%(refname)%00%(upstream:short)%00%(objectname)%00%(upstream:track)%00%(upstream:remotename)%00%(upstream:remoteref) refs/heads/main refs/remotes/main [2ms]
[2023-03-27T21:08:54.619Z] > git for-each-ref --sort -committerdate --format %(refname) %(objectname) %(*objectname) [5ms]
[2023-03-27T21:08:54.620Z] > git remote --verbose [2ms]
[2023-03-27T21:08:54.631Z] > git config --get commit.template [1ms]
[2023-03-27T21:08:59.640Z] > git status -z -uall [3ms]
[2023-03-27T21:08:59.646Z] > git symbolic-ref --short HEAD [1ms]
[2023-03-27T21:08:59.651Z] > git for-each-ref --format=%(refname)%00%(upstream:short)%00%(objectname)%00%(upstream:track)%00%(upstream:remotename)%00%(upstream:remoteref) refs/heads/main refs/remotes/main [1ms]
[2023-03-27T21:08:59.660Z] > git for-each-ref --sort -committerdate --format %(refname) %(objectname) %(*objectname) [5ms]
[2023-03-27T21:08:59.661Z] > git remote --verbose [2ms]
[2023-03-27T21:08:59.669Z] > git config --get commit.template [1ms]
[2023-03-27T21:09:04.678Z] > git status -z -uall [3ms]
[2023-03-27T21:09:04.683Z] > git symbolic-ref --short HEAD [1ms]
[2023-03-27T21:09:04.688Z] > git for-each-ref --format=%(refname)%00%(upstream:short)%00%(objectname)%00%(upstream:track)%00%(upstream:remotename)%00%(upstream:remoteref) refs/heads/main refs/remotes/main [1ms]
[2023-03-27T21:09:04.699Z] > git for-each-ref --sort -committerdate --format %(refname) %(objectname) %(*objectname) [7ms]
[2023-03-27T21:09:04.700Z] > git remote --verbose [2ms]
[2023-03-27T21:09:04.708Z] > git config --get commit.template [1ms]
[2023-03-27T21:09:11.632Z] > git status -z -uall [3ms]
[2023-03-27T21:09:11.638Z] > git symbolic-ref --short HEAD [2ms]
[2023-03-27T21:09:11.642Z] > git for-each-ref --format=%(refname)%00%(upstream:short)%00%(objectname)%00%(upstream:track)%00%(upstream:remotename)%00%(upstream:remoteref) refs/heads/main refs/remotes/main [1ms]
[2023-03-27T21:09:11.650Z] > git for-each-ref --sort -committerdate --format %(refname) %(objectname) %(*objectname) [4ms]
[2023-03-27T21:09:11.651Z] > git remote --verbose [2ms]
[2023-03-27T21:09:11.659Z] > git config --get commit.template [2ms]
[2023-03-27T21:09:16.669Z] > git status -z -uall [2ms]
[2023-03-27T21:09:16.675Z] > git symbolic-ref --short HEAD [1ms]
[2023-03-27T21:09:16.681Z] > git for-each-ref --format=%(refname)%00%(upstream:short)%00%(objectname)%00%(upstream:track)%00%(upstream:remotename)%00%(upstream:remoteref) refs/heads/main refs/remotes/main [2ms]
[2023-03-27T21:09:16.690Z] > git for-each-ref --sort -committerdate --format %(refname) %(objectname) %(*objectname) [5ms]
[2023-03-27T21:09:16.690Z] > git remote --verbose [1ms]
[2023-03-27T21:09:16.698Z] > git config --get commit.template [1ms]
[2023-03-27T21:09:21.707Z] > git status -z -uall [2ms]
[2023-03-27T21:09:21.713Z] > git symbolic-ref --short HEAD [1ms]
[2023-03-27T21:09:21.720Z] > git for-each-ref --format=%(refname)%00%(upstream:short)%00%(objectname)%00%(upstream:track)%00%(upstream:remotename)%00%(upstream:remoteref) refs/heads/main refs/remotes/main [2ms]
[2023-03-27T21:09:21.731Z] > git for-each-ref --sort -committerdate --format %(refname) %(objectname) %(*objectname) [6ms]
[2023-03-27T21:09:21.749Z] > git remote --verbose [18ms]
[2023-03-27T21:09:21.760Z] > git config --get commit.template [1ms]
[2023-03-27T21:09:26.768Z] > git status -z -uall [3ms]
[2023-03-27T21:09:26.773Z] > git symbolic-ref --short HEAD [1ms]
[2023-03-27T21:09:26.779Z] > git for-each-ref --format=%(refname)%00%(upstream:short)%00%(objectname)%00%(upstream:track)%00%(upstream:remotename)%00%(upstream:remoteref) refs/heads/main refs/remotes/main [2ms]
[2023-03-27T21:09:26.789Z] > git for-each-ref --sort -committerdate --format %(refname) %(objectname) %(*objectname) [5ms]
[2023-03-27T21:09:26.789Z] > git remote --verbose [1ms]
[2023-03-27T21:09:26.798Z] > git config --get commit.template [1ms]
[2023-03-27T21:09:31.807Z] > git status -z -uall [3ms]
[2023-03-27T21:09:31.813Z] > git symbolic-ref --short HEAD [2ms]
[2023-03-27T21:09:31.818Z] > git for-each-ref --format=%(refname)%00%(upstream:short)%00%(objectname)%00%(upstream:track)%00%(upstream:remotename)%00%(upstream:remoteref) refs/heads/main refs/remotes/main [1ms]
[2023-03-27T21:09:31.827Z] > git for-each-ref --sort -committerdate --format %(refname) %(objectname) %(*objectname) [5ms]
[2023-03-27T21:09:31.827Z] > git remote --verbose [1ms]
[2023-03-27T21:09:31.835Z] > git config --get commit.template [2ms]
[2023-03-27T21:09:34.394Z] > git check-ignore -v -z --stdin [1ms]
[2023-03-27T21:09:36.844Z] > git status -z -uall [3ms]
[2023-03-27T21:09:36.849Z] > git symbolic-ref --short HEAD [1ms]
[2023-03-27T21:09:36.855Z] > git for-each-ref --format=%(refname)%00%(upstream:short)%00%(objectname)%00%(upstream:track)%00%(upstream:remotename)%00%(upstream:remoteref) refs/heads/main refs/remotes/main [1ms]
[2023-03-27T21:09:36.866Z] > git remote --verbose [1ms]
[2023-03-27T21:09:36.866Z] > git for-each-ref --sort -committerdate --format %(refname) %(objectname) %(*objectname) [7ms]
[2023-03-27T21:09:36.875Z] > git config --get commit.template [1ms]
[2023-03-27T21:09:41.472Z] > git check-ignore -v -z --stdin [2ms]
[2023-03-27T21:09:41.885Z] > git status -z -uall [4ms]
[2023-03-27T21:09:41.892Z] > git symbolic-ref --short HEAD [3ms]
[2023-03-27T21:09:41.897Z] > git for-each-ref --format=%(refname)%00%(upstream:short)%00%(objectname)%00%(upstream:track)%00%(upstream:remotename)%00%(upstream:remoteref) refs/heads/main refs/remotes/main [1ms]
[2023-03-27T21:09:41.907Z] > git for-each-ref --sort -committerdate --format %(refname) %(objectname) %(*objectname) [5ms]
[2023-03-27T21:09:41.908Z] > git remote --verbose [2ms]
[2023-03-27T21:09:41.917Z] > git config --get commit.template [2ms]
[2023-03-27T21:09:44.961Z] > git check-ignore -v -z --stdin [1ms]
[2023-03-27T21:09:46.926Z] > git status -z -uall [3ms]
[2023-03-27T21:09:46.932Z] > git symbolic-ref --short HEAD [1ms]
[2023-03-27T21:09:46.939Z] > git for-each-ref --format=%(refname)%00%(upstream:short)%00%(objectname)%00%(upstream:track)%00%(upstream:remotename)%00%(upstream:remoteref) refs/heads/main refs/remotes/main [3ms]
[2023-03-27T21:09:46.947Z] > git for-each-ref --sort -committerdate --format %(refname) %(objectname) %(*objectname) [4ms]
[2023-03-27T21:09:46.948Z] > git remote --verbose [1ms]
[2023-03-27T21:09:46.956Z] > git config --get commit.template [1ms]
[2023-03-27T21:09:50.819Z] > git check-ignore -v -z --stdin [1ms]
[2023-03-27T21:09:51.965Z] > git status -z -uall [3ms]
[2023-03-27T21:09:51.970Z] > git symbolic-ref --short HEAD [1ms]
[2023-03-27T21:09:51.976Z] > git for-each-ref --format=%(refname)%00%(upstream:short)%00%(objectname)%00%(upstream:track)%00%(upstream:remotename)%00%(upstream:remoteref) refs/heads/main refs/remotes/main [1ms]
[2023-03-27T21:09:51.987Z] > git for-each-ref --sort -committerdate --format %(refname) %(objectname) %(*objectname) [5ms]
[2023-03-27T21:09:51.987Z] > git remote --verbose [1ms]
[2023-03-27T21:09:51.995Z] > git config --get commit.template [1ms]
[2023-03-27T21:09:57.003Z] > git status -z -uall [2ms]
[2023-03-27T21:09:57.009Z] > git symbolic-ref --short HEAD [1ms]
[2023-03-27T21:09:57.015Z] > git for-each-ref --format=%(refname)%00%(upstream:short)%00%(objectname)%00%(upstream:track)%00%(upstream:remotename)%00%(upstream:remoteref) refs/heads/main refs/remotes/main [2ms]
[2023-03-27T21:09:57.024Z] > git for-each-ref --sort -committerdate --format %(refname) %(objectname) %(*objectname) [4ms]
[2023-03-27T21:09:57.024Z] > git remote --verbose [1ms]
[2023-03-27T21:09:57.032Z] > git config --get commit.template [1ms]
[2023-03-27T21:10:02.042Z] > git status -z -uall [3ms]
[2023-03-27T21:10:02.063Z] > git symbolic-ref --short HEAD [1ms]
[2023-03-27T21:10:02.069Z] > git for-each-ref --format=%(refname)%00%(upstream:short)%00%(objectname)%00%(upstream:track)%00%(upstream:remotename)%00%(upstream:remoteref) refs/heads/main refs/remotes/main [1ms]
[2023-03-27T21:10:02.084Z] > git for-each-ref --sort -committerdate --format %(refname) %(objectname) %(*objectname) [10ms]
[2023-03-27T21:10:02.085Z] > git remote --verbose [6ms]
[2023-03-27T21:10:02.096Z] > git config --get commit.template [1ms]
[2023-03-27T21:10:07.104Z] > git status -z -uall [3ms]
[2023-03-27T21:10:07.109Z] > git symbolic-ref --short HEAD [1ms]
[2023-03-27T21:10:07.114Z] > git for-each-ref --format=%(refname)%00%(upstream:short)%00%(objectname)%00%(upstream:track)%00%(upstream:remotename)%00%(upstream:remoteref) refs/heads/main refs/remotes/main [1ms]
[2023-03-27T21:10:07.122Z] > git for-each-ref --sort -committerdate --format %(refname) %(objectname) %(*objectname) [5ms]
[2023-03-27T21:10:07.122Z] > git remote --verbose [1ms]
[2023-03-27T21:10:07.129Z] > git config --get commit.template [1ms]
[2023-03-27T21:10:12.136Z] > git status -z -uall [2ms]
[2023-03-27T21:10:12.141Z] > git symbolic-ref --short HEAD [1ms]
[2023-03-27T21:10:12.146Z] > git for-each-ref --format=%(refname)%00%(upstream:short)%00%(objectname)%00%(upstream:track)%00%(upstream:remotename)%00%(upstream:remoteref) refs/heads/main refs/remotes/main [1ms]
[2023-03-27T21:10:12.156Z] > git for-each-ref --sort -committerdate --format %(refname) %(objectname) %(*objectname) [6ms]
[2023-03-27T21:10:12.156Z] > git remote --verbose [1ms]
[2023-03-27T21:10:12.163Z] > git config --get commit.template [1ms]
[2023-03-27T21:19:34.131Z] > git status -z -uall [3ms]
[2023-03-27T21:19:34.135Z] > git symbolic-ref --short HEAD [1ms]
[2023-03-27T21:19:34.140Z] > git for-each-ref --format=%(refname)%00%(upstream:short)%00%(objectname)%00%(upstream:track)%00%(upstream:remotename)%00%(upstream:remoteref) refs/heads/main refs/remotes/main [1ms]
[2023-03-27T21:19:34.149Z] > git for-each-ref --sort -committerdate --format %(refname) %(objectname) %(*objectname) [5ms]
[2023-03-27T21:19:34.149Z] > git remote --verbose [1ms]
[2023-03-27T21:19:34.156Z] > git config --get commit.template [1ms]
[2023-03-27T21:19:51.394Z] > git status -z -uall [2ms]
[2023-03-27T21:19:51.399Z] > git symbolic-ref --short HEAD [1ms]
[2023-03-27T21:19:51.404Z] > git for-each-ref --format=%(refname)%00%(upstream:short)%00%(objectname)%00%(upstream:track)%00%(upstream:remotename)%00%(upstream:remoteref) refs/heads/main refs/remotes/main [1ms]
[2023-03-27T21:19:51.411Z] > git for-each-ref --sort -committerdate --format %(refname) %(objectname) %(*objectname) [4ms]
[2023-03-27T21:19:51.412Z] > git remote --verbose [1ms]
[2023-03-27T21:19:51.418Z] > git config --get commit.template [1ms]
[2023-03-27T21:19:56.425Z] > git status -z -uall [2ms]
[2023-03-27T21:19:56.430Z] > git symbolic-ref --short HEAD [1ms]
[2023-03-27T21:19:56.435Z] > git for-each-ref --format=%(refname)%00%(upstream:short)%00%(objectname)%00%(upstream:track)%00%(upstream:remotename)%00%(upstream:remoteref) refs/heads/main refs/remotes/main [1ms]
[2023-03-27T21:19:56.443Z] > git for-each-ref --sort -committerdate --format %(refname) %(objectname) %(*objectname) [4ms]
[2023-03-27T21:19:56.444Z] > git remote --verbose [1ms]
[2023-03-27T21:19:56.450Z] > git config --get commit.template [1ms]
[2023-03-27T21:20:02.732Z] > git status -z -uall [3ms]
[2023-03-27T21:20:02.737Z] > git symbolic-ref --short HEAD [1ms]
[2023-03-27T21:20:02.742Z] > git for-each-ref --format=%(refname)%00%(upstream:short)%00%(objectname)%00%(upstream:track)%00%(upstream:remotename)%00%(upstream:remoteref) refs/heads/main refs/remotes/main [1ms]
[2023-03-27T21:20:02.750Z] > git for-each-ref --sort -committerdate --format %(refname) %(objectname) %(*objectname) [4ms]
[2023-03-27T21:20:02.750Z] > git remote --verbose [1ms]
[2023-03-27T21:20:02.757Z] > git config --get commit.template [1ms]
[2023-03-27T21:20:07.763Z] > git status -z -uall [2ms]
[2023-03-27T21:20:07.768Z] > git symbolic-ref --short HEAD [1ms]
[2023-03-27T21:20:07.773Z] > git for-each-ref --format=%(refname)%00%(upstream:short)%00%(objectname)%00%(upstream:track)%00%(upstream:remotename)%00%(upstream:remoteref) refs/heads/main refs/remotes/main [1ms]
[2023-03-27T21:20:07.780Z] > git for-each-ref --sort -committerdate --format %(refname) %(objectname) %(*objectname) [3ms]
[2023-03-27T21:20:07.781Z] > git remote --verbose [1ms]
[2023-03-27T21:20:07.788Z] > git config --get commit.template [1ms]
[2023-03-27T21:20:13.654Z] > git status -z -uall [3ms]
[2023-03-27T21:20:13.659Z] > git symbolic-ref --short HEAD [1ms]
[2023-03-27T21:20:13.663Z] > git for-each-ref --format=%(refname)%00%(upstream:short)%00%(objectname)%00%(upstream:track)%00%(upstream:remotename)%00%(upstream:remoteref) refs/heads/main refs/remotes/main [1ms]
[2023-03-27T21:20:13.671Z] > git for-each-ref --sort -committerdate --format %(refname) %(objectname) %(*objectname) [4ms]
[2023-03-27T21:20:13.671Z] > git remote --verbose [1ms]
[2023-03-27T21:20:13.678Z] > git config --get commit.template [1ms]
[2023-03-27T21:20:18.686Z] > git status -z -uall [2ms]
[2023-03-27T21:20:18.690Z] > git symbolic-ref --short HEAD [1ms]
[2023-03-27T21:20:18.695Z] > git for-each-ref --format=%(refname)%00%(upstream:short)%00%(objectname)%00%(upstream:track)%00%(upstream:remotename)%00%(upstream:remoteref) refs/heads/main refs/remotes/main [1ms]
[2023-03-27T21:20:18.703Z] > git for-each-ref --sort -committerdate --format %(refname) %(objectname) %(*objectname) [4ms]
[2023-03-27T21:20:18.703Z] > git remote --verbose [1ms]
[2023-03-27T21:20:18.710Z] > git config --get commit.template [1ms]
[2023-03-27T21:20:23.718Z] > git status -z -uall [3ms]
[2023-03-27T21:20:23.723Z] > git symbolic-ref --short HEAD [1ms]
[2023-03-27T21:20:23.728Z] > git for-each-ref --format=%(refname)%00%(upstream:short)%00%(objectname)%00%(upstream:track)%00%(upstream:remotename)%00%(upstream:remoteref) refs/heads/main refs/remotes/main [1ms]
[2023-03-27T21:20:23.735Z] > git for-each-ref --sort -committerdate --format %(refname) %(objectname) %(*objectname) [4ms]
[2023-03-27T21:20:23.736Z] > git remote --verbose [1ms]
[2023-03-27T21:20:23.742Z] > git config --get commit.template [1ms]
[2023-03-27T21:20:37.243Z] > git status -z -uall [3ms]
[2023-03-27T21:20:37.248Z] > git symbolic-ref --short HEAD [1ms]
[2023-03-27T21:20:37.253Z] > git for-each-ref --format=%(refname)%00%(upstream:short)%00%(objectname)%00%(upstream:track)%00%(upstream:remotename)%00%(upstream:remoteref) refs/heads/main refs/remotes/main [2ms]
[2023-03-27T21:20:37.261Z] > git for-each-ref --sort -committerdate --format %(refname) %(objectname) %(*objectname) [5ms]
[2023-03-27T21:20:37.261Z] > git remote --verbose [1ms]
[2023-03-27T21:20:37.267Z] > git config --get commit.template [1ms]
[2023-03-27T21:20:53.262Z] > git status -z -uall [3ms]
[2023-03-27T21:20:53.267Z] > git symbolic-ref --short HEAD [1ms]
[2023-03-27T21:20:53.273Z] > git for-each-ref --format=%(refname)%00%(upstream:short)%00%(objectname)%00%(upstream:track)%00%(upstream:remotename)%00%(upstream:remoteref) refs/heads/main refs/remotes/main [2ms]
[2023-03-27T21:20:53.283Z] > git for-each-ref --sort -committerdate --format %(refname) %(objectname) %(*objectname) [5ms]
[2023-03-27T21:20:53.284Z] > git remote --verbose [1ms]
[2023-03-27T21:20:53.290Z] > git config --get commit.template [1ms]
[2023-03-27T21:20:58.298Z] > git status -z -uall [3ms]
[2023-03-27T21:20:58.303Z] > git symbolic-ref --short HEAD [1ms]
[2023-03-27T21:20:58.310Z] > git for-each-ref --format=%(refname)%00%(upstream:short)%00%(objectname)%00%(upstream:track)%00%(upstream:remotename)%00%(upstream:remoteref) refs/heads/main refs/remotes/main [2ms]
[2023-03-27T21:20:58.317Z] > git for-each-ref --sort -committerdate --format %(refname) %(objectname) %(*objectname) [4ms]
[2023-03-27T21:20:58.318Z] > git remote --verbose [1ms]
[2023-03-27T21:20:58.325Z] > git config --get commit.template [1ms]
[2023-03-27T21:21:18.071Z] > git status -z -uall [3ms]
[2023-03-27T21:21:18.076Z] > git symbolic-ref --short HEAD [1ms]
[2023-03-27T21:21:18.081Z] > git for-each-ref --format=%(refname)%00%(upstream:short)%00%(objectname)%00%(upstream:track)%00%(upstream:remotename)%00%(upstream:remoteref) refs/heads/main refs/remotes/main [2ms]
[2023-03-27T21:21:18.089Z] > git for-each-ref --sort -committerdate --format %(refname) %(objectname) %(*objectname) [5ms]
[2023-03-27T21:21:18.090Z] > git remote --verbose [2ms]
[2023-03-27T21:21:18.096Z] > git config --get commit.template [1ms]
[2023-03-27T21:21:23.104Z] > git status -z -uall [2ms]
[2023-03-27T21:21:23.109Z] > git symbolic-ref --short HEAD [1ms]
[2023-03-27T21:21:23.114Z] > git for-each-ref --format=%(refname)%00%(upstream:short)%00%(objectname)%00%(upstream:track)%00%(upstream:remotename)%00%(upstream:remoteref) refs/heads/main refs/remotes/main [1ms]
[2023-03-27T21:21:23.123Z] > git for-each-ref --sort -committerdate --format %(refname) %(objectname) %(*objectname) [5ms]
[2023-03-27T21:21:23.124Z] > git remote --verbose [2ms]
[2023-03-27T21:21:23.131Z] > git config --get commit.template [1ms]
[2023-03-27T21:21:28.140Z] > git status -z -uall [4ms]
[2023-03-27T21:21:28.145Z] > git symbolic-ref --short HEAD [1ms]
[2023-03-27T21:21:28.150Z] > git for-each-ref --format=%(refname)%00%(upstream:short)%00%(objectname)%00%(upstream:track)%00%(upstream:remotename)%00%(upstream:remoteref) refs/heads/main refs/remotes/main [1ms]
[2023-03-27T21:21:28.158Z] > git for-each-ref --sort -committerdate --format %(refname) %(objectname) %(*objectname) [4ms]
[2023-03-27T21:21:28.159Z] > git remote --verbose [2ms]
[2023-03-27T21:21:28.165Z] > git config --get commit.template [1ms]
[2023-03-27T21:21:33.172Z] > git status -z -uall [2ms]
[2023-03-27T21:21:33.177Z] > git symbolic-ref --short HEAD [1ms]
[2023-03-27T21:21:33.182Z] > git for-each-ref --format=%(refname)%00%(upstream:short)%00%(objectname)%00%(upstream:track)%00%(upstream:remotename)%00%(upstream:remoteref) refs/heads/main refs/remotes/main [1ms]
[2023-03-27T21:21:33.190Z] > git for-each-ref --sort -committerdate --format %(refname) %(objectname) %(*objectname) [4ms]
[2023-03-27T21:21:33.191Z] > git remote --verbose [1ms]
[2023-03-27T21:21:33.198Z] > git config --get commit.template [1ms]
[2023-03-27T21:21:38.205Z] > git status -z -uall [3ms]
[2023-03-27T21:21:38.210Z] > git symbolic-ref --short HEAD [1ms]
[2023-03-27T21:21:38.215Z] > git for-each-ref --format=%(refname)%00%(upstream:short)%00%(objectname)%00%(upstream:track)%00%(upstream:remotename)%00%(upstream:remoteref) refs/heads/main refs/remotes/main [1ms]
[2023-03-27T21:21:38.224Z] > git remote --verbose [1ms]
[2023-03-27T21:21:38.224Z] > git for-each-ref --sort -committerdate --format %(refname) %(objectname) %(*objectname) [5ms]
[2023-03-27T21:21:38.230Z] > git config --get commit.template [1ms]
[2023-03-27T21:21:43.238Z] > git status -z -uall [2ms]
[2023-03-27T21:21:43.244Z] > git symbolic-ref --short HEAD [1ms]
[2023-03-27T21:21:43.250Z] > git for-each-ref --format=%(refname)%00%(upstream:short)%00%(objectname)%00%(upstream:track)%00%(upstream:remotename)%00%(upstream:remoteref) refs/heads/main refs/remotes/main [2ms]
[2023-03-27T21:21:43.259Z] > git for-each-ref --sort -committerdate --format %(refname) %(objectname) %(*objectname) [5ms]
[2023-03-27T21:21:43.259Z] > git remote --verbose [1ms]
[2023-03-27T21:21:43.266Z] > git config --get commit.template [1ms]
[2023-03-27T21:21:48.273Z] > git status -z -uall [2ms]
[2023-03-27T21:21:48.279Z] > git symbolic-ref --short HEAD [1ms]
[2023-03-27T21:21:48.285Z] > git for-each-ref --format=%(refname)%00%(upstream:short)%00%(objectname)%00%(upstream:track)%00%(upstream:remotename)%00%(upstream:remoteref) refs/heads/main refs/remotes/main [1ms]
[2023-03-27T21:21:48.293Z] > git for-each-ref --sort -committerdate --format %(refname) %(objectname) %(*objectname) [4ms]
[2023-03-27T21:21:48.294Z] > git remote --verbose [1ms]
[2023-03-27T21:21:48.300Z] > git config --get commit.template [1ms]
[2023-03-27T21:21:53.308Z] > git status -z -uall [3ms]
[2023-03-27T21:21:53.313Z] > git symbolic-ref --short HEAD [1ms]
[2023-03-27T21:21:53.319Z] > git for-each-ref --format=%(refname)%00%(upstream:short)%00%(objectname)%00%(upstream:track)%00%(upstream:remotename)%00%(upstream:remoteref) refs/heads/main refs/remotes/main [2ms]
[2023-03-27T21:21:53.328Z] > git for-each-ref --sort -committerdate --format %(refname) %(objectname) %(*objectname) [5ms]
[2023-03-27T21:21:53.328Z] > git remote --verbose [1ms]
[2023-03-27T21:21:53.335Z] > git config --get commit.template [1ms]
[2023-03-27T21:21:58.342Z] > git status -z -uall [2ms]
[2023-03-27T21:21:58.348Z] > git symbolic-ref --short HEAD [1ms]
[2023-03-27T21:21:58.353Z] > git for-each-ref --format=%(refname)%00%(upstream:short)%00%(objectname)%00%(upstream:track)%00%(upstream:remotename)%00%(upstream:remoteref) refs/heads/main refs/remotes/main [2ms]
[2023-03-27T21:21:58.361Z] > git for-each-ref --sort -committerdate --format %(refname) %(objectname) %(*objectname) [4ms]
[2023-03-27T21:21:58.361Z] > git remote --verbose [1ms]
[2023-03-27T21:21:58.368Z] > git config --get commit.template [2ms]
[2023-03-27T21:22:04.254Z] > git status -z -uall [3ms]
[2023-03-27T21:22:04.259Z] > git symbolic-ref --short HEAD [1ms]
[2023-03-27T21:22:04.264Z] > git for-each-ref --format=%(refname)%00%(upstream:short)%00%(objectname)%00%(upstream:track)%00%(upstream:remotename)%00%(upstream:remoteref) refs/heads/main refs/remotes/main [2ms]
[2023-03-27T21:22:04.271Z] > git for-each-ref --sort -committerdate --format %(refname) %(objectname) %(*objectname) [4ms]
[2023-03-27T21:22:04.272Z] > git remote --verbose [1ms]
[2023-03-27T21:22:04.279Z] > git config --get commit.template [1ms]
[2023-03-27T21:22:09.287Z] > git status -z -uall [3ms]
[2023-03-27T21:22:09.292Z] > git symbolic-ref --short HEAD [1ms]
[2023-03-27T21:22:09.297Z] > git for-each-ref --format=%(refname)%00%(upstream:short)%00%(objectname)%00%(upstream:track)%00%(upstream:remotename)%00%(upstream:remoteref) refs/heads/main refs/remotes/main [2ms]
[2023-03-27T21:22:09.305Z] > git for-each-ref --sort -committerdate --format %(refname) %(objectname) %(*objectname) [5ms]
[2023-03-27T21:22:09.305Z] > git remote --verbose [1ms]
[2023-03-27T21:22:09.312Z] > git config --get commit.template [1ms]
[2023-03-27T21:22:28.727Z] > git status -z -uall [2ms]
[2023-03-27T21:22:28.732Z] > git symbolic-ref --short HEAD [1ms]
[2023-03-27T21:22:28.738Z] > git for-each-ref --format=%(refname)%00%(upstream:short)%00%(objectname)%00%(upstream:track)%00%(upstream:remotename)%00%(upstream:remoteref) refs/heads/main refs/remotes/main [1ms]
[2023-03-27T21:22:28.746Z] > git for-each-ref --sort -committerdate --format %(refname) %(objectname) %(*objectname) [4ms]
[2023-03-27T21:22:28.747Z] > git remote --verbose [1ms]
[2023-03-27T21:22:28.753Z] > git config --get commit.template [1ms]
[2023-03-27T21:22:33.761Z] > git status -z -uall [2ms]
[2023-03-27T21:22:33.766Z] > git symbolic-ref --short HEAD [1ms]
[2023-03-27T21:22:33.771Z] > git for-each-ref --format=%(refname)%00%(upstream:short)%00%(objectname)%00%(upstream:track)%00%(upstream:remotename)%00%(upstream:remoteref) refs/heads/main refs/remotes/main [1ms]
[2023-03-27T21:22:33.780Z] > git for-each-ref --sort -committerdate --format %(refname) %(objectname) %(*objectname) [5ms]
[2023-03-27T21:22:33.780Z] > git remote --verbose [2ms]
[2023-03-27T21:22:33.787Z] > git config --get commit.template [1ms]
[2023-03-27T21:22:38.795Z] > git status -z -uall [2ms]
[2023-03-27T21:22:38.801Z] > git symbolic-ref --short HEAD [1ms]
[2023-03-27T21:22:38.806Z] > git for-each-ref --format=%(refname)%00%(upstream:short)%00%(objectname)%00%(upstream:track)%00%(upstream:remotename)%00%(upstream:remoteref) refs/heads/main refs/remotes/main [1ms]
[2023-03-27T21:22:38.815Z] > git for-each-ref --sort -committerdate --format %(refname) %(objectname) %(*objectname) [5ms]
[2023-03-27T21:22:38.815Z] > git remote --verbose [1ms]
[2023-03-27T21:22:38.821Z] > git config --get commit.template [1ms]
[2023-03-27T21:22:43.830Z] > git status -z -uall [3ms]
[2023-03-27T21:22:43.835Z] > git symbolic-ref --short HEAD [1ms]
[2023-03-27T21:22:43.840Z] > git for-each-ref --format=%(refname)%00%(upstream:short)%00%(objectname)%00%(upstream:track)%00%(upstream:remotename)%00%(upstream:remoteref) refs/heads/main refs/remotes/main [1ms]
[2023-03-27T21:22:43.848Z] > git for-each-ref --sort -committerdate --format %(refname) %(objectname) %(*objectname) [4ms]
[2023-03-27T21:22:43.848Z] > git remote --verbose [1ms]
[2023-03-27T21:22:43.854Z] > git config --get commit.template [1ms]
[2023-03-27T21:22:48.862Z] > git status -z -uall [2ms]
[2023-03-27T21:22:48.867Z] > git symbolic-ref --short HEAD [1ms]
[2023-03-27T21:22:48.872Z] > git for-each-ref --format=%(refname)%00%(upstream:short)%00%(objectname)%00%(upstream:track)%00%(upstream:remotename)%00%(upstream:remoteref) refs/heads/main refs/remotes/main [1ms]
[2023-03-27T21:22:48.882Z] > git for-each-ref --sort -committerdate --format %(refname) %(objectname) %(*objectname) [5ms]
[2023-03-27T21:22:48.882Z] > git remote --verbose [1ms]
[2023-03-27T21:22:48.889Z] > git config --get commit.template [1ms]
[2023-03-27T21:22:53.897Z] > git status -z -uall [3ms]
[2023-03-27T21:22:53.902Z] > git symbolic-ref --short HEAD [1ms]
[2023-03-27T21:22:53.907Z] > git for-each-ref --format=%(refname)%00%(upstream:short)%00%(objectname)%00%(upstream:track)%00%(upstream:remotename)%00%(upstream:remoteref) refs/heads/main refs/remotes/main [1ms]
[2023-03-27T21:22:53.916Z] > git for-each-ref --sort -committerdate --format %(refname) %(objectname) %(*objectname) [5ms]
[2023-03-27T21:22:53.916Z] > git remote --verbose [1ms]
[2023-03-27T21:22:53.923Z] > git config --get commit.template [1ms]
[2023-03-27T21:22:58.931Z] > git status -z -uall [3ms]
[2023-03-27T21:22:58.936Z] > git symbolic-ref --short HEAD [1ms]
[2023-03-27T21:22:58.941Z] > git for-each-ref --format=%(refname)%00%(upstream:short)%00%(objectname)%00%(upstream:track)%00%(upstream:remotename)%00%(upstream:remoteref) refs/heads/main refs/remotes/main [1ms]
[2023-03-27T21:22:58.950Z] > git for-each-ref --sort -committerdate --format %(refname) %(objectname) %(*objectname) [5ms]
[2023-03-27T21:22:58.950Z] > git remote --verbose [1ms]
[2023-03-27T21:22:58.957Z] > git config --get commit.template [1ms]
[2023-03-27T21:23:03.964Z] > git status -z -uall [2ms]
[2023-03-27T21:23:03.969Z] > git symbolic-ref --short HEAD [1ms]
[2023-03-27T21:23:03.974Z] > git for-each-ref --format=%(refname)%00%(upstream:short)%00%(objectname)%00%(upstream:track)%00%(upstream:remotename)%00%(upstream:remoteref) refs/heads/main refs/remotes/main [1ms]
[2023-03-27T21:23:03.982Z] > git for-each-ref --sort -committerdate --format %(refname) %(objectname) %(*objectname) [4ms]
[2023-03-27T21:23:03.983Z] > git remote --verbose [1ms]
[2023-03-27T21:23:03.990Z] > git config --get commit.template [1ms]
[2023-03-27T21:23:08.996Z] > git status -z -uall [2ms]
[2023-03-27T21:23:09.002Z] > git symbolic-ref --short HEAD [1ms]
[2023-03-27T21:23:09.007Z] > git for-each-ref --format=%(refname)%00%(upstream:short)%00%(objectname)%00%(upstream:track)%00%(upstream:remotename)%00%(upstream:remoteref) refs/heads/main refs/remotes/main [1ms]
[2023-03-27T21:23:09.016Z] > git for-each-ref --sort -committerdate --format %(refname) %(objectname) %(*objectname) [5ms]
[2023-03-27T21:23:09.016Z] > git remote --verbose [1ms]
[2023-03-27T21:23:09.024Z] > git config --get commit.template [1ms]
[2023-03-27T21:23:14.032Z] > git status -z -uall [3ms]
[2023-03-27T21:23:14.038Z] > git symbolic-ref --short HEAD [1ms]
[2023-03-27T21:23:14.079Z] > git for-each-ref --format=%(refname)%00%(upstream:short)%00%(objectname)%00%(upstream:track)%00%(upstream:remotename)%00%(upstream:remoteref) refs/heads/main refs/remotes/main [1ms]
[2023-03-27T21:23:14.090Z] > git for-each-ref --sort -committerdate --format %(refname) %(objectname) %(*objectname) [6ms]
[2023-03-27T21:23:14.090Z] > git remote --verbose [1ms]
[2023-03-27T21:23:14.097Z] > git config --get commit.template [1ms]
[2023-03-27T21:23:19.105Z] > git status -z -uall [3ms]
[2023-03-27T21:23:19.111Z] > git symbolic-ref --short HEAD [2ms]
[2023-03-27T21:23:19.116Z] > git for-each-ref --format=%(refname)%00%(upstream:short)%00%(objectname)%00%(upstream:track)%00%(upstream:remotename)%00%(upstream:remoteref) refs/heads/main refs/remotes/main [1ms]
[2023-03-27T21:23:19.126Z] > git for-each-ref --sort -committerdate --format %(refname) %(objectname) %(*objectname) [5ms]
[2023-03-27T21:23:19.127Z] > git remote --verbose [1ms]
[2023-03-27T21:23:19.133Z] > git config --get commit.template [1ms]
[2023-03-27T21:23:24.141Z] > git status -z -uall [2ms]
[2023-03-27T21:23:24.146Z] > git symbolic-ref --short HEAD [1ms]
[2023-03-27T21:23:24.151Z] > git for-each-ref --format=%(refname)%00%(upstream:short)%00%(objectname)%00%(upstream:track)%00%(upstream:remotename)%00%(upstream:remoteref) refs/heads/main refs/remotes/main [1ms]
[2023-03-27T21:23:24.159Z] > git for-each-ref --sort -committerdate --format %(refname) %(objectname) %(*objectname) [4ms]
[2023-03-27T21:23:24.160Z] > git remote --verbose [2ms]
[2023-03-27T21:23:24.166Z] > git config --get commit.template [1ms]
[2023-03-27T21:23:29.174Z] > git status -z -uall [2ms]
[2023-03-27T21:23:29.180Z] > git symbolic-ref --short HEAD [2ms]
[2023-03-27T21:23:29.185Z] > git for-each-ref --format=%(refname)%00%(upstream:short)%00%(objectname)%00%(upstream:track)%00%(upstream:remotename)%00%(upstream:remoteref) refs/heads/main refs/remotes/main [1ms]
[2023-03-27T21:23:29.193Z] > git for-each-ref --sort -committerdate --format %(refname) %(objectname) %(*objectname) [4ms]
[2023-03-27T21:23:29.193Z] > git remote --verbose [1ms]
[2023-03-27T21:23:29.199Z] > git config --get commit.template [1ms]
[2023-03-27T21:23:34.207Z] > git status -z -uall [2ms]
[2023-03-27T21:23:34.213Z] > git symbolic-ref --short HEAD [1ms]
[2023-03-27T21:23:34.218Z] > git for-each-ref --format=%(refname)%00%(upstream:short)%00%(objectname)%00%(upstream:track)%00%(upstream:remotename)%00%(upstream:remoteref) refs/heads/main refs/remotes/main [1ms]
[2023-03-27T21:23:34.225Z] > git for-each-ref --sort -committerdate --format %(refname) %(objectname) %(*objectname) [4ms]
[2023-03-27T21:23:34.226Z] > git remote --verbose [1ms]
[2023-03-27T21:23:34.232Z] > git config --get commit.template [1ms]
[2023-03-27T21:23:39.240Z] > git status -z -uall [3ms]
[2023-03-27T21:23:39.245Z] > git symbolic-ref --short HEAD [1ms]
[2023-03-27T21:23:39.250Z] > git for-each-ref --format=%(refname)%00%(upstream:short)%00%(objectname)%00%(upstream:track)%00%(upstream:remotename)%00%(upstream:remoteref) refs/heads/main refs/remotes/main [1ms]
[2023-03-27T21:23:39.258Z] > git for-each-ref --sort -committerdate --format %(refname) %(objectname) %(*objectname) [4ms]
[2023-03-27T21:23:39.258Z] > git remote --verbose [1ms]
[2023-03-27T21:23:39.264Z] > git config --get commit.template [1ms]
[2023-03-27T21:23:44.272Z] > git status -z -uall [2ms]
[2023-03-27T21:23:44.278Z] > git symbolic-ref --short HEAD [1ms]
[2023-03-27T21:23:44.283Z] > git for-each-ref --format=%(refname)%00%(upstream:short)%00%(objectname)%00%(upstream:track)%00%(upstream:remotename)%00%(upstream:remoteref) refs/heads/main refs/remotes/main [1ms]
[2023-03-27T21:23:44.291Z] > git for-each-ref --sort -committerdate --format %(refname) %(objectname) %(*objectname) [4ms]
[2023-03-27T21:23:44.292Z] > git remote --verbose [1ms]
[2023-03-27T21:23:44.298Z] > git config --get commit.template [1ms]
[2023-03-27T21:23:49.306Z] > git status -z -uall [3ms]
[2023-03-27T21:23:49.311Z] > git symbolic-ref --short HEAD [1ms]
[2023-03-27T21:23:49.316Z] > git for-each-ref --format=%(refname)%00%(upstream:short)%00%(objectname)%00%(upstream:track)%00%(upstream:remotename)%00%(upstream:remoteref) refs/heads/main refs/remotes/main [1ms]
[2023-03-27T21:23:49.325Z] > git for-each-ref --sort -committerdate --format %(refname) %(objectname) %(*objectname) [5ms]
[2023-03-27T21:23:49.326Z] > git remote --verbose [1ms]
[2023-03-27T21:23:49.332Z] > git config --get commit.template [1ms]
[2023-03-27T21:23:54.340Z] > git status -z -uall [3ms]
[2023-03-27T21:23:54.345Z] > git symbolic-ref --short HEAD [1ms]
[2023-03-27T21:23:54.349Z] > git for-each-ref --format=%(refname)%00%(upstream:short)%00%(objectname)%00%(upstream:track)%00%(upstream:remotename)%00%(upstream:remoteref) refs/heads/main refs/remotes/main [1ms]
[2023-03-27T21:23:54.357Z] > git for-each-ref --sort -committerdate --format %(refname) %(objectname) %(*objectname) [4ms]
[2023-03-27T21:23:54.358Z] > git remote --verbose [1ms]
[2023-03-27T21:23:54.364Z] > git config --get commit.template [1ms]
[2023-03-27T21:23:59.371Z] > git status -z -uall [2ms]
[2023-03-27T21:23:59.376Z] > git symbolic-ref --short HEAD [1ms]
[2023-03-27T21:23:59.381Z] > git for-each-ref --format=%(refname)%00%(upstream:short)%00%(objectname)%00%(upstream:track)%00%(upstream:remotename)%00%(upstream:remoteref) refs/heads/main refs/remotes/main [1ms]
[2023-03-27T21:23:59.389Z] > git for-each-ref --sort -committerdate --format %(refname) %(objectname) %(*objectname) [4ms]
[2023-03-27T21:23:59.390Z] > git remote --verbose [1ms]
[2023-03-27T21:23:59.396Z] > git config --get commit.template [1ms]
[2023-03-27T21:24:04.403Z] > git status -z -uall [2ms]
[2023-03-27T21:24:04.408Z] > git symbolic-ref --short HEAD [1ms]
[2023-03-27T21:24:04.413Z] > git for-each-ref --format=%(refname)%00%(upstream:short)%00%(objectname)%00%(upstream:track)%00%(upstream:remotename)%00%(upstream:remoteref) refs/heads/main refs/remotes/main [1ms]
[2023-03-27T21:24:04.420Z] > git for-each-ref --sort -committerdate --format %(refname) %(objectname) %(*objectname) [4ms]
[2023-03-27T21:24:04.421Z] > git remote --verbose [1ms]
[2023-03-27T21:24:04.428Z] > git config --get commit.template [1ms]
[2023-03-27T21:24:09.435Z] > git status -z -uall [2ms]
[2023-03-27T21:24:09.441Z] > git symbolic-ref --short HEAD [2ms]
[2023-03-27T21:24:09.447Z] > git for-each-ref --format=%(refname)%00%(upstream:short)%00%(objectname)%00%(upstream:track)%00%(upstream:remotename)%00%(upstream:remoteref) refs/heads/main refs/remotes/main [2ms]
[2023-03-27T21:24:09.456Z] > git for-each-ref --sort -committerdate --format %(refname) %(objectname) %(*objectname) [5ms]
[2023-03-27T21:24:09.457Z] > git remote --verbose [2ms]
[2023-03-27T21:24:09.464Z] > git config --get commit.template [1ms]
[2023-03-27T21:24:20.493Z] > git status -z -uall [2ms]
[2023-03-27T21:24:20.499Z] > git symbolic-ref --short HEAD [2ms]
[2023-03-27T21:24:20.504Z] > git for-each-ref --format=%(refname)%00%(upstream:short)%00%(objectname)%00%(upstream:track)%00%(upstream:remotename)%00%(upstream:remoteref) refs/heads/main refs/remotes/main [1ms]
[2023-03-27T21:24:20.512Z] > git for-each-ref --sort -committerdate --format %(refname) %(objectname) %(*objectname) [4ms]
[2023-03-27T21:24:20.513Z] > git remote --verbose [1ms]
[2023-03-27T21:24:20.520Z] > git config --get commit.template [1ms]
[2023-03-27T21:24:25.527Z] > git status -z -uall [2ms]
[2023-03-27T21:24:25.533Z] > git symbolic-ref --short HEAD [1ms]
[2023-03-27T21:24:25.538Z] > git for-each-ref --format=%(refname)%00%(upstream:short)%00%(objectname)%00%(upstream:track)%00%(upstream:remotename)%00%(upstream:remoteref) refs/heads/main refs/remotes/main [1ms]
[2023-03-27T21:24:25.546Z] > git for-each-ref --sort -committerdate --format %(refname) %(objectname) %(*objectname) [5ms]
[2023-03-27T21:24:25.546Z] > git remote --verbose [1ms]
[2023-03-27T21:24:25.554Z] > git config --get commit.template [1ms]
[2023-03-27T21:24:30.562Z] > git status -z -uall [2ms]
[2023-03-27T21:24:30.567Z] > git symbolic-ref --short HEAD [1ms]
[2023-03-27T21:24:30.573Z] > git for-each-ref --format=%(refname)%00%(upstream:short)%00%(objectname)%00%(upstream:track)%00%(upstream:remotename)%00%(upstream:remoteref) refs/heads/main refs/remotes/main [2ms]
[2023-03-27T21:24:30.580Z] > git for-each-ref --sort -committerdate --format %(refname) %(objectname) %(*objectname) [4ms]
[2023-03-27T21:24:30.581Z] > git remote --verbose [1ms]
[2023-03-27T21:24:30.587Z] > git config --get commit.template [1ms]
[2023-03-27T21:24:34.285Z] > git show --textconv :mock-mlflow/mock-train.py [7ms]
[2023-03-27T21:24:34.287Z] > git ls-files --stage -- /mnt/code/mock-mlflow/mock-train.py [4ms]
[2023-03-27T21:24:35.599Z] > git status -z -uall [3ms]
[2023-03-27T21:24:35.608Z] > git symbolic-ref --short HEAD [1ms]
[2023-03-27T21:24:35.618Z] > git for-each-ref --format=%(refname)%00%(upstream:short)%00%(objectname)%00%(upstream:track)%00%(upstream:remotename)%00%(upstream:remoteref) refs/heads/main refs/remotes/main [1ms]
[2023-03-27T21:24:35.635Z] > git for-each-ref --sort -committerdate --format %(refname) %(objectname) %(*objectname) [9ms]
[2023-03-27T21:24:35.635Z] > git remote --verbose [1ms]
[2023-03-27T21:24:35.648Z] > git config --get commit.template [1ms]
[2023-03-27T21:24:40.660Z] > git status -z -uall [2ms]
[2023-03-27T21:24:40.669Z] > git symbolic-ref --short HEAD [1ms]
[2023-03-27T21:24:40.679Z] > git for-each-ref --format=%(refname)%00%(upstream:short)%00%(objectname)%00%(upstream:track)%00%(upstream:remotename)%00%(upstream:remoteref) refs/heads/main refs/remotes/main [1ms]
[2023-03-27T21:24:40.696Z] > git for-each-ref --sort -committerdate --format %(refname) %(objectname) %(*objectname) [9ms]
[2023-03-27T21:24:40.696Z] > git remote --verbose [1ms]
[2023-03-27T21:24:40.708Z] > git config --get commit.template [1ms]
[2023-03-27T21:24:45.719Z] > git status -z -uall [2ms]
[2023-03-27T21:24:45.729Z] > git symbolic-ref --short HEAD [1ms]
[2023-03-27T21:24:45.738Z] > git for-each-ref --format=%(refname)%00%(upstream:short)%00%(objectname)%00%(upstream:track)%00%(upstream:remotename)%00%(upstream:remoteref) refs/heads/main refs/remotes/main [1ms]
[2023-03-27T21:24:45.755Z] > git for-each-ref --sort -committerdate --format %(refname) %(objectname) %(*objectname) [9ms]
[2023-03-27T21:24:45.755Z] > git remote --verbose [1ms]
[2023-03-27T21:24:45.767Z] > git config --get commit.template [1ms]
[2023-03-27T21:24:50.779Z] > git status -z -uall [3ms]
[2023-03-27T21:24:50.786Z] > git symbolic-ref --short HEAD [1ms]
[2023-03-27T21:24:50.794Z] > git for-each-ref --format=%(refname)%00%(upstream:short)%00%(objectname)%00%(upstream:track)%00%(upstream:remotename)%00%(upstream:remoteref) refs/heads/main refs/remotes/main [1ms]
[2023-03-27T21:24:50.806Z] > git for-each-ref --sort -committerdate --format %(refname) %(objectname) %(*objectname) [6ms]
[2023-03-27T21:24:50.806Z] > git remote --verbose [1ms]
[2023-03-27T21:24:50.816Z] > git config --get commit.template [2ms]
[2023-03-27T21:24:55.825Z] > git status -z -uall [2ms]
[2023-03-27T21:24:55.832Z] > git symbolic-ref --short HEAD [2ms]
[2023-03-27T21:24:55.838Z] > git for-each-ref --format=%(refname)%00%(upstream:short)%00%(objectname)%00%(upstream:track)%00%(upstream:remotename)%00%(upstream:remoteref) refs/heads/main refs/remotes/main [2ms]
[2023-03-27T21:24:55.849Z] > git for-each-ref --sort -committerdate --format %(refname) %(objectname) %(*objectname) [6ms]
[2023-03-27T21:24:55.849Z] > git remote --verbose [1ms]
[2023-03-27T21:24:55.857Z] > git config --get commit.template [1ms]
[2023-03-27T21:25:00.867Z] > git status -z -uall [3ms]
[2023-03-27T21:25:00.873Z] > git symbolic-ref --short HEAD [1ms]
[2023-03-27T21:25:00.879Z] > git for-each-ref --format=%(refname)%00%(upstream:short)%00%(objectname)%00%(upstream:track)%00%(upstream:remotename)%00%(upstream:remoteref) refs/heads/main refs/remotes/main [1ms]
[2023-03-27T21:25:00.891Z] > git for-each-ref --sort -committerdate --format %(refname) %(objectname) %(*objectname) [7ms]
[2023-03-27T21:25:00.891Z] > git remote --verbose [1ms]
[2023-03-27T21:25:00.900Z] > git config --get commit.template [1ms]
[2023-03-27T21:25:05.911Z] > git status -z -uall [2ms]
[2023-03-27T21:25:05.917Z] > git symbolic-ref --short HEAD [1ms]
[2023-03-27T21:25:05.925Z] > git for-each-ref --format=%(refname)%00%(upstream:short)%00%(objectname)%00%(upstream:track)%00%(upstream:remotename)%00%(upstream:remoteref) refs/heads/main refs/remotes/main [1ms]
[2023-03-27T21:25:05.937Z] > git for-each-ref --sort -committerdate --format %(refname) %(objectname) %(*objectname) [6ms]
[2023-03-27T21:25:05.937Z] > git remote --verbose [1ms]
[2023-03-27T21:25:05.945Z] > git config --get commit.template [1ms]
[2023-03-27T21:25:10.955Z] > git status -z -uall [3ms]
[2023-03-27T21:25:10.961Z] > git symbolic-ref --short HEAD [1ms]
[2023-03-27T21:25:10.967Z] > git for-each-ref --format=%(refname)%00%(upstream:short)%00%(objectname)%00%(upstream:track)%00%(upstream:remotename)%00%(upstream:remoteref) refs/heads/main refs/remotes/main [1ms]
[2023-03-27T21:25:10.978Z] > git for-each-ref --sort -committerdate --format %(refname) %(objectname) %(*objectname) [6ms]
[2023-03-27T21:25:10.978Z] > git remote --verbose [1ms]
[2023-03-27T21:25:10.986Z] > git config --get commit.template [1ms]
[2023-03-27T21:25:15.996Z] > git status -z -uall [3ms]
[2023-03-27T21:25:16.001Z] > git symbolic-ref --short HEAD [1ms]
[2023-03-27T21:25:16.007Z] > git for-each-ref --format=%(refname)%00%(upstream:short)%00%(objectname)%00%(upstream:track)%00%(upstream:remotename)%00%(upstream:remoteref) refs/heads/main refs/remotes/main [1ms]
[2023-03-27T21:25:16.018Z] > git for-each-ref --sort -committerdate --format %(refname) %(objectname) %(*objectname) [6ms]
[2023-03-27T21:25:16.018Z] > git remote --verbose [1ms]
[2023-03-27T21:25:16.027Z] > git config --get commit.template [0ms]
[2023-03-27T21:25:21.036Z] > git status -z -uall [2ms]
[2023-03-27T21:25:21.043Z] > git symbolic-ref --short HEAD [1ms]
[2023-03-27T21:25:21.049Z] > git for-each-ref --format=%(refname)%00%(upstream:short)%00%(objectname)%00%(upstream:track)%00%(upstream:remotename)%00%(upstream:remoteref) refs/heads/main refs/remotes/main [1ms]
[2023-03-27T21:25:21.060Z] > git for-each-ref --sort -committerdate --format %(refname) %(objectname) %(*objectname) [6ms]
[2023-03-27T21:25:21.061Z] > git remote --verbose [2ms]
[2023-03-27T21:25:21.068Z] > git config --get commit.template [1ms]
[2023-03-27T21:25:26.077Z] > git status -z -uall [3ms]
[2023-03-27T21:25:26.083Z] > git symbolic-ref --short HEAD [1ms]
[2023-03-27T21:25:26.090Z] > git for-each-ref --format=%(refname)%00%(upstream:short)%00%(objectname)%00%(upstream:track)%00%(upstream:remotename)%00%(upstream:remoteref) refs/heads/main refs/remotes/main [2ms]
[2023-03-27T21:25:26.100Z] > git for-each-ref --sort -committerdate --format %(refname) %(objectname) %(*objectname) [5ms]
[2023-03-27T21:25:26.101Z] > git remote --verbose [2ms]
[2023-03-27T21:25:26.108Z] > git config --get commit.template [1ms]
[2023-03-27T21:25:31.117Z] > git status -z -uall [2ms]
[2023-03-27T21:25:31.123Z] > git symbolic-ref --short HEAD [2ms]
[2023-03-27T21:25:31.129Z] > git for-each-ref --format=%(refname)%00%(upstream:short)%00%(objectname)%00%(upstream:track)%00%(upstream:remotename)%00%(upstream:remoteref) refs/heads/main refs/remotes/main [1ms]
[2023-03-27T21:25:31.140Z] > git for-each-ref --sort -committerdate --format %(refname) %(objectname) %(*objectname) [6ms]
[2023-03-27T21:25:31.140Z] > git remote --verbose [1ms]
[2023-03-27T21:25:31.149Z] > git config --get commit.template [0ms]
[2023-03-27T21:25:36.159Z] > git status -z -uall [3ms]
[2023-03-27T21:25:36.166Z] > git symbolic-ref --short HEAD [2ms]
[2023-03-27T21:25:36.174Z] > git for-each-ref --format=%(refname)%00%(upstream:short)%00%(objectname)%00%(upstream:track)%00%(upstream:remotename)%00%(upstream:remoteref) refs/heads/main refs/remotes/main [1ms]
[2023-03-27T21:25:36.185Z] > git for-each-ref --sort -committerdate --format %(refname) %(objectname) %(*objectname) [6ms]
[2023-03-27T21:25:36.186Z] > git remote --verbose [2ms]
[2023-03-27T21:25:36.195Z] > git config --get commit.template [1ms]
[2023-03-27T21:36:37.065Z] > git status -z -uall [2ms]
[2023-03-27T21:36:37.072Z] > git symbolic-ref --short HEAD [1ms]
[2023-03-27T21:36:37.081Z] > git for-each-ref --format=%(refname)%00%(upstream:short)%00%(objectname)%00%(upstream:track)%00%(upstream:remotename)%00%(upstream:remoteref) refs/heads/main refs/remotes/main [2ms]
[2023-03-27T21:36:37.094Z] > git for-each-ref --sort -committerdate --format %(refname) %(objectname) %(*objectname) [7ms]
[2023-03-27T21:36:37.094Z] > git remote --verbose [1ms]
[2023-03-27T21:36:37.103Z] > git config --get commit.template [1ms]
[2023-03-27T21:36:42.114Z] > git status -z -uall [3ms]
[2023-03-27T21:36:42.121Z] > git symbolic-ref --short HEAD [2ms]
[2023-03-27T21:36:42.129Z] > git for-each-ref --format=%(refname)%00%(upstream:short)%00%(objectname)%00%(upstream:track)%00%(upstream:remotename)%00%(upstream:remoteref) refs/heads/main refs/remotes/main [3ms]
[2023-03-27T21:36:42.142Z] > git for-each-ref --sort -committerdate --format %(refname) %(objectname) %(*objectname) [7ms]
[2023-03-27T21:36:42.142Z] > git remote --verbose [1ms]
[2023-03-27T21:36:42.151Z] > git config --get commit.template [1ms]
[2023-03-27T21:36:47.161Z] > git status -z -uall [2ms]
[2023-03-27T21:36:47.167Z] > git symbolic-ref --short HEAD [1ms]
[2023-03-27T21:36:47.173Z] > git for-each-ref --format=%(refname)%00%(upstream:short)%00%(objectname)%00%(upstream:track)%00%(upstream:remotename)%00%(upstream:remoteref) refs/heads/main refs/remotes/main [1ms]
[2023-03-27T21:36:47.183Z] > git for-each-ref --sort -committerdate --format %(refname) %(objectname) %(*objectname) [5ms]
[2023-03-27T21:36:47.184Z] > git remote --verbose [2ms]
[2023-03-27T21:36:47.192Z] > git config --get commit.template [2ms]
[2023-03-27T21:37:29.781Z] > git status -z -uall [3ms]
[2023-03-27T21:37:29.787Z] > git symbolic-ref --short HEAD [1ms]
[2023-03-27T21:37:29.793Z] > git for-each-ref --format=%(refname)%00%(upstream:short)%00%(objectname)%00%(upstream:track)%00%(upstream:remotename)%00%(upstream:remoteref) refs/heads/main refs/remotes/main [1ms]
[2023-03-27T21:37:29.804Z] > git for-each-ref --sort -committerdate --format %(refname) %(objectname) %(*objectname) [6ms]
[2023-03-27T21:37:29.804Z] > git remote --verbose [1ms]
[2023-03-27T21:37:29.812Z] > git config --get commit.template [0ms]
[2023-03-27T21:37:34.821Z] > git status -z -uall [3ms]
[2023-03-27T21:37:34.828Z] > git symbolic-ref --short HEAD [2ms]
[2023-03-27T21:37:34.834Z] > git for-each-ref --format=%(refname)%00%(upstream:short)%00%(objectname)%00%(upstream:track)%00%(upstream:remotename)%00%(upstream:remoteref) refs/heads/main refs/remotes/main [2ms]
[2023-03-27T21:37:34.844Z] > git for-each-ref --sort -committerdate --format %(refname) %(objectname) %(*objectname) [5ms]
[2023-03-27T21:37:34.844Z] > git remote --verbose [1ms]
[2023-03-27T21:37:34.852Z] > git config --get commit.template [1ms]
[2023-03-27T21:37:39.859Z] > git status -z -uall [2ms]
[2023-03-27T21:37:39.866Z] > git symbolic-ref --short HEAD [1ms]
[2023-03-27T21:37:39.872Z] > git for-each-ref --format=%(refname)%00%(upstream:short)%00%(objectname)%00%(upstream:track)%00%(upstream:remotename)%00%(upstream:remoteref) refs/heads/main refs/remotes/main [1ms]
[2023-03-27T21:37:39.883Z] > git for-each-ref --sort -committerdate --format %(refname) %(objectname) %(*objectname) [6ms]
[2023-03-27T21:37:39.883Z] > git remote --verbose [1ms]
[2023-03-27T21:37:39.894Z] > git config --get commit.template [2ms]
[2023-03-27T21:37:44.902Z] > git status -z -uall [2ms]
[2023-03-27T21:37:44.908Z] > git symbolic-ref --short HEAD [1ms]
[2023-03-27T21:37:44.915Z] > git for-each-ref --format=%(refname)%00%(upstream:short)%00%(objectname)%00%(upstream:track)%00%(upstream:remotename)%00%(upstream:remoteref) refs/heads/main refs/remotes/main [2ms]
[2023-03-27T21:37:44.926Z] > git for-each-ref --sort -committerdate --format %(refname) %(objectname) %(*objectname) [6ms]
[2023-03-27T21:37:44.926Z] > git remote --verbose [1ms]
[2023-03-27T21:37:44.935Z] > git config --get commit.template [1ms]
[2023-03-27T21:37:49.943Z] > git status -z -uall [2ms]
[2023-03-27T21:37:49.949Z] > git symbolic-ref --short HEAD [1ms]
[2023-03-27T21:37:49.957Z] > git for-each-ref --format=%(refname)%00%(upstream:short)%00%(objectname)%00%(upstream:track)%00%(upstream:remotename)%00%(upstream:remoteref) refs/heads/main refs/remotes/main [2ms]
[2023-03-27T21:37:49.968Z] > git for-each-ref --sort -committerdate --format %(refname) %(objectname) %(*objectname) [7ms]
[2023-03-27T21:37:49.969Z] > git remote --verbose [2ms]
[2023-03-27T21:37:49.977Z] > git config --get commit.template [1ms]
[2023-03-27T21:37:54.986Z] > git status -z -uall [2ms]
[2023-03-27T21:37:54.993Z] > git symbolic-ref --short HEAD [1ms]
[2023-03-27T21:37:54.999Z] > git for-each-ref --format=%(refname)%00%(upstream:short)%00%(objectname)%00%(upstream:track)%00%(upstream:remotename)%00%(upstream:remoteref) refs/heads/main refs/remotes/main [1ms]
[2023-03-27T21:37:55.010Z] > git for-each-ref --sort -committerdate --format %(refname) %(objectname) %(*objectname) [6ms]
[2023-03-27T21:37:55.010Z] > git remote --verbose [1ms]
[2023-03-27T21:37:55.017Z] > git config --get commit.template [0ms]
[2023-03-27T21:38:00.031Z] > git status -z -uall [2ms]
[2023-03-27T21:38:00.038Z] > git symbolic-ref --short HEAD [1ms]
[2023-03-27T21:38:00.044Z] > git for-each-ref --format=%(refname)%00%(upstream:short)%00%(objectname)%00%(upstream:track)%00%(upstream:remotename)%00%(upstream:remoteref) refs/heads/main refs/remotes/main [1ms]
[2023-03-27T21:38:00.055Z] > git for-each-ref --sort -committerdate --format %(refname) %(objectname) %(*objectname) [6ms]
[2023-03-27T21:38:00.055Z] > git remote --verbose [1ms]
[2023-03-27T21:38:00.063Z] > git config --get commit.template [1ms]
[2023-03-27T21:38:05.072Z] > git status -z -uall [3ms]
[2023-03-27T21:38:05.079Z] > git symbolic-ref --short HEAD [2ms]
[2023-03-27T21:38:05.085Z] > git for-each-ref --format=%(refname)%00%(upstream:short)%00%(objectname)%00%(upstream:track)%00%(upstream:remotename)%00%(upstream:remoteref) refs/heads/main refs/remotes/main [1ms]
[2023-03-27T21:38:05.096Z] > git for-each-ref --sort -committerdate --format %(refname) %(objectname) %(*objectname) [6ms]
[2023-03-27T21:38:05.096Z] > git remote --verbose [1ms]
[2023-03-27T21:38:05.104Z] > git config --get commit.template [1ms]
[2023-03-27T21:38:10.112Z] > git status -z -uall [2ms]
[2023-03-27T21:38:10.120Z] > git symbolic-ref --short HEAD [2ms]
[2023-03-27T21:38:10.129Z] > git for-each-ref --format=%(refname)%00%(upstream:short)%00%(objectname)%00%(upstream:track)%00%(upstream:remotename)%00%(upstream:remoteref) refs/heads/main refs/remotes/main [2ms]
[2023-03-27T21:38:10.145Z] > git for-each-ref --sort -committerdate --format %(refname) %(objectname) %(*objectname) [9ms]
[2023-03-27T21:38:10.146Z] > git remote --verbose [2ms]
[2023-03-27T21:38:10.158Z] > git config --get commit.template [2ms]
[2023-03-27T21:38:15.168Z] > git status -z -uall [2ms]
[2023-03-27T21:38:15.174Z] > git symbolic-ref --short HEAD [1ms]
[2023-03-27T21:38:15.181Z] > git for-each-ref --format=%(refname)%00%(upstream:short)%00%(objectname)%00%(upstream:track)%00%(upstream:remotename)%00%(upstream:remoteref) refs/heads/main refs/remotes/main [2ms]
[2023-03-27T21:38:15.192Z] > git for-each-ref --sort -committerdate --format %(refname) %(objectname) %(*objectname) [6ms]
[2023-03-27T21:38:15.192Z] > git remote --verbose [1ms]
[2023-03-27T21:38:15.200Z] > git config --get commit.template [1ms]
[2023-03-27T21:38:19.067Z] > git show --textconv :mock-mlflow/README.md [11ms]
[2023-03-27T21:38:19.068Z] > git ls-files --stage -- /mnt/code/mock-mlflow/README.md [2ms]
[2023-03-27T21:38:20.210Z] > git status -z -uall [3ms]
[2023-03-27T21:38:20.216Z] > git symbolic-ref --short HEAD [1ms]
[2023-03-27T21:38:20.223Z] > git for-each-ref --format=%(refname)%00%(upstream:short)%00%(objectname)%00%(upstream:track)%00%(upstream:remotename)%00%(upstream:remoteref) refs/heads/main refs/remotes/main [1ms]
[2023-03-27T21:38:20.235Z] > git for-each-ref --sort -committerdate --format %(refname) %(objectname) %(*objectname) [7ms]
[2023-03-27T21:38:20.235Z] > git remote --verbose [1ms]
[2023-03-27T21:38:20.243Z] > git config --get commit.template [1ms]
[2023-03-27T21:38:24.930Z] > git show --textconv :mock-mlflow/model.pt [6ms]
[2023-03-27T21:38:24.930Z] > git ls-files --stage -- /mnt/code/mock-mlflow/model.pt [1ms]
[2023-03-27T21:38:25.252Z] > git status -z -uall [2ms]
[2023-03-27T21:38:25.259Z] > git symbolic-ref --short HEAD [1ms]
[2023-03-27T21:38:25.266Z] > git for-each-ref --format=%(refname)%00%(upstream:short)%00%(objectname)%00%(upstream:track)%00%(upstream:remotename)%00%(upstream:remoteref) refs/heads/main refs/remotes/main [1ms]
[2023-03-27T21:38:25.280Z] > git for-each-ref --sort -committerdate --format %(refname) %(objectname) %(*objectname) [7ms]
[2023-03-27T21:38:25.281Z] > git remote --verbose [2ms]
[2023-03-27T21:38:25.289Z] > git config --get commit.template [1ms]
[2023-03-27T21:38:26.217Z] > git show --textconv :mock-mlflow/mock-train.py [7ms]
[2023-03-27T21:38:26.218Z] > git ls-files --stage -- /mnt/code/mock-mlflow/mock-train.py [2ms]
[2023-03-27T21:38:30.298Z] > git status -z -uall [3ms]
[2023-03-27T21:38:30.305Z] > git symbolic-ref --short HEAD [1ms]
[2023-03-27T21:38:30.312Z] > git for-each-ref --format=%(refname)%00%(upstream:short)%00%(objectname)%00%(upstream:track)%00%(upstream:remotename)%00%(upstream:remoteref) refs/heads/main refs/remotes/main [1ms]
[2023-03-27T21:38:30.325Z] > git for-each-ref --sort -committerdate --format %(refname) %(objectname) %(*objectname) [7ms]
[2023-03-27T21:38:30.326Z] > git remote --verbose [2ms]
[2023-03-27T21:38:30.334Z] > git config --get commit.template [1ms]
[2023-03-27T21:38:35.344Z] > git status -z -uall [3ms]
[2023-03-27T21:38:35.351Z] > git symbolic-ref --short HEAD [1ms]
[2023-03-27T21:38:35.357Z] > git for-each-ref --format=%(refname)%00%(upstream:short)%00%(objectname)%00%(upstream:track)%00%(upstream:remotename)%00%(upstream:remoteref) refs/heads/main refs/remotes/main [1ms]
[2023-03-27T21:38:35.369Z] > git for-each-ref --sort -committerdate --format %(refname) %(objectname) %(*objectname) [6ms]
[2023-03-27T21:38:35.369Z] > git remote --verbose [1ms]
[2023-03-27T21:38:35.377Z] > git config --get commit.template [1ms]
[2023-03-27T21:38:40.387Z] > git status -z -uall [3ms]
[2023-03-27T21:38:40.394Z] > git symbolic-ref --short HEAD [1ms]
[2023-03-27T21:38:40.400Z] > git for-each-ref --format=%(refname)%00%(upstream:short)%00%(objectname)%00%(upstream:track)%00%(upstream:remotename)%00%(upstream:remoteref) refs/heads/main refs/remotes/main [1ms]
[2023-03-27T21:38:40.413Z] > git for-each-ref --sort -committerdate --format %(refname) %(objectname) %(*objectname) [7ms]
[2023-03-27T21:38:40.413Z] > git remote --verbose [1ms]
[2023-03-27T21:38:40.422Z] > git config --get commit.template [1ms]
[2023-03-27T21:39:05.734Z] > git status -z -uall [3ms]
[2023-03-27T21:39:05.740Z] > git symbolic-ref --short HEAD [1ms]
[2023-03-27T21:39:05.748Z] > git for-each-ref --format=%(refname)%00%(upstream:short)%00%(objectname)%00%(upstream:track)%00%(upstream:remotename)%00%(upstream:remoteref) refs/heads/main refs/remotes/main [2ms]
[2023-03-27T21:39:05.760Z] > git for-each-ref --sort -committerdate --format %(refname) %(objectname) %(*objectname) [7ms]
[2023-03-27T21:39:05.760Z] > git remote --verbose [1ms]
[2023-03-27T21:39:05.769Z] > git config --get commit.template [1ms]
[2023-03-27T21:39:10.778Z] > git status -z -uall [2ms]
[2023-03-27T21:39:10.785Z] > git symbolic-ref --short HEAD [1ms]
[2023-03-27T21:39:10.792Z] > git for-each-ref --format=%(refname)%00%(upstream:short)%00%(objectname)%00%(upstream:track)%00%(upstream:remotename)%00%(upstream:remoteref) refs/heads/main refs/remotes/main [1ms]
[2023-03-27T21:39:10.804Z] > git for-each-ref --sort -committerdate --format %(refname) %(objectname) %(*objectname) [6ms]
[2023-03-27T21:39:10.804Z] > git remote --verbose [1ms]
[2023-03-27T21:39:10.812Z] > git config --get commit.template [1ms]
[2023-03-27T21:39:15.821Z] > git status -z -uall [3ms]
[2023-03-27T21:39:15.827Z] > git symbolic-ref --short HEAD [1ms]
[2023-03-27T21:39:15.834Z] > git for-each-ref --format=%(refname)%00%(upstream:short)%00%(objectname)%00%(upstream:track)%00%(upstream:remotename)%00%(upstream:remoteref) refs/heads/main refs/remotes/main [1ms]
[2023-03-27T21:39:15.845Z] > git for-each-ref --sort -committerdate --format %(refname) %(objectname) %(*objectname) [6ms]
[2023-03-27T21:39:15.845Z] > git remote --verbose [1ms]
[2023-03-27T21:39:15.854Z] > git config --get commit.template [1ms]
[2023-03-27T21:39:30.317Z] > git status -z -uall [2ms]
[2023-03-27T21:39:30.324Z] > git symbolic-ref --short HEAD [1ms]
[2023-03-27T21:39:30.332Z] > git for-each-ref --format=%(refname)%00%(upstream:short)%00%(objectname)%00%(upstream:track)%00%(upstream:remotename)%00%(upstream:remoteref) refs/heads/main refs/remotes/main [2ms]
[2023-03-27T21:39:30.343Z] > git for-each-ref --sort -committerdate --format %(refname) %(objectname) %(*objectname) [6ms]
[2023-03-27T21:39:30.344Z] > git remote --verbose [2ms]
[2023-03-27T21:39:30.352Z] > git config --get commit.template [1ms]
[2023-03-27T21:39:35.361Z] > git status -z -uall [2ms]
[2023-03-27T21:39:35.368Z] > git symbolic-ref --short HEAD [1ms]
[2023-03-27T21:39:35.375Z] > git for-each-ref --format=%(refname)%00%(upstream:short)%00%(objectname)%00%(upstream:track)%00%(upstream:remotename)%00%(upstream:remoteref) refs/heads/main refs/remotes/main [2ms]
[2023-03-27T21:39:35.387Z] > git for-each-ref --sort -committerdate --format %(refname) %(objectname) %(*objectname) [7ms]
[2023-03-27T21:39:35.387Z] > git remote --verbose [1ms]
[2023-03-27T21:39:35.396Z] > git config --get commit.template [0ms]
[2023-03-27T21:39:40.405Z] > git status -z -uall [3ms]
[2023-03-27T21:39:40.412Z] > git symbolic-ref --short HEAD [1ms]
[2023-03-27T21:39:40.419Z] > git for-each-ref --format=%(refname)%00%(upstream:short)%00%(objectname)%00%(upstream:track)%00%(upstream:remotename)%00%(upstream:remoteref) refs/heads/main refs/remotes/main [1ms]
[2023-03-27T21:39:40.431Z] > git for-each-ref --sort -committerdate --format %(refname) %(objectname) %(*objectname) [6ms]
[2023-03-27T21:39:40.432Z] > git remote --verbose [2ms]
[2023-03-27T21:39:40.440Z] > git config --get commit.template [1ms]
[2023-03-27T21:39:45.448Z] > git status -z -uall [2ms]
[2023-03-27T21:39:45.455Z] > git symbolic-ref --short HEAD [1ms]
[2023-03-27T21:39:45.463Z] > git for-each-ref --format=%(refname)%00%(upstream:short)%00%(objectname)%00%(upstream:track)%00%(upstream:remotename)%00%(upstream:remoteref) refs/heads/main refs/remotes/main [1ms]
[2023-03-27T21:39:45.475Z] > git for-each-ref --sort -committerdate --format %(refname) %(objectname) %(*objectname) [6ms]
[2023-03-27T21:39:45.475Z] > git remote --verbose [1ms]
[2023-03-27T21:39:45.485Z] > git config --get commit.template [1ms]
[2023-03-27T21:40:07.543Z] > git status -z -uall [3ms]
[2023-03-27T21:40:07.549Z] > git symbolic-ref --short HEAD [1ms]
[2023-03-27T21:40:07.557Z] > git for-each-ref --format=%(refname)%00%(upstream:short)%00%(objectname)%00%(upstream:track)%00%(upstream:remotename)%00%(upstream:remoteref) refs/heads/main refs/remotes/main [2ms]
[2023-03-27T21:40:07.568Z] > git for-each-ref --sort -committerdate --format %(refname) %(objectname) %(*objectname) [6ms]
[2023-03-27T21:40:07.568Z] > git remote --verbose [1ms]
[2023-03-27T21:40:07.581Z] > git config --get commit.template [1ms]
[2023-03-27T21:40:12.590Z] > git status -z -uall [2ms]
[2023-03-27T21:40:12.597Z] > git symbolic-ref --short HEAD [1ms]
[2023-03-27T21:40:12.603Z] > git for-each-ref --format=%(refname)%00%(upstream:short)%00%(objectname)%00%(upstream:track)%00%(upstream:remotename)%00%(upstream:remoteref) refs/heads/main refs/remotes/main [1ms]
[2023-03-27T21:40:12.615Z] > git for-each-ref --sort -committerdate --format %(refname) %(objectname) %(*objectname) [6ms]
[2023-03-27T21:40:12.616Z] > git remote --verbose [2ms]
[2023-03-27T21:40:12.625Z] > git config --get commit.template [1ms]
[2023-03-27T21:40:17.634Z] > git status -z -uall [3ms]
[2023-03-27T21:40:17.640Z] > git symbolic-ref --short HEAD [1ms]
[2023-03-27T21:40:17.647Z] > git for-each-ref --format=%(refname)%00%(upstream:short)%00%(objectname)%00%(upstream:track)%00%(upstream:remotename)%00%(upstream:remoteref) refs/heads/main refs/remotes/main [0ms]
[2023-03-27T21:40:17.660Z] > git for-each-ref --sort -committerdate --format %(refname) %(objectname) %(*objectname) [7ms]
[2023-03-27T21:40:17.660Z] > git remote --verbose [2ms]
[2023-03-27T21:40:17.669Z] > git config --get commit.template [1ms]
[2023-03-27T21:40:22.678Z] > git status -z -uall [2ms]
[2023-03-27T21:40:22.685Z] > git symbolic-ref --short HEAD [1ms]
[2023-03-27T21:40:22.691Z] > git for-each-ref --format=%(refname)%00%(upstream:short)%00%(objectname)%00%(upstream:track)%00%(upstream:remotename)%00%(upstream:remoteref) refs/heads/main refs/remotes/main [1ms]
[2023-03-27T21:40:22.703Z] > git remote --verbose [1ms]
[2023-03-27T21:40:22.704Z] > git for-each-ref --sort -committerdate --format %(refname) %(objectname) %(*objectname) [7ms]
[2023-03-27T21:40:22.711Z] > git config --get commit.template [1ms]
[2023-03-27T21:40:27.720Z] > git status -z -uall [2ms]
[2023-03-27T21:40:27.727Z] > git symbolic-ref --short HEAD [1ms]
[2023-03-27T21:40:27.734Z] > git for-each-ref --format=%(refname)%00%(upstream:short)%00%(objectname)%00%(upstream:track)%00%(upstream:remotename)%00%(upstream:remoteref) refs/heads/main refs/remotes/main [1ms]
[2023-03-27T21:40:27.746Z] > git for-each-ref --sort -committerdate --format %(refname) %(objectname) %(*objectname) [6ms]
[2023-03-27T21:40:27.747Z] > git remote --verbose [1ms]
[2023-03-27T21:40:27.755Z] > git config --get commit.template [1ms]
[2023-03-27T21:40:32.765Z] > git status -z -uall [3ms]
[2023-03-27T21:40:32.771Z] > git symbolic-ref --short HEAD [1ms]
[2023-03-27T21:40:32.778Z] > git for-each-ref --format=%(refname)%00%(upstream:short)%00%(objectname)%00%(upstream:track)%00%(upstream:remotename)%00%(upstream:remoteref) refs/heads/main refs/remotes/main [2ms]
[2023-03-27T21:40:32.790Z] > git for-each-ref --sort -committerdate --format %(refname) %(objectname) %(*objectname) [5ms]
[2023-03-27T21:40:32.790Z] > git remote --verbose [1ms]
[2023-03-27T21:40:32.798Z] > git config --get commit.template [1ms]
[2023-03-27T21:40:37.806Z] > git status -z -uall [2ms]
[2023-03-27T21:40:37.813Z] > git symbolic-ref --short HEAD [2ms]
[2023-03-27T21:40:37.819Z] > git for-each-ref --format=%(refname)%00%(upstream:short)%00%(objectname)%00%(upstream:track)%00%(upstream:remotename)%00%(upstream:remoteref) refs/heads/main refs/remotes/main [1ms]
[2023-03-27T21:40:37.832Z] > git for-each-ref --sort -committerdate --format %(refname) %(objectname) %(*objectname) [6ms]
[2023-03-27T21:40:37.832Z] > git remote --verbose [1ms]
[2023-03-27T21:40:37.840Z] > git config --get commit.template [1ms]
[2023-03-27T21:40:42.849Z] > git status -z -uall [2ms]
[2023-03-27T21:40:42.856Z] > git symbolic-ref --short HEAD [1ms]
[2023-03-27T21:40:42.863Z] > git for-each-ref --format=%(refname)%00%(upstream:short)%00%(objectname)%00%(upstream:track)%00%(upstream:remotename)%00%(upstream:remoteref) refs/heads/main refs/remotes/main [1ms]
[2023-03-27T21:40:42.876Z] > git for-each-ref --sort -committerdate --format %(refname) %(objectname) %(*objectname) [7ms]
[2023-03-27T21:40:42.876Z] > git remote --verbose [1ms]
[2023-03-27T21:40:42.885Z] > git config --get commit.template [1ms]
[2023-03-27T21:40:47.893Z] > git status -z -uall [2ms]
[2023-03-27T21:40:47.900Z] > git symbolic-ref --short HEAD [1ms]
[2023-03-27T21:40:47.906Z] > git for-each-ref --format=%(refname)%00%(upstream:short)%00%(objectname)%00%(upstream:track)%00%(upstream:remotename)%00%(upstream:remoteref) refs/heads/main refs/remotes/main [1ms]
[2023-03-27T21:40:47.918Z] > git for-each-ref --sort -committerdate --format %(refname) %(objectname) %(*objectname) [6ms]
[2023-03-27T21:40:47.919Z] > git remote --verbose [2ms]
[2023-03-27T21:40:47.926Z] > git config --get commit.template [1ms]
[2023-03-27T21:40:52.935Z] > git status -z -uall [2ms]
[2023-03-27T21:40:52.941Z] > git symbolic-ref --short HEAD [1ms]
[2023-03-27T21:40:52.948Z] > git for-each-ref --format=%(refname)%00%(upstream:short)%00%(objectname)%00%(upstream:track)%00%(upstream:remotename)%00%(upstream:remoteref) refs/heads/main refs/remotes/main [1ms]
[2023-03-27T21:40:52.960Z] > git for-each-ref --sort -committerdate --format %(refname) %(objectname) %(*objectname) [6ms]
[2023-03-27T21:40:52.960Z] > git remote --verbose [1ms]
[2023-03-27T21:40:52.968Z] > git config --get commit.template [1ms]
[2023-03-27T21:40:57.977Z] > git status -z -uall [3ms]
[2023-03-27T21:40:57.983Z] > git symbolic-ref --short HEAD [1ms]
[2023-03-27T21:40:57.990Z] > git for-each-ref --format=%(refname)%00%(upstream:short)%00%(objectname)%00%(upstream:track)%00%(upstream:remotename)%00%(upstream:remoteref) refs/heads/main refs/remotes/main [2ms]
[2023-03-27T21:40:58.003Z] > git for-each-ref --sort -committerdate --format %(refname) %(objectname) %(*objectname) [7ms]
[2023-03-27T21:40:58.003Z] > git remote --verbose [1ms]
[2023-03-27T21:40:58.011Z] > git config --get commit.template [1ms]
[2023-03-27T21:41:05.077Z] > git status -z -uall [2ms]
[2023-03-27T21:41:05.084Z] > git symbolic-ref --short HEAD [1ms]
[2023-03-27T21:41:05.091Z] > git for-each-ref --format=%(refname)%00%(upstream:short)%00%(objectname)%00%(upstream:track)%00%(upstream:remotename)%00%(upstream:remoteref) refs/heads/main refs/remotes/main [1ms]
[2023-03-27T21:41:05.103Z] > git for-each-ref --sort -committerdate --format %(refname) %(objectname) %(*objectname) [6ms]
[2023-03-27T21:41:05.104Z] > git remote --verbose [1ms]
[2023-03-27T21:41:05.112Z] > git config --get commit.template [1ms]
[2023-03-27T21:41:27.396Z] > git status -z -uall [3ms]
[2023-03-27T21:41:27.403Z] > git symbolic-ref --short HEAD [1ms]
[2023-03-27T21:41:27.410Z] > git for-each-ref --format=%(refname)%00%(upstream:short)%00%(objectname)%00%(upstream:track)%00%(upstream:remotename)%00%(upstream:remoteref) refs/heads/main refs/remotes/main [1ms]
[2023-03-27T21:41:27.423Z] > git for-each-ref --sort -committerdate --format %(refname) %(objectname) %(*objectname) [7ms]
[2023-03-27T21:41:27.424Z] > git remote --verbose [1ms]
[2023-03-27T21:41:27.433Z] > git config --get commit.template [1ms]
[2023-03-27T21:41:32.441Z] > git status -z -uall [2ms]
[2023-03-27T21:41:32.448Z] > git symbolic-ref --short HEAD [1ms]
[2023-03-27T21:41:32.455Z] > git for-each-ref --format=%(refname)%00%(upstream:short)%00%(objectname)%00%(upstream:track)%00%(upstream:remotename)%00%(upstream:remoteref) refs/heads/main refs/remotes/main [1ms]
[2023-03-27T21:41:32.467Z] > git for-each-ref --sort -committerdate --format %(refname) %(objectname) %(*objectname) [6ms]
[2023-03-27T21:41:32.468Z] > git remote --verbose [1ms]
[2023-03-27T21:41:32.476Z] > git config --get commit.template [1ms]
[2023-03-27T21:41:37.486Z] > git status -z -uall [3ms]
[2023-03-27T21:41:37.492Z] > git symbolic-ref --short HEAD [1ms]
[2023-03-27T21:41:37.499Z] > git for-each-ref --format=%(refname)%00%(upstream:short)%00%(objectname)%00%(upstream:track)%00%(upstream:remotename)%00%(upstream:remoteref) refs/heads/main refs/remotes/main [1ms]
[2023-03-27T21:41:37.511Z] > git for-each-ref --sort -committerdate --format %(refname) %(objectname) %(*objectname) [6ms]
[2023-03-27T21:41:37.511Z] > git remote --verbose [1ms]
[2023-03-27T21:41:37.519Z] > git config --get commit.template [1ms]
[2023-03-27T21:41:42.528Z] > git status -z -uall [2ms]
[2023-03-27T21:41:42.535Z] > git symbolic-ref --short HEAD [1ms]
[2023-03-27T21:41:42.542Z] > git for-each-ref --format=%(refname)%00%(upstream:short)%00%(objectname)%00%(upstream:track)%00%(upstream:remotename)%00%(upstream:remoteref) refs/heads/main refs/remotes/main [2ms]
[2023-03-27T21:41:42.554Z] > git for-each-ref --sort -committerdate --format %(refname) %(objectname) %(*objectname) [6ms]
[2023-03-27T21:41:42.554Z] > git remote --verbose [1ms]
[2023-03-27T21:41:42.562Z] > git config --get commit.template [1ms]
[2023-03-27T21:41:47.572Z] > git status -z -uall [3ms]
[2023-03-27T21:41:47.578Z] > git symbolic-ref --short HEAD [1ms]
[2023-03-27T21:41:47.585Z] > git for-each-ref --format=%(refname)%00%(upstream:short)%00%(objectname)%00%(upstream:track)%00%(upstream:remotename)%00%(upstream:remoteref) refs/heads/main refs/remotes/main [1ms]
[2023-03-27T21:41:47.597Z] > git for-each-ref --sort -committerdate --format %(refname) %(objectname) %(*objectname) [7ms]
[2023-03-27T21:41:47.598Z] > git remote --verbose [1ms]
[2023-03-27T21:41:47.607Z] > git config --get commit.template [1ms]
[2023-03-27T21:41:56.092Z] > git status -z -uall [2ms]
[2023-03-27T21:41:56.099Z] > git symbolic-ref --short HEAD [1ms]
[2023-03-27T21:41:56.107Z] > git for-each-ref --format=%(refname)%00%(upstream:short)%00%(objectname)%00%(upstream:track)%00%(upstream:remotename)%00%(upstream:remoteref) refs/heads/main refs/remotes/main [2ms]
[2023-03-27T21:41:56.118Z] > git for-each-ref --sort -committerdate --format %(refname) %(objectname) %(*objectname) [6ms]
[2023-03-27T21:41:56.119Z] > git remote --verbose [1ms]
[2023-03-27T21:41:56.127Z] > git config --get commit.template [1ms]
[2023-03-27T21:42:01.136Z] > git status -z -uall [2ms]
[2023-03-27T21:42:01.143Z] > git symbolic-ref --short HEAD [1ms]
[2023-03-27T21:42:01.150Z] > git for-each-ref --format=%(refname)%00%(upstream:short)%00%(objectname)%00%(upstream:track)%00%(upstream:remotename)%00%(upstream:remoteref) refs/heads/main refs/remotes/main [1ms]
[2023-03-27T21:42:01.162Z] > git for-each-ref --sort -committerdate --format %(refname) %(objectname) %(*objectname) [6ms]
[2023-03-27T21:42:01.162Z] > git remote --verbose [1ms]
[2023-03-27T21:42:01.170Z] > git config --get commit.template [1ms]
[2023-03-27T21:42:06.178Z] > git status -z -uall [2ms]
[2023-03-27T21:42:06.185Z] > git symbolic-ref --short HEAD [1ms]
[2023-03-27T21:42:06.192Z] > git for-each-ref --format=%(refname)%00%(upstream:short)%00%(objectname)%00%(upstream:track)%00%(upstream:remotename)%00%(upstream:remoteref) refs/heads/main refs/remotes/main [1ms]
[2023-03-27T21:42:06.203Z] > git for-each-ref --sort -committerdate --format %(refname) %(objectname) %(*objectname) [6ms]
[2023-03-27T21:42:06.203Z] > git remote --verbose [1ms]
[2023-03-27T21:42:06.212Z] > git config --get commit.template [1ms]
[2023-03-27T21:42:11.222Z] > git status -z -uall [3ms]
[2023-03-27T21:42:11.230Z] > git symbolic-ref --short HEAD [1ms]
[2023-03-27T21:42:11.237Z] > git for-each-ref --format=%(refname)%00%(upstream:short)%00%(objectname)%00%(upstream:track)%00%(upstream:remotename)%00%(upstream:remoteref) refs/heads/main refs/remotes/main [2ms]
[2023-03-27T21:42:11.248Z] > git for-each-ref --sort -committerdate --format %(refname) %(objectname) %(*objectname) [6ms]
[2023-03-27T21:42:11.249Z] > git remote --verbose [2ms]
[2023-03-27T21:42:11.257Z] > git config --get commit.template [1ms]
[2023-03-27T21:42:16.266Z] > git status -z -uall [3ms]
[2023-03-27T21:42:16.272Z] > git symbolic-ref --short HEAD [1ms]
[2023-03-27T21:42:16.279Z] > git for-each-ref --format=%(refname)%00%(upstream:short)%00%(objectname)%00%(upstream:track)%00%(upstream:remotename)%00%(upstream:remoteref) refs/heads/main refs/remotes/main [1ms]
[2023-03-27T21:42:16.290Z] > git for-each-ref --sort -committerdate --format %(refname) %(objectname) %(*objectname) [6ms]
[2023-03-27T21:42:16.291Z] > git remote --verbose [1ms]
[2023-03-27T21:42:16.299Z] > git config --get commit.template [1ms]
[2023-03-27T21:42:21.308Z] > git status -z -uall [2ms]
[2023-03-27T21:42:21.315Z] > git symbolic-ref --short HEAD [1ms]
[2023-03-27T21:42:21.321Z] > git for-each-ref --format=%(refname)%00%(upstream:short)%00%(objectname)%00%(upstream:track)%00%(upstream:remotename)%00%(upstream:remoteref) refs/heads/main refs/remotes/main [1ms]
[2023-03-27T21:42:21.333Z] > git for-each-ref --sort -committerdate --format %(refname) %(objectname) %(*objectname) [6ms]
[2023-03-27T21:42:21.333Z] > git remote --verbose [1ms]
[2023-03-27T21:42:21.342Z] > git config --get commit.template [1ms]
[2023-03-27T21:42:26.351Z] > git status -z -uall [3ms]
[2023-03-27T21:42:26.357Z] > git symbolic-ref --short HEAD [1ms]
[2023-03-27T21:42:26.364Z] > git for-each-ref --format=%(refname)%00%(upstream:short)%00%(objectname)%00%(upstream:track)%00%(upstream:remotename)%00%(upstream:remoteref) refs/heads/main refs/remotes/main [1ms]
[2023-03-27T21:42:26.376Z] > git for-each-ref --sort -committerdate --format %(refname) %(objectname) %(*objectname) [7ms]
[2023-03-27T21:42:26.376Z] > git remote --verbose [1ms]
[2023-03-27T21:42:26.384Z] > git config --get commit.template [1ms]
[2023-03-27T21:42:31.395Z] > git status -z -uall [3ms]
[2023-03-27T21:42:31.402Z] > git symbolic-ref --short HEAD [2ms]
[2023-03-27T21:42:31.409Z] > git for-each-ref --format=%(refname)%00%(upstream:short)%00%(objectname)%00%(upstream:track)%00%(upstream:remotename)%00%(upstream:remoteref) refs/heads/main refs/remotes/main [1ms]
[2023-03-27T21:42:31.421Z] > git for-each-ref --sort -committerdate --format %(refname) %(objectname) %(*objectname) [6ms]
[2023-03-27T21:42:31.421Z] > git remote --verbose [1ms]
[2023-03-27T21:42:31.429Z] > git config --get commit.template [1ms]
[2023-03-27T21:42:36.438Z] > git status -z -uall [2ms]
[2023-03-27T21:42:36.445Z] > git symbolic-ref --short HEAD [1ms]
[2023-03-27T21:42:36.453Z] > git for-each-ref --format=%(refname)%00%(upstream:short)%00%(objectname)%00%(upstream:track)%00%(upstream:remotename)%00%(upstream:remoteref) refs/heads/main refs/remotes/main [1ms]
[2023-03-27T21:42:36.465Z] > git for-each-ref --sort -committerdate --format %(refname) %(objectname) %(*objectname) [7ms]
[2023-03-27T21:42:36.465Z] > git remote --verbose [1ms]
[2023-03-27T21:42:36.474Z] > git config --get commit.template [1ms]
[2023-03-27T21:42:41.484Z] > git status -z -uall [2ms]
[2023-03-27T21:42:41.491Z] > git symbolic-ref --short HEAD [1ms]
[2023-03-27T21:42:41.498Z] > git for-each-ref --format=%(refname)%00%(upstream:short)%00%(objectname)%00%(upstream:track)%00%(upstream:remotename)%00%(upstream:remoteref) refs/heads/main refs/remotes/main [1ms]
[2023-03-27T21:42:41.513Z] > git for-each-ref --sort -committerdate --format %(refname) %(objectname) %(*objectname) [10ms]
[2023-03-27T21:42:41.513Z] > git remote --verbose [2ms]
[2023-03-27T21:42:41.521Z] > git config --get commit.template [1ms]
[2023-03-27T21:42:46.530Z] > git status -z -uall [2ms]
[2023-03-27T21:42:46.538Z] > git symbolic-ref --short HEAD [2ms]
[2023-03-27T21:42:46.545Z] > git for-each-ref --format=%(refname)%00%(upstream:short)%00%(objectname)%00%(upstream:track)%00%(upstream:remotename)%00%(upstream:remoteref) refs/heads/main refs/remotes/main [2ms]
[2023-03-27T21:42:46.557Z] > git for-each-ref --sort -committerdate --format %(refname) %(objectname) %(*objectname) [7ms]
[2023-03-27T21:42:46.558Z] > git remote --verbose [2ms]
[2023-03-27T21:42:46.566Z] > git config --get commit.template [1ms]
[2023-03-27T21:42:51.577Z] > git status -z -uall [3ms]
[2023-03-27T21:42:51.584Z] > git symbolic-ref --short HEAD [1ms]
[2023-03-27T21:42:51.590Z] > git for-each-ref --format=%(refname)%00%(upstream:short)%00%(objectname)%00%(upstream:track)%00%(upstream:remotename)%00%(upstream:remoteref) refs/heads/main refs/remotes/main [1ms]
[2023-03-27T21:42:51.603Z] > git for-each-ref --sort -committerdate --format %(refname) %(objectname) %(*objectname) [7ms]
[2023-03-27T21:42:51.603Z] > git remote --verbose [1ms]
[2023-03-27T21:42:51.612Z] > git config --get commit.template [1ms]
[2023-03-27T21:42:56.621Z] > git status -z -uall [2ms]
[2023-03-27T21:42:56.627Z] > git symbolic-ref --short HEAD [0ms]
[2023-03-27T21:42:56.634Z] > git for-each-ref --format=%(refname)%00%(upstream:short)%00%(objectname)%00%(upstream:track)%00%(upstream:remotename)%00%(upstream:remoteref) refs/heads/main refs/remotes/main [1ms]
[2023-03-27T21:42:56.647Z] > git for-each-ref --sort -committerdate --format %(refname) %(objectname) %(*objectname) [6ms]
[2023-03-27T21:42:56.647Z] > git remote --verbose [1ms]
[2023-03-27T21:42:56.657Z] > git config --get commit.template [1ms]
[2023-03-27T21:43:01.667Z] > git status -z -uall [3ms]
[2023-03-27T21:43:01.673Z] > git symbolic-ref --short HEAD [1ms]
[2023-03-27T21:43:01.680Z] > git for-each-ref --format=%(refname)%00%(upstream:short)%00%(objectname)%00%(upstream:track)%00%(upstream:remotename)%00%(upstream:remoteref) refs/heads/main refs/remotes/main [1ms]
[2023-03-27T21:43:01.694Z] > git for-each-ref --sort -committerdate --format %(refname) %(objectname) %(*objectname) [8ms]
[2023-03-27T21:43:01.695Z] > git remote --verbose [2ms]
[2023-03-27T21:43:01.703Z] > git config --get commit.template [1ms]
[2023-03-27T21:43:10.019Z] > git status -z -uall [2ms]
[2023-03-27T21:43:10.026Z] > git symbolic-ref --short HEAD [1ms]
[2023-03-27T21:43:10.034Z] > git for-each-ref --format=%(refname)%00%(upstream:short)%00%(objectname)%00%(upstream:track)%00%(upstream:remotename)%00%(upstream:remoteref) refs/heads/main refs/remotes/main [1ms]
[2023-03-27T21:43:10.049Z] > git for-each-ref --sort -committerdate --format %(refname) %(objectname) %(*objectname) [7ms]
[2023-03-27T21:43:10.050Z] > git remote --verbose [1ms]
[2023-03-27T21:43:10.059Z] > git config --get commit.template [1ms]
[2023-03-27T21:43:15.069Z] > git status -z -uall [3ms]
[2023-03-27T21:43:15.076Z] > git symbolic-ref --short HEAD [1ms]
[2023-03-27T21:43:15.083Z] > git for-each-ref --format=%(refname)%00%(upstream:short)%00%(objectname)%00%(upstream:track)%00%(upstream:remotename)%00%(upstream:remoteref) refs/heads/main refs/remotes/main [2ms]
[2023-03-27T21:43:15.095Z] > git for-each-ref --sort -committerdate --format %(refname) %(objectname) %(*objectname) [6ms]
[2023-03-27T21:43:15.096Z] > git remote --verbose [1ms]
[2023-03-27T21:43:15.104Z] > git config --get commit.template [1ms]
[2023-03-27T21:43:20.114Z] > git status -z -uall [3ms]
[2023-03-27T21:43:20.120Z] > git symbolic-ref --short HEAD [1ms]
[2023-03-27T21:43:20.127Z] > git for-each-ref --format=%(refname)%00%(upstream:short)%00%(objectname)%00%(upstream:track)%00%(upstream:remotename)%00%(upstream:remoteref) refs/heads/main refs/remotes/main [1ms]
[2023-03-27T21:43:20.139Z] > git for-each-ref --sort -committerdate --format %(refname) %(objectname) %(*objectname) [6ms]
[2023-03-27T21:43:20.139Z] > git remote --verbose [1ms]
[2023-03-27T21:43:20.148Z] > git config --get commit.template [1ms]
[2023-03-27T21:43:25.157Z] > git status -z -uall [2ms]
[2023-03-27T21:43:25.164Z] > git symbolic-ref --short HEAD [1ms]
[2023-03-27T21:43:25.171Z] > git for-each-ref --format=%(refname)%00%(upstream:short)%00%(objectname)%00%(upstream:track)%00%(upstream:remotename)%00%(upstream:remoteref) refs/heads/main refs/remotes/main [1ms]
[2023-03-27T21:43:25.183Z] > git for-each-ref --sort -committerdate --format %(refname) %(objectname) %(*objectname) [6ms]
[2023-03-27T21:43:25.184Z] > git remote --verbose [1ms]
[2023-03-27T21:43:25.192Z] > git config --get commit.template [1ms]
[2023-03-27T21:43:30.204Z] > git status -z -uall [2ms]
[2023-03-27T21:43:30.213Z] > git symbolic-ref --short HEAD [1ms]
[2023-03-27T21:43:30.221Z] > git for-each-ref --format=%(refname)%00%(upstream:short)%00%(objectname)%00%(upstream:track)%00%(upstream:remotename)%00%(upstream:remoteref) refs/heads/main refs/remotes/main [2ms]
[2023-03-27T21:43:30.236Z] > git for-each-ref --sort -committerdate --format %(refname) %(objectname) %(*objectname) [8ms]
[2023-03-27T21:43:30.236Z] > git remote --verbose [1ms]
[2023-03-27T21:43:30.245Z] > git config --get commit.template [1ms]
[2023-03-27T21:43:35.255Z] > git status -z -uall [2ms]
[2023-03-27T21:43:35.262Z] > git symbolic-ref --short HEAD [1ms]
[2023-03-27T21:43:35.269Z] > git for-each-ref --format=%(refname)%00%(upstream:short)%00%(objectname)%00%(upstream:track)%00%(upstream:remotename)%00%(upstream:remoteref) refs/heads/main refs/remotes/main [1ms]
[2023-03-27T21:43:35.283Z] > git for-each-ref --sort -committerdate --format %(refname) %(objectname) %(*objectname) [8ms]
[2023-03-27T21:43:35.284Z] > git remote --verbose [2ms]
[2023-03-27T21:43:35.293Z] > git config --get commit.template [1ms]
[2023-03-27T21:43:40.303Z] > git status -z -uall [3ms]
[2023-03-27T21:43:40.310Z] > git symbolic-ref --short HEAD [1ms]
[2023-03-27T21:43:40.317Z] > git for-each-ref --format=%(refname)%00%(upstream:short)%00%(objectname)%00%(upstream:track)%00%(upstream:remotename)%00%(upstream:remoteref) refs/heads/main refs/remotes/main [1ms]
[2023-03-27T21:43:40.330Z] > git for-each-ref --sort -committerdate --format %(refname) %(objectname) %(*objectname) [7ms]
[2023-03-27T21:43:40.330Z] > git remote --verbose [1ms]
[2023-03-27T21:43:40.338Z] > git config --get commit.template [1ms]
[2023-03-27T21:43:57.365Z] > git status -z -uall [3ms]
[2023-03-27T21:43:57.372Z] > git symbolic-ref --short HEAD [2ms]
[2023-03-27T21:43:57.379Z] > git for-each-ref --format=%(refname)%00%(upstream:short)%00%(objectname)%00%(upstream:track)%00%(upstream:remotename)%00%(upstream:remoteref) refs/heads/main refs/remotes/main [2ms]
[2023-03-27T21:43:57.391Z] > git for-each-ref --sort -committerdate --format %(refname) %(objectname) %(*objectname) [7ms]
[2023-03-27T21:43:57.392Z] > git remote --verbose [2ms]
[2023-03-27T21:43:57.400Z] > git config --get commit.template [1ms]
[2023-03-27T21:44:02.411Z] > git status -z -uall [3ms]
[2023-03-27T21:44:02.419Z] > git symbolic-ref --short HEAD [1ms]
[2023-03-27T21:44:02.428Z] > git for-each-ref --format=%(refname)%00%(upstream:short)%00%(objectname)%00%(upstream:track)%00%(upstream:remotename)%00%(upstream:remoteref) refs/heads/main refs/remotes/main [1ms]
[2023-03-27T21:44:02.442Z] > git for-each-ref --sort -committerdate --format %(refname) %(objectname) %(*objectname) [7ms]
[2023-03-27T21:44:02.443Z] > git remote --verbose [1ms]
[2023-03-27T21:44:02.453Z] > git config --get commit.template [1ms]
[2023-03-27T21:44:07.463Z] > git status -z -uall [3ms]
[2023-03-27T21:44:07.470Z] > git symbolic-ref --short HEAD [1ms]
[2023-03-27T21:44:07.477Z] > git for-each-ref --format=%(refname)%00%(upstream:short)%00%(objectname)%00%(upstream:track)%00%(upstream:remotename)%00%(upstream:remoteref) refs/heads/main refs/remotes/main [2ms]
[2023-03-27T21:44:07.489Z] > git for-each-ref --sort -committerdate --format %(refname) %(objectname) %(*objectname) [6ms]
[2023-03-27T21:44:07.490Z] > git remote --verbose [1ms]
[2023-03-27T21:44:07.498Z] > git config --get commit.template [1ms]
[2023-03-27T21:44:12.508Z] > git status -z -uall [2ms]
[2023-03-27T21:44:12.515Z] > git symbolic-ref --short HEAD [1ms]
[2023-03-27T21:44:12.522Z] > git for-each-ref --format=%(refname)%00%(upstream:short)%00%(objectname)%00%(upstream:track)%00%(upstream:remotename)%00%(upstream:remoteref) refs/heads/main refs/remotes/main [1ms]
[2023-03-27T21:44:12.534Z] > git for-each-ref --sort -committerdate --format %(refname) %(objectname) %(*objectname) [6ms]
[2023-03-27T21:44:12.535Z] > git remote --verbose [2ms]
[2023-03-27T21:44:12.543Z] > git config --get commit.template [1ms]
[2023-03-27T21:44:17.553Z] > git status -z -uall [3ms]
[2023-03-27T21:44:17.560Z] > git symbolic-ref --short HEAD [1ms]
[2023-03-27T21:44:17.567Z] > git for-each-ref --format=%(refname)%00%(upstream:short)%00%(objectname)%00%(upstream:track)%00%(upstream:remotename)%00%(upstream:remoteref) refs/heads/main refs/remotes/main [1ms]
[2023-03-27T21:44:17.581Z] > git for-each-ref --sort -committerdate --format %(refname) %(objectname) %(*objectname) [7ms]
[2023-03-27T21:44:17.581Z] > git remote --verbose [1ms]
[2023-03-27T21:44:17.590Z] > git config --get commit.template [1ms]
[2023-03-27T21:44:31.337Z] > git status -z -uall [2ms]
[2023-03-27T21:44:31.343Z] > git symbolic-ref --short HEAD [0ms]
[2023-03-27T21:44:31.350Z] > git for-each-ref --format=%(refname)%00%(upstream:short)%00%(objectname)%00%(upstream:track)%00%(upstream:remotename)%00%(upstream:remoteref) refs/heads/main refs/remotes/main [1ms]
[2023-03-27T21:44:31.363Z] > git for-each-ref --sort -committerdate --format %(refname) %(objectname) %(*objectname) [7ms]
[2023-03-27T21:44:31.363Z] > git remote --verbose [1ms]
[2023-03-27T21:44:31.372Z] > git config --get commit.template [1ms]
[2023-03-27T21:44:36.381Z] > git status -z -uall [2ms]
[2023-03-27T21:44:36.388Z] > git symbolic-ref --short HEAD [1ms]
[2023-03-27T21:44:36.395Z] > git for-each-ref --format=%(refname)%00%(upstream:short)%00%(objectname)%00%(upstream:track)%00%(upstream:remotename)%00%(upstream:remoteref) refs/heads/main refs/remotes/main [1ms]
[2023-03-27T21:44:36.407Z] > git for-each-ref --sort -committerdate --format %(refname) %(objectname) %(*objectname) [6ms]
[2023-03-27T21:44:36.408Z] > git remote --verbose [2ms]
[2023-03-27T21:44:36.416Z] > git config --get commit.template [1ms]
[2023-03-27T21:44:41.425Z] > git status -z -uall [2ms]
[2023-03-27T21:44:41.432Z] > git symbolic-ref --short HEAD [1ms]
[2023-03-27T21:44:41.438Z] > git for-each-ref --format=%(refname)%00%(upstream:short)%00%(objectname)%00%(upstream:track)%00%(upstream:remotename)%00%(upstream:remoteref) refs/heads/main refs/remotes/main [1ms]
[2023-03-27T21:44:41.450Z] > git for-each-ref --sort -committerdate --format %(refname) %(objectname) %(*objectname) [6ms]
[2023-03-27T21:44:41.451Z] > git remote --verbose [1ms]
[2023-03-27T21:44:41.460Z] > git config --get commit.template [1ms]
[2023-03-27T21:44:52.382Z] > git status -z -uall [3ms]
[2023-03-27T21:44:52.388Z] > git symbolic-ref --short HEAD [1ms]
[2023-03-27T21:44:52.398Z] > git for-each-ref --format=%(refname)%00%(upstream:short)%00%(objectname)%00%(upstream:track)%00%(upstream:remotename)%00%(upstream:remoteref) refs/heads/main refs/remotes/main [4ms]
[2023-03-27T21:44:52.411Z] > git for-each-ref --sort -committerdate --format %(refname) %(objectname) %(*objectname) [7ms]
[2023-03-27T21:44:52.411Z] > git remote --verbose [1ms]
[2023-03-27T21:44:52.422Z] > git config --get commit.template [1ms]
[2023-03-27T21:44:57.432Z] > git status -z -uall [3ms]
[2023-03-27T21:44:57.439Z] > git symbolic-ref --short HEAD [1ms]
[2023-03-27T21:44:57.446Z] > git for-each-ref --format=%(refname)%00%(upstream:short)%00%(objectname)%00%(upstream:track)%00%(upstream:remotename)%00%(upstream:remoteref) refs/heads/main refs/remotes/main [1ms]
[2023-03-27T21:44:57.459Z] > git for-each-ref --sort -committerdate --format %(refname) %(objectname) %(*objectname) [7ms]
[2023-03-27T21:44:57.459Z] > git remote --verbose [1ms]
[2023-03-27T21:44:57.467Z] > git config --get commit.template [0ms]
[2023-03-27T21:45:02.477Z] > git status -z -uall [2ms]
[2023-03-27T21:45:02.484Z] > git symbolic-ref --short HEAD [1ms]
[2023-03-27T21:45:02.491Z] > git for-each-ref --format=%(refname)%00%(upstream:short)%00%(objectname)%00%(upstream:track)%00%(upstream:remotename)%00%(upstream:remoteref) refs/heads/main refs/remotes/main [1ms]
[2023-03-27T21:45:02.503Z] > git for-each-ref --sort -committerdate --format %(refname) %(objectname) %(*objectname) [6ms]
[2023-03-27T21:45:02.503Z] > git remote --verbose [1ms]
[2023-03-27T21:45:02.512Z] > git config --get commit.template [1ms]
[2023-03-27T21:45:07.522Z] > git status -z -uall [3ms]
[2023-03-27T21:45:07.528Z] > git symbolic-ref --short HEAD [1ms]
[2023-03-27T21:45:07.535Z] > git for-each-ref --format=%(refname)%00%(upstream:short)%00%(objectname)%00%(upstream:track)%00%(upstream:remotename)%00%(upstream:remoteref) refs/heads/main refs/remotes/main [1ms]
[2023-03-27T21:45:07.547Z] > git for-each-ref --sort -committerdate --format %(refname) %(objectname) %(*objectname) [6ms]
[2023-03-27T21:45:07.547Z] > git remote --verbose [1ms]
[2023-03-27T21:45:07.555Z] > git config --get commit.template [1ms]
