[2023-03-28T21:56:48.643Z] Log level: Info
[2023-03-28T21:56:48.645Z] [info] Validating found git in: git
[2023-03-28T21:56:48.682Z] [info] Using git 2.39.1 from git
[2023-03-28T21:56:48.728Z] > git rev-parse --show-toplevel [31ms]
[2023-03-28T21:56:48.760Z] > git rev-parse --git-dir --git-common-dir [23ms]
[2023-03-28T21:56:48.768Z] [info] Open repository: /mnt/code
[2023-03-28T21:56:48.779Z] > git status -z -uall [4ms]
[2023-03-28T21:56:48.785Z] > git symbolic-ref --short HEAD [1ms]
[2023-03-28T21:56:48.791Z] > git for-each-ref --format=%(refname)%00%(upstream:short)%00%(objectname)%00%(upstream:track)%00%(upstream:remotename)%00%(upstream:remoteref) refs/heads/main refs/remotes/main [1ms]
[2023-03-28T21:56:48.803Z] > git remote --verbose [2ms]
[2023-03-28T21:56:48.803Z] > git for-each-ref --sort -committerdate --format %(refname) %(objectname) %(*objectname) [7ms]
[2023-03-28T21:56:48.820Z] > git config --get commit.template [5ms]
[2023-03-28T21:56:49.353Z] > git check-ignore -v -z --stdin [1ms]
[2023-03-28T21:56:52.365Z] > git status -z -uall [2ms]
[2023-03-28T21:56:52.370Z] > git symbolic-ref --short HEAD [1ms]
[2023-03-28T21:56:52.376Z] > git for-each-ref --format=%(refname)%00%(upstream:short)%00%(objectname)%00%(upstream:track)%00%(upstream:remotename)%00%(upstream:remoteref) refs/heads/main refs/remotes/main [1ms]
[2023-03-28T21:56:52.386Z] > git for-each-ref --sort -committerdate --format %(refname) %(objectname) %(*objectname) [5ms]
[2023-03-28T21:56:52.387Z] > git remote --verbose [2ms]
[2023-03-28T21:56:52.397Z] > git config --get commit.template [2ms]
[2023-03-28T21:56:57.405Z] > git status -z -uall [3ms]
[2023-03-28T21:56:57.411Z] > git symbolic-ref --short HEAD [1ms]
[2023-03-28T21:56:57.417Z] > git for-each-ref --format=%(refname)%00%(upstream:short)%00%(objectname)%00%(upstream:track)%00%(upstream:remotename)%00%(upstream:remoteref) refs/heads/main refs/remotes/main [1ms]
[2023-03-28T21:56:57.428Z] > git for-each-ref --sort -committerdate --format %(refname) %(objectname) %(*objectname) [5ms]
[2023-03-28T21:56:57.429Z] > git remote --verbose [2ms]
[2023-03-28T21:56:57.438Z] > git config --get commit.template [1ms]
[2023-03-28T21:57:02.447Z] > git status -z -uall [3ms]
[2023-03-28T21:57:02.452Z] > git symbolic-ref --short HEAD [1ms]
[2023-03-28T21:57:02.457Z] > git for-each-ref --format=%(refname)%00%(upstream:short)%00%(objectname)%00%(upstream:track)%00%(upstream:remotename)%00%(upstream:remoteref) refs/heads/main refs/remotes/main [1ms]
[2023-03-28T21:57:02.467Z] > git for-each-ref --sort -committerdate --format %(refname) %(objectname) %(*objectname) [6ms]
[2023-03-28T21:57:02.468Z] > git remote --verbose [2ms]
[2023-03-28T21:57:02.476Z] > git config --get commit.template [1ms]
[2023-03-28T21:57:07.485Z] > git status -z -uall [3ms]
[2023-03-28T21:57:07.490Z] > git symbolic-ref --short HEAD [1ms]
[2023-03-28T21:57:07.495Z] > git for-each-ref --format=%(refname)%00%(upstream:short)%00%(objectname)%00%(upstream:track)%00%(upstream:remotename)%00%(upstream:remoteref) refs/heads/main refs/remotes/main [1ms]
[2023-03-28T21:57:07.504Z] > git for-each-ref --sort -committerdate --format %(refname) %(objectname) %(*objectname) [5ms]
[2023-03-28T21:57:07.504Z] > git remote --verbose [1ms]
[2023-03-28T21:57:07.512Z] > git config --get commit.template [1ms]
[2023-03-28T21:57:11.517Z] > git check-ignore -v -z --stdin [1ms]
[2023-03-28T21:57:12.520Z] > git status -z -uall [3ms]
[2023-03-28T21:57:12.525Z] > git symbolic-ref --short HEAD [1ms]
[2023-03-28T21:57:12.530Z] > git for-each-ref --format=%(refname)%00%(upstream:short)%00%(objectname)%00%(upstream:track)%00%(upstream:remotename)%00%(upstream:remoteref) refs/heads/main refs/remotes/main [1ms]
[2023-03-28T21:57:12.539Z] > git for-each-ref --sort -committerdate --format %(refname) %(objectname) %(*objectname) [5ms]
[2023-03-28T21:57:12.540Z] > git remote --verbose [2ms]
[2023-03-28T21:57:12.548Z] > git config --get commit.template [1ms]
[2023-03-28T21:57:17.556Z] > git status -z -uall [2ms]
[2023-03-28T21:57:17.561Z] > git symbolic-ref --short HEAD [1ms]
[2023-03-28T21:57:17.569Z] > git for-each-ref --format=%(refname)%00%(upstream:short)%00%(objectname)%00%(upstream:track)%00%(upstream:remotename)%00%(upstream:remoteref) refs/heads/main refs/remotes/main [2ms]
[2023-03-28T21:57:17.577Z] > git for-each-ref --sort -committerdate --format %(refname) %(objectname) %(*objectname) [4ms]
[2023-03-28T21:57:17.578Z] > git remote --verbose [2ms]
[2023-03-28T21:57:17.587Z] > git config --get commit.template [1ms]
[2023-03-28T21:57:22.594Z] > git status -z -uall [2ms]
[2023-03-28T21:57:22.600Z] > git symbolic-ref --short HEAD [2ms]
[2023-03-28T21:57:22.605Z] > git for-each-ref --format=%(refname)%00%(upstream:short)%00%(objectname)%00%(upstream:track)%00%(upstream:remotename)%00%(upstream:remoteref) refs/heads/main refs/remotes/main [1ms]
[2023-03-28T21:57:22.616Z] > git for-each-ref --sort -committerdate --format %(refname) %(objectname) %(*objectname) [7ms]
[2023-03-28T21:57:22.616Z] > git remote --verbose [1ms]
[2023-03-28T21:57:22.624Z] > git config --get commit.template [1ms]
[2023-03-28T21:57:27.632Z] > git status -z -uall [2ms]
[2023-03-28T21:57:27.637Z] > git symbolic-ref --short HEAD [1ms]
[2023-03-28T21:57:27.643Z] > git for-each-ref --format=%(refname)%00%(upstream:short)%00%(objectname)%00%(upstream:track)%00%(upstream:remotename)%00%(upstream:remoteref) refs/heads/main refs/remotes/main [2ms]
[2023-03-28T21:57:27.651Z] > git for-each-ref --sort -committerdate --format %(refname) %(objectname) %(*objectname) [4ms]
[2023-03-28T21:57:27.652Z] > git remote --verbose [2ms]
[2023-03-28T21:57:27.660Z] > git config --get commit.template [1ms]
[2023-03-28T21:57:32.669Z] > git status -z -uall [2ms]
[2023-03-28T21:57:32.674Z] > git symbolic-ref --short HEAD [1ms]
[2023-03-28T21:57:32.679Z] > git for-each-ref --format=%(refname)%00%(upstream:short)%00%(objectname)%00%(upstream:track)%00%(upstream:remotename)%00%(upstream:remoteref) refs/heads/main refs/remotes/main [1ms]
[2023-03-28T21:57:32.688Z] > git for-each-ref --sort -committerdate --format %(refname) %(objectname) %(*objectname) [5ms]
[2023-03-28T21:57:32.688Z] > git remote --verbose [1ms]
[2023-03-28T21:57:32.698Z] > git config --get commit.template [1ms]
[2023-03-28T21:57:37.707Z] > git status -z -uall [3ms]
[2023-03-28T21:57:37.712Z] > git symbolic-ref --short HEAD [1ms]
[2023-03-28T21:57:37.717Z] > git for-each-ref --format=%(refname)%00%(upstream:short)%00%(objectname)%00%(upstream:track)%00%(upstream:remotename)%00%(upstream:remoteref) refs/heads/main refs/remotes/main [1ms]
[2023-03-28T21:57:37.726Z] > git for-each-ref --sort -committerdate --format %(refname) %(objectname) %(*objectname) [5ms]
[2023-03-28T21:57:37.727Z] > git remote --verbose [2ms]
[2023-03-28T21:57:37.735Z] > git config --get commit.template [1ms]
[2023-03-28T21:57:42.742Z] > git status -z -uall [2ms]
[2023-03-28T21:57:42.747Z] > git symbolic-ref --short HEAD [1ms]
[2023-03-28T21:57:42.753Z] > git for-each-ref --format=%(refname)%00%(upstream:short)%00%(objectname)%00%(upstream:track)%00%(upstream:remotename)%00%(upstream:remoteref) refs/heads/main refs/remotes/main [1ms]
[2023-03-28T21:57:42.761Z] > git for-each-ref --sort -committerdate --format %(refname) %(objectname) %(*objectname) [4ms]
[2023-03-28T21:57:42.762Z] > git remote --verbose [1ms]
[2023-03-28T21:57:42.771Z] > git config --get commit.template [3ms]
[2023-03-28T21:58:05.202Z] > git status -z -uall [3ms]
[2023-03-28T21:58:05.207Z] > git symbolic-ref --short HEAD [1ms]
[2023-03-28T21:58:05.212Z] > git for-each-ref --format=%(refname)%00%(upstream:short)%00%(objectname)%00%(upstream:track)%00%(upstream:remotename)%00%(upstream:remoteref) refs/heads/main refs/remotes/main [1ms]
[2023-03-28T21:58:05.220Z] > git for-each-ref --sort -committerdate --format %(refname) %(objectname) %(*objectname) [4ms]
[2023-03-28T21:58:05.221Z] > git remote --verbose [1ms]
[2023-03-28T21:58:05.229Z] > git config --get commit.template [0ms]
[2023-03-28T21:58:10.179Z] > git check-ignore -v -z --stdin [1ms]
[2023-03-28T21:58:10.237Z] > git status -z -uall [3ms]
[2023-03-28T21:58:10.243Z] > git symbolic-ref --short HEAD [1ms]
[2023-03-28T21:58:10.248Z] > git for-each-ref --format=%(refname)%00%(upstream:short)%00%(objectname)%00%(upstream:track)%00%(upstream:remotename)%00%(upstream:remoteref) refs/heads/main refs/remotes/main [1ms]
[2023-03-28T21:58:10.256Z] > git for-each-ref --sort -committerdate --format %(refname) %(objectname) %(*objectname) [4ms]
[2023-03-28T21:58:10.256Z] > git remote --verbose [1ms]
[2023-03-28T21:58:10.264Z] > git config --get commit.template [1ms]
[2023-03-28T21:58:15.330Z] > git status -z -uall [5ms]
[2023-03-28T21:58:15.344Z] > git symbolic-ref --short HEAD [3ms]
[2023-03-28T21:58:15.356Z] > git for-each-ref --format=%(refname)%00%(upstream:short)%00%(objectname)%00%(upstream:track)%00%(upstream:remotename)%00%(upstream:remoteref) refs/heads/main refs/remotes/main [2ms]
[2023-03-28T21:58:15.406Z] > git show --textconv :wine-quality/README.md [14ms]
[2023-03-28T21:58:15.406Z] > git remote --verbose [29ms]
[2023-03-28T21:58:15.407Z] > git for-each-ref --sort -committerdate --format %(refname) %(objectname) %(*objectname) [41ms]
[2023-03-28T21:58:15.424Z] > git ls-files --stage -- /mnt/code/wine-quality/README.md [21ms]
[2023-03-28T21:58:15.427Z] > git config --get commit.template [3ms]
[2023-03-28T21:58:17.998Z] > git show --textconv :wine-quality/winequality.csv [10ms]
[2023-03-28T21:58:17.999Z] > git ls-files --stage -- /mnt/code/wine-quality/winequality.csv [2ms]
[2023-03-28T21:58:20.440Z] > git status -z -uall [3ms]
[2023-03-28T21:58:20.451Z] > git symbolic-ref --short HEAD [1ms]
[2023-03-28T21:58:20.463Z] > git for-each-ref --format=%(refname)%00%(upstream:short)%00%(objectname)%00%(upstream:track)%00%(upstream:remotename)%00%(upstream:remoteref) refs/heads/main refs/remotes/main [2ms]
[2023-03-28T21:58:20.483Z] > git for-each-ref --sort -committerdate --format %(refname) %(objectname) %(*objectname) [11ms]
[2023-03-28T21:58:20.484Z] > git remote --verbose [2ms]
[2023-03-28T21:58:20.497Z] > git config --get commit.template [1ms]
[2023-03-28T21:58:25.513Z] > git status -z -uall [2ms]
[2023-03-28T21:58:25.528Z] > git symbolic-ref --short HEAD [2ms]
[2023-03-28T21:58:25.558Z] > git for-each-ref --format=%(refname)%00%(upstream:short)%00%(objectname)%00%(upstream:track)%00%(upstream:remotename)%00%(upstream:remoteref) refs/heads/main refs/remotes/main [17ms]
[2023-03-28T21:58:25.587Z] > git for-each-ref --sort -committerdate --format %(refname) %(objectname) %(*objectname) [15ms]
[2023-03-28T21:58:25.587Z] > git remote --verbose [1ms]
[2023-03-28T21:58:25.605Z] > git config --get commit.template [2ms]
[2023-03-28T21:58:30.619Z] > git status -z -uall [3ms]
[2023-03-28T21:58:30.630Z] > git symbolic-ref --short HEAD [1ms]
[2023-03-28T21:58:30.642Z] > git for-each-ref --format=%(refname)%00%(upstream:short)%00%(objectname)%00%(upstream:track)%00%(upstream:remotename)%00%(upstream:remoteref) refs/heads/main refs/remotes/main [2ms]
[2023-03-28T21:58:30.663Z] > git for-each-ref --sort -committerdate --format %(refname) %(objectname) %(*objectname) [11ms]
[2023-03-28T21:58:30.663Z] > git remote --verbose [1ms]
[2023-03-28T21:58:30.680Z] > git config --get commit.template [1ms]
[2023-03-28T21:58:36.434Z] > git status -z -uall [2ms]
[2023-03-28T21:58:36.446Z] > git symbolic-ref --short HEAD [2ms]
[2023-03-28T21:58:36.457Z] > git for-each-ref --format=%(refname)%00%(upstream:short)%00%(objectname)%00%(upstream:track)%00%(upstream:remotename)%00%(upstream:remoteref) refs/heads/main refs/remotes/main [1ms]
[2023-03-28T21:58:36.479Z] > git for-each-ref --sort -committerdate --format %(refname) %(objectname) %(*objectname) [12ms]
[2023-03-28T21:58:36.479Z] > git remote --verbose [1ms]
[2023-03-28T21:58:36.492Z] > git config --get commit.template [0ms]
[2023-03-28T21:58:41.507Z] > git status -z -uall [3ms]
[2023-03-28T21:58:41.518Z] > git symbolic-ref --short HEAD [1ms]
[2023-03-28T21:58:41.529Z] > git for-each-ref --format=%(refname)%00%(upstream:short)%00%(objectname)%00%(upstream:track)%00%(upstream:remotename)%00%(upstream:remoteref) refs/heads/main refs/remotes/main [1ms]
[2023-03-28T21:58:41.550Z] > git for-each-ref --sort -committerdate --format %(refname) %(objectname) %(*objectname) [11ms]
[2023-03-28T21:58:41.550Z] > git remote --verbose [1ms]
[2023-03-28T21:58:41.564Z] > git config --get commit.template [1ms]
[2023-03-28T21:58:46.578Z] > git status -z -uall [3ms]
[2023-03-28T21:58:46.589Z] > git symbolic-ref --short HEAD [1ms]
[2023-03-28T21:58:46.600Z] > git for-each-ref --format=%(refname)%00%(upstream:short)%00%(objectname)%00%(upstream:track)%00%(upstream:remotename)%00%(upstream:remoteref) refs/heads/main refs/remotes/main [1ms]
[2023-03-28T21:58:46.621Z] > git for-each-ref --sort -committerdate --format %(refname) %(objectname) %(*objectname) [11ms]
[2023-03-28T21:58:46.622Z] > git remote --verbose [2ms]
[2023-03-28T21:58:46.635Z] > git config --get commit.template [1ms]
[2023-03-28T21:58:51.649Z] > git status -z -uall [3ms]
[2023-03-28T21:58:51.660Z] > git symbolic-ref --short HEAD [1ms]
[2023-03-28T21:58:51.671Z] > git for-each-ref --format=%(refname)%00%(upstream:short)%00%(objectname)%00%(upstream:track)%00%(upstream:remotename)%00%(upstream:remoteref) refs/heads/main refs/remotes/main [1ms]
[2023-03-28T21:58:51.692Z] > git for-each-ref --sort -committerdate --format %(refname) %(objectname) %(*objectname) [11ms]
[2023-03-28T21:58:51.692Z] > git remote --verbose [1ms]
[2023-03-28T21:58:51.708Z] > git config --get commit.template [1ms]
[2023-03-28T21:58:56.742Z] > git status -z -uall [24ms]
[2023-03-28T21:58:56.753Z] > git symbolic-ref --short HEAD [1ms]
[2023-03-28T21:58:56.761Z] > git for-each-ref --format=%(refname)%00%(upstream:short)%00%(objectname)%00%(upstream:track)%00%(upstream:remotename)%00%(upstream:remoteref) refs/heads/main refs/remotes/main [1ms]
[2023-03-28T21:58:56.777Z] > git for-each-ref --sort -committerdate --format %(refname) %(objectname) %(*objectname) [9ms]
[2023-03-28T21:58:56.777Z] > git remote --verbose [1ms]
[2023-03-28T21:58:56.788Z] > git config --get commit.template [1ms]
[2023-03-28T21:59:01.798Z] > git status -z -uall [3ms]
[2023-03-28T21:59:01.806Z] > git symbolic-ref --short HEAD [1ms]
[2023-03-28T21:59:01.814Z] > git for-each-ref --format=%(refname)%00%(upstream:short)%00%(objectname)%00%(upstream:track)%00%(upstream:remotename)%00%(upstream:remoteref) refs/heads/main refs/remotes/main [1ms]
[2023-03-28T21:59:01.829Z] > git for-each-ref --sort -committerdate --format %(refname) %(objectname) %(*objectname) [8ms]
[2023-03-28T21:59:01.830Z] > git remote --verbose [2ms]
[2023-03-28T21:59:01.841Z] > git config --get commit.template [1ms]
[2023-03-28T21:59:04.130Z] > git check-ignore -v -z --stdin [1ms]
[2023-03-28T21:59:06.852Z] > git status -z -uall [3ms]
[2023-03-28T21:59:06.859Z] > git symbolic-ref --short HEAD [1ms]
[2023-03-28T21:59:06.867Z] > git for-each-ref --format=%(refname)%00%(upstream:short)%00%(objectname)%00%(upstream:track)%00%(upstream:remotename)%00%(upstream:remoteref) refs/heads/main refs/remotes/main [1ms]
[2023-03-28T21:59:06.880Z] > git for-each-ref --sort -committerdate --format %(refname) %(objectname) %(*objectname) [7ms]
[2023-03-28T21:59:06.881Z] > git remote --verbose [1ms]
[2023-03-28T21:59:06.891Z] > git config --get commit.template [1ms]
[2023-03-28T21:59:16.028Z] > git status -z -uall [2ms]
[2023-03-28T21:59:16.036Z] > git symbolic-ref --short HEAD [1ms]
[2023-03-28T21:59:16.044Z] > git for-each-ref --format=%(refname)%00%(upstream:short)%00%(objectname)%00%(upstream:track)%00%(upstream:remotename)%00%(upstream:remoteref) refs/heads/main refs/remotes/main [1ms]
[2023-03-28T21:59:16.058Z] > git for-each-ref --sort -committerdate --format %(refname) %(objectname) %(*objectname) [8ms]
[2023-03-28T21:59:16.059Z] > git remote --verbose [2ms]
[2023-03-28T21:59:16.070Z] > git config --get commit.template [1ms]
[2023-03-28T21:59:21.080Z] > git status -z -uall [3ms]
[2023-03-28T21:59:21.087Z] > git symbolic-ref --short HEAD [1ms]
[2023-03-28T21:59:21.095Z] > git for-each-ref --format=%(refname)%00%(upstream:short)%00%(objectname)%00%(upstream:track)%00%(upstream:remotename)%00%(upstream:remoteref) refs/heads/main refs/remotes/main [1ms]
[2023-03-28T21:59:21.109Z] > git for-each-ref --sort -committerdate --format %(refname) %(objectname) %(*objectname) [7ms]
[2023-03-28T21:59:21.110Z] > git remote --verbose [2ms]
[2023-03-28T21:59:21.122Z] > git config --get commit.template [2ms]
[2023-03-28T21:59:26.132Z] > git status -z -uall [2ms]
[2023-03-28T21:59:26.140Z] > git symbolic-ref --short HEAD [1ms]
[2023-03-28T21:59:26.147Z] > git for-each-ref --format=%(refname)%00%(upstream:short)%00%(objectname)%00%(upstream:track)%00%(upstream:remotename)%00%(upstream:remoteref) refs/heads/main refs/remotes/main [1ms]
[2023-03-28T21:59:26.162Z] > git for-each-ref --sort -committerdate --format %(refname) %(objectname) %(*objectname) [9ms]
[2023-03-28T21:59:26.162Z] > git remote --verbose [1ms]
[2023-03-28T21:59:26.174Z] > git config --get commit.template [1ms]
[2023-03-28T21:59:31.185Z] > git status -z -uall [3ms]
[2023-03-28T21:59:31.192Z] > git symbolic-ref --short HEAD [1ms]
[2023-03-28T21:59:31.200Z] > git for-each-ref --format=%(refname)%00%(upstream:short)%00%(objectname)%00%(upstream:track)%00%(upstream:remotename)%00%(upstream:remoteref) refs/heads/main refs/remotes/main [1ms]
[2023-03-28T21:59:31.214Z] > git for-each-ref --sort -committerdate --format %(refname) %(objectname) %(*objectname) [7ms]
[2023-03-28T21:59:31.214Z] > git remote --verbose [1ms]
[2023-03-28T21:59:31.225Z] > git config --get commit.template [1ms]
[2023-03-28T21:59:36.236Z] > git status -z -uall [3ms]
[2023-03-28T21:59:36.244Z] > git symbolic-ref --short HEAD [1ms]
[2023-03-28T21:59:36.251Z] > git for-each-ref --format=%(refname)%00%(upstream:short)%00%(objectname)%00%(upstream:track)%00%(upstream:remotename)%00%(upstream:remoteref) refs/heads/main refs/remotes/main [1ms]
[2023-03-28T21:59:36.265Z] > git for-each-ref --sort -committerdate --format %(refname) %(objectname) %(*objectname) [7ms]
[2023-03-28T21:59:36.266Z] > git remote --verbose [1ms]
[2023-03-28T21:59:36.277Z] > git config --get commit.template [2ms]
[2023-03-28T21:59:41.289Z] > git status -z -uall [2ms]
[2023-03-28T21:59:41.298Z] > git symbolic-ref --short HEAD [1ms]
[2023-03-28T21:59:41.305Z] > git for-each-ref --format=%(refname)%00%(upstream:short)%00%(objectname)%00%(upstream:track)%00%(upstream:remotename)%00%(upstream:remoteref) refs/heads/main refs/remotes/main [1ms]
[2023-03-28T21:59:41.319Z] > git for-each-ref --sort -committerdate --format %(refname) %(objectname) %(*objectname) [7ms]
[2023-03-28T21:59:41.320Z] > git remote --verbose [1ms]
[2023-03-28T21:59:41.331Z] > git config --get commit.template [1ms]
[2023-03-28T21:59:46.342Z] > git status -z -uall [2ms]
[2023-03-28T21:59:46.350Z] > git symbolic-ref --short HEAD [1ms]
[2023-03-28T21:59:46.360Z] > git for-each-ref --format=%(refname)%00%(upstream:short)%00%(objectname)%00%(upstream:track)%00%(upstream:remotename)%00%(upstream:remoteref) refs/heads/main refs/remotes/main [2ms]
[2023-03-28T21:59:46.374Z] > git for-each-ref --sort -committerdate --format %(refname) %(objectname) %(*objectname) [8ms]
[2023-03-28T21:59:46.374Z] > git remote --verbose [1ms]
[2023-03-28T21:59:46.385Z] > git config --get commit.template [1ms]
[2023-03-28T21:59:51.395Z] > git status -z -uall [3ms]
[2023-03-28T21:59:51.406Z] > git symbolic-ref --short HEAD [1ms]
[2023-03-28T21:59:51.415Z] > git for-each-ref --format=%(refname)%00%(upstream:short)%00%(objectname)%00%(upstream:track)%00%(upstream:remotename)%00%(upstream:remoteref) refs/heads/main refs/remotes/main [1ms]
[2023-03-28T21:59:51.430Z] > git for-each-ref --sort -committerdate --format %(refname) %(objectname) %(*objectname) [7ms]
[2023-03-28T21:59:51.431Z] > git remote --verbose [1ms]
[2023-03-28T21:59:51.441Z] > git config --get commit.template [1ms]
[2023-03-28T21:59:56.452Z] > git status -z -uall [3ms]
[2023-03-28T21:59:56.460Z] > git symbolic-ref --short HEAD [1ms]
[2023-03-28T21:59:56.468Z] > git for-each-ref --format=%(refname)%00%(upstream:short)%00%(objectname)%00%(upstream:track)%00%(upstream:remotename)%00%(upstream:remoteref) refs/heads/main refs/remotes/main [2ms]
[2023-03-28T21:59:56.483Z] > git for-each-ref --sort -committerdate --format %(refname) %(objectname) %(*objectname) [8ms]
[2023-03-28T21:59:56.483Z] > git remote --verbose [1ms]
[2023-03-28T21:59:56.494Z] > git config --get commit.template [1ms]
[2023-03-28T22:00:01.504Z] > git status -z -uall [3ms]
[2023-03-28T22:00:01.513Z] > git symbolic-ref --short HEAD [1ms]
[2023-03-28T22:00:01.525Z] > git for-each-ref --format=%(refname)%00%(upstream:short)%00%(objectname)%00%(upstream:track)%00%(upstream:remotename)%00%(upstream:remoteref) refs/heads/main refs/remotes/main [2ms]
[2023-03-28T22:00:01.542Z] > git for-each-ref --sort -committerdate --format %(refname) %(objectname) %(*objectname) [10ms]
[2023-03-28T22:00:01.543Z] > git remote --verbose [2ms]
[2023-03-28T22:00:01.557Z] > git config --get commit.template [1ms]
[2023-03-28T22:00:06.569Z] > git status -z -uall [3ms]
[2023-03-28T22:00:06.577Z] > git symbolic-ref --short HEAD [1ms]
[2023-03-28T22:00:06.586Z] > git for-each-ref --format=%(refname)%00%(upstream:short)%00%(objectname)%00%(upstream:track)%00%(upstream:remotename)%00%(upstream:remoteref) refs/heads/main refs/remotes/main [1ms]
[2023-03-28T22:00:06.601Z] > git for-each-ref --sort -committerdate --format %(refname) %(objectname) %(*objectname) [8ms]
[2023-03-28T22:00:06.601Z] > git remote --verbose [1ms]
[2023-03-28T22:00:06.611Z] > git config --get commit.template [1ms]
[2023-03-28T22:00:11.621Z] > git status -z -uall [2ms]
[2023-03-28T22:00:11.630Z] > git symbolic-ref --short HEAD [1ms]
[2023-03-28T22:00:11.638Z] > git for-each-ref --format=%(refname)%00%(upstream:short)%00%(objectname)%00%(upstream:track)%00%(upstream:remotename)%00%(upstream:remoteref) refs/heads/main refs/remotes/main [1ms]
[2023-03-28T22:00:11.652Z] > git for-each-ref --sort -committerdate --format %(refname) %(objectname) %(*objectname) [7ms]
[2023-03-28T22:00:11.652Z] > git remote --verbose [1ms]
[2023-03-28T22:00:11.665Z] > git config --get commit.template [1ms]
[2023-03-28T22:00:12.698Z] > git show --textconv :wine-quality/winequality.csv [8ms]
[2023-03-28T22:00:12.699Z] > git ls-files --stage -- /mnt/code/wine-quality/winequality.csv [2ms]
[2023-03-28T22:00:16.675Z] > git status -z -uall [3ms]
[2023-03-28T22:00:16.683Z] > git symbolic-ref --short HEAD [1ms]
[2023-03-28T22:00:16.692Z] > git for-each-ref --format=%(refname)%00%(upstream:short)%00%(objectname)%00%(upstream:track)%00%(upstream:remotename)%00%(upstream:remoteref) refs/heads/main refs/remotes/main [2ms]
[2023-03-28T22:00:16.705Z] > git for-each-ref --sort -committerdate --format %(refname) %(objectname) %(*objectname) [7ms]
[2023-03-28T22:00:16.706Z] > git remote --verbose [1ms]
[2023-03-28T22:00:16.734Z] > git config --get commit.template [17ms]
[2023-03-28T22:00:21.744Z] > git status -z -uall [2ms]
[2023-03-28T22:00:21.753Z] > git symbolic-ref --short HEAD [1ms]
[2023-03-28T22:00:21.761Z] > git for-each-ref --format=%(refname)%00%(upstream:short)%00%(objectname)%00%(upstream:track)%00%(upstream:remotename)%00%(upstream:remoteref) refs/heads/main refs/remotes/main [2ms]
[2023-03-28T22:00:21.775Z] > git for-each-ref --sort -committerdate --format %(refname) %(objectname) %(*objectname) [7ms]
[2023-03-28T22:00:21.775Z] > git remote --verbose [1ms]
[2023-03-28T22:00:21.786Z] > git config --get commit.template [1ms]
[2023-03-28T22:00:23.759Z] > git show --textconv :wine-quality/winequality.csv [8ms]
[2023-03-28T22:00:23.760Z] > git ls-files --stage -- /mnt/code/wine-quality/winequality.csv [1ms]
[2023-03-28T22:00:26.798Z] > git status -z -uall [3ms]
[2023-03-28T22:00:26.806Z] > git symbolic-ref --short HEAD [1ms]
[2023-03-28T22:00:26.814Z] > git for-each-ref --format=%(refname)%00%(upstream:short)%00%(objectname)%00%(upstream:track)%00%(upstream:remotename)%00%(upstream:remoteref) refs/heads/main refs/remotes/main [1ms]
[2023-03-28T22:00:26.828Z] > git for-each-ref --sort -committerdate --format %(refname) %(objectname) %(*objectname) [7ms]
[2023-03-28T22:00:26.829Z] > git remote --verbose [1ms]
[2023-03-28T22:00:26.840Z] > git config --get commit.template [1ms]
[2023-03-28T22:00:31.851Z] > git status -z -uall [3ms]
[2023-03-28T22:00:31.859Z] > git symbolic-ref --short HEAD [1ms]
[2023-03-28T22:00:31.867Z] > git for-each-ref --format=%(refname)%00%(upstream:short)%00%(objectname)%00%(upstream:track)%00%(upstream:remotename)%00%(upstream:remoteref) refs/heads/main refs/remotes/main [1ms]
[2023-03-28T22:00:31.882Z] > git for-each-ref --sort -committerdate --format %(refname) %(objectname) %(*objectname) [8ms]
[2023-03-28T22:00:31.882Z] > git remote --verbose [1ms]
[2023-03-28T22:00:31.893Z] > git config --get commit.template [1ms]
[2023-03-28T22:00:36.903Z] > git status -z -uall [3ms]
[2023-03-28T22:00:36.911Z] > git symbolic-ref --short HEAD [1ms]
[2023-03-28T22:00:36.919Z] > git for-each-ref --format=%(refname)%00%(upstream:short)%00%(objectname)%00%(upstream:track)%00%(upstream:remotename)%00%(upstream:remoteref) refs/heads/main refs/remotes/main [1ms]
[2023-03-28T22:00:36.933Z] > git for-each-ref --sort -committerdate --format %(refname) %(objectname) %(*objectname) [7ms]
[2023-03-28T22:00:36.933Z] > git remote --verbose [1ms]
[2023-03-28T22:00:36.945Z] > git config --get commit.template [2ms]
[2023-03-28T22:00:41.956Z] > git status -z -uall [3ms]
[2023-03-28T22:00:41.964Z] > git symbolic-ref --short HEAD [1ms]
[2023-03-28T22:00:41.972Z] > git for-each-ref --format=%(refname)%00%(upstream:short)%00%(objectname)%00%(upstream:track)%00%(upstream:remotename)%00%(upstream:remoteref) refs/heads/main refs/remotes/main [1ms]
[2023-03-28T22:00:41.985Z] > git for-each-ref --sort -committerdate --format %(refname) %(objectname) %(*objectname) [7ms]
[2023-03-28T22:00:41.986Z] > git remote --verbose [1ms]
[2023-03-28T22:00:41.997Z] > git config --get commit.template [1ms]
[2023-03-28T22:00:42.496Z] > git check-ignore -v -z --stdin [1ms]
[2023-03-28T22:00:45.619Z] > git show --textconv :mock-mlflow/mock-train.py [10ms]
[2023-03-28T22:00:45.620Z] > git ls-files --stage -- /mnt/code/mock-mlflow/mock-train.py [2ms]
[2023-03-28T22:00:47.010Z] > git status -z -uall [3ms]
[2023-03-28T22:00:47.020Z] > git symbolic-ref --short HEAD [1ms]
[2023-03-28T22:00:47.030Z] > git for-each-ref --format=%(refname)%00%(upstream:short)%00%(objectname)%00%(upstream:track)%00%(upstream:remotename)%00%(upstream:remoteref) refs/heads/main refs/remotes/main [1ms]
[2023-03-28T22:00:47.047Z] > git for-each-ref --sort -committerdate --format %(refname) %(objectname) %(*objectname) [9ms]
[2023-03-28T22:00:47.048Z] > git remote --verbose [2ms]
[2023-03-28T22:00:47.061Z] > git config --get commit.template [1ms]
[2023-03-28T22:00:52.072Z] > git status -z -uall [2ms]
[2023-03-28T22:00:52.081Z] > git symbolic-ref --short HEAD [2ms]
[2023-03-28T22:00:52.089Z] > git for-each-ref --format=%(refname)%00%(upstream:short)%00%(objectname)%00%(upstream:track)%00%(upstream:remotename)%00%(upstream:remoteref) refs/heads/main refs/remotes/main [1ms]
[2023-03-28T22:00:52.104Z] > git for-each-ref --sort -committerdate --format %(refname) %(objectname) %(*objectname) [8ms]
[2023-03-28T22:00:52.104Z] > git remote --verbose [1ms]
[2023-03-28T22:00:52.114Z] > git config --get commit.template [1ms]
[2023-03-28T22:00:57.127Z] > git status -z -uall [3ms]
[2023-03-28T22:00:57.135Z] > git symbolic-ref --short HEAD [1ms]
[2023-03-28T22:00:57.143Z] > git for-each-ref --format=%(refname)%00%(upstream:short)%00%(objectname)%00%(upstream:track)%00%(upstream:remotename)%00%(upstream:remoteref) refs/heads/main refs/remotes/main [1ms]
[2023-03-28T22:00:57.157Z] > git for-each-ref --sort -committerdate --format %(refname) %(objectname) %(*objectname) [7ms]
[2023-03-28T22:00:57.158Z] > git remote --verbose [1ms]
[2023-03-28T22:00:57.169Z] > git config --get commit.template [1ms]
[2023-03-28T22:01:02.179Z] > git status -z -uall [2ms]
[2023-03-28T22:01:02.187Z] > git symbolic-ref --short HEAD [1ms]
[2023-03-28T22:01:02.195Z] > git for-each-ref --format=%(refname)%00%(upstream:short)%00%(objectname)%00%(upstream:track)%00%(upstream:remotename)%00%(upstream:remoteref) refs/heads/main refs/remotes/main [1ms]
[2023-03-28T22:01:02.210Z] > git for-each-ref --sort -committerdate --format %(refname) %(objectname) %(*objectname) [7ms]
[2023-03-28T22:01:02.211Z] > git remote --verbose [1ms]
[2023-03-28T22:01:02.223Z] > git config --get commit.template [2ms]
[2023-03-28T22:01:07.233Z] > git status -z -uall [2ms]
[2023-03-28T22:01:07.241Z] > git symbolic-ref --short HEAD [1ms]
[2023-03-28T22:01:07.249Z] > git for-each-ref --format=%(refname)%00%(upstream:short)%00%(objectname)%00%(upstream:track)%00%(upstream:remotename)%00%(upstream:remoteref) refs/heads/main refs/remotes/main [1ms]
[2023-03-28T22:01:07.264Z] > git for-each-ref --sort -committerdate --format %(refname) %(objectname) %(*objectname) [7ms]
[2023-03-28T22:01:07.265Z] > git remote --verbose [2ms]
[2023-03-28T22:01:07.279Z] > git config --get commit.template [2ms]
[2023-03-28T22:01:12.290Z] > git status -z -uall [2ms]
[2023-03-28T22:01:12.298Z] > git symbolic-ref --short HEAD [1ms]
[2023-03-28T22:01:12.306Z] > git for-each-ref --format=%(refname)%00%(upstream:short)%00%(objectname)%00%(upstream:track)%00%(upstream:remotename)%00%(upstream:remoteref) refs/heads/main refs/remotes/main [1ms]
[2023-03-28T22:01:12.320Z] > git for-each-ref --sort -committerdate --format %(refname) %(objectname) %(*objectname) [7ms]
[2023-03-28T22:01:12.321Z] > git remote --verbose [1ms]
[2023-03-28T22:01:12.330Z] > git config --get commit.template [0ms]
[2023-03-28T22:01:17.341Z] > git status -z -uall [3ms]
[2023-03-28T22:01:17.349Z] > git symbolic-ref --short HEAD [1ms]
[2023-03-28T22:01:17.357Z] > git for-each-ref --format=%(refname)%00%(upstream:short)%00%(objectname)%00%(upstream:track)%00%(upstream:remotename)%00%(upstream:remoteref) refs/heads/main refs/remotes/main [2ms]
[2023-03-28T22:01:17.370Z] > git for-each-ref --sort -committerdate --format %(refname) %(objectname) %(*objectname) [7ms]
[2023-03-28T22:01:17.371Z] > git remote --verbose [1ms]
[2023-03-28T22:01:17.381Z] > git config --get commit.template [1ms]
[2023-03-28T22:01:19.865Z] > git show --textconv :mock-mlflow/mock-train.py [9ms]
[2023-03-28T22:01:19.866Z] > git ls-files --stage -- /mnt/code/mock-mlflow/mock-train.py [1ms]
[2023-03-28T22:01:22.392Z] > git status -z -uall [2ms]
[2023-03-28T22:01:22.400Z] > git symbolic-ref --short HEAD [1ms]
[2023-03-28T22:01:22.408Z] > git for-each-ref --format=%(refname)%00%(upstream:short)%00%(objectname)%00%(upstream:track)%00%(upstream:remotename)%00%(upstream:remoteref) refs/heads/main refs/remotes/main [1ms]
[2023-03-28T22:01:22.424Z] > git remote --verbose [1ms]
[2023-03-28T22:01:22.424Z] > git for-each-ref --sort -committerdate --format %(refname) %(objectname) %(*objectname) [9ms]
[2023-03-28T22:01:22.435Z] > git config --get commit.template [1ms]
[2023-03-28T22:01:27.445Z] > git status -z -uall [2ms]
[2023-03-28T22:01:27.454Z] > git symbolic-ref --short HEAD [2ms]
[2023-03-28T22:01:27.462Z] > git for-each-ref --format=%(refname)%00%(upstream:short)%00%(objectname)%00%(upstream:track)%00%(upstream:remotename)%00%(upstream:remoteref) refs/heads/main refs/remotes/main [1ms]
[2023-03-28T22:01:27.476Z] > git for-each-ref --sort -committerdate --format %(refname) %(objectname) %(*objectname) [7ms]
[2023-03-28T22:01:27.477Z] > git remote --verbose [1ms]
[2023-03-28T22:01:27.486Z] > git config --get commit.template [1ms]
[2023-03-28T22:01:32.496Z] > git status -z -uall [2ms]
[2023-03-28T22:01:32.504Z] > git symbolic-ref --short HEAD [1ms]
[2023-03-28T22:01:32.512Z] > git for-each-ref --format=%(refname)%00%(upstream:short)%00%(objectname)%00%(upstream:track)%00%(upstream:remotename)%00%(upstream:remoteref) refs/heads/main refs/remotes/main [1ms]
[2023-03-28T22:01:32.526Z] > git for-each-ref --sort -committerdate --format %(refname) %(objectname) %(*objectname) [7ms]
[2023-03-28T22:01:32.526Z] > git remote --verbose [1ms]
[2023-03-28T22:01:32.537Z] > git config --get commit.template [1ms]
[2023-03-28T22:01:37.547Z] > git status -z -uall [3ms]
[2023-03-28T22:01:37.555Z] > git symbolic-ref --short HEAD [1ms]
[2023-03-28T22:01:37.563Z] > git for-each-ref --format=%(refname)%00%(upstream:short)%00%(objectname)%00%(upstream:track)%00%(upstream:remotename)%00%(upstream:remoteref) refs/heads/main refs/remotes/main [1ms]
[2023-03-28T22:01:37.578Z] > git for-each-ref --sort -committerdate --format %(refname) %(objectname) %(*objectname) [8ms]
[2023-03-28T22:01:37.578Z] > git remote --verbose [1ms]
[2023-03-28T22:01:37.589Z] > git config --get commit.template [2ms]
[2023-03-28T22:01:42.599Z] > git status -z -uall [2ms]
[2023-03-28T22:01:42.608Z] > git symbolic-ref --short HEAD [2ms]
[2023-03-28T22:01:42.615Z] > git for-each-ref --format=%(refname)%00%(upstream:short)%00%(objectname)%00%(upstream:track)%00%(upstream:remotename)%00%(upstream:remoteref) refs/heads/main refs/remotes/main [1ms]
[2023-03-28T22:01:42.630Z] > git for-each-ref --sort -committerdate --format %(refname) %(objectname) %(*objectname) [8ms]
[2023-03-28T22:01:42.630Z] > git remote --verbose [1ms]
[2023-03-28T22:01:42.641Z] > git config --get commit.template [2ms]
[2023-03-28T22:01:47.651Z] > git status -z -uall [2ms]
[2023-03-28T22:01:47.660Z] > git symbolic-ref --short HEAD [1ms]
[2023-03-28T22:01:47.668Z] > git for-each-ref --format=%(refname)%00%(upstream:short)%00%(objectname)%00%(upstream:track)%00%(upstream:remotename)%00%(upstream:remoteref) refs/heads/main refs/remotes/main [1ms]
[2023-03-28T22:01:47.683Z] > git for-each-ref --sort -committerdate --format %(refname) %(objectname) %(*objectname) [8ms]
[2023-03-28T22:01:47.683Z] > git remote --verbose [1ms]
[2023-03-28T22:01:47.694Z] > git config --get commit.template [1ms]
[2023-03-28T22:01:52.704Z] > git status -z -uall [3ms]
[2023-03-28T22:01:52.712Z] > git symbolic-ref --short HEAD [1ms]
[2023-03-28T22:01:52.720Z] > git for-each-ref --format=%(refname)%00%(upstream:short)%00%(objectname)%00%(upstream:track)%00%(upstream:remotename)%00%(upstream:remoteref) refs/heads/main refs/remotes/main [1ms]
[2023-03-28T22:01:52.735Z] > git for-each-ref --sort -committerdate --format %(refname) %(objectname) %(*objectname) [7ms]
[2023-03-28T22:01:52.735Z] > git remote --verbose [1ms]
[2023-03-28T22:01:52.745Z] > git config --get commit.template [1ms]
[2023-03-28T22:01:57.755Z] > git status -z -uall [2ms]
[2023-03-28T22:01:57.764Z] > git symbolic-ref --short HEAD [2ms]
[2023-03-28T22:01:57.771Z] > git for-each-ref --format=%(refname)%00%(upstream:short)%00%(objectname)%00%(upstream:track)%00%(upstream:remotename)%00%(upstream:remoteref) refs/heads/main refs/remotes/main [1ms]
[2023-03-28T22:01:57.786Z] > git for-each-ref --sort -committerdate --format %(refname) %(objectname) %(*objectname) [8ms]
[2023-03-28T22:01:57.786Z] > git remote --verbose [1ms]
[2023-03-28T22:01:57.797Z] > git config --get commit.template [1ms]
[2023-03-28T22:02:02.808Z] > git status -z -uall [3ms]
[2023-03-28T22:02:02.816Z] > git symbolic-ref --short HEAD [1ms]
[2023-03-28T22:02:02.824Z] > git for-each-ref --format=%(refname)%00%(upstream:short)%00%(objectname)%00%(upstream:track)%00%(upstream:remotename)%00%(upstream:remoteref) refs/heads/main refs/remotes/main [1ms]
[2023-03-28T22:02:02.838Z] > git for-each-ref --sort -committerdate --format %(refname) %(objectname) %(*objectname) [7ms]
[2023-03-28T22:02:02.838Z] > git remote --verbose [1ms]
[2023-03-28T22:02:02.849Z] > git config --get commit.template [1ms]
[2023-03-28T22:02:07.860Z] > git status -z -uall [3ms]
[2023-03-28T22:02:07.868Z] > git symbolic-ref --short HEAD [1ms]
[2023-03-28T22:02:07.875Z] > git for-each-ref --format=%(refname)%00%(upstream:short)%00%(objectname)%00%(upstream:track)%00%(upstream:remotename)%00%(upstream:remoteref) refs/heads/main refs/remotes/main [1ms]
[2023-03-28T22:02:07.892Z] > git remote --verbose [1ms]
[2023-03-28T22:02:07.892Z] > git for-each-ref --sort -committerdate --format %(refname) %(objectname) %(*objectname) [10ms]
[2023-03-28T22:02:07.903Z] > git config --get commit.template [1ms]
[2023-03-28T22:02:12.913Z] > git status -z -uall [2ms]
[2023-03-28T22:02:12.921Z] > git symbolic-ref --short HEAD [1ms]
[2023-03-28T22:02:12.929Z] > git for-each-ref --format=%(refname)%00%(upstream:short)%00%(objectname)%00%(upstream:track)%00%(upstream:remotename)%00%(upstream:remoteref) refs/heads/main refs/remotes/main [1ms]
[2023-03-28T22:02:12.943Z] > git for-each-ref --sort -committerdate --format %(refname) %(objectname) %(*objectname) [7ms]
[2023-03-28T22:02:12.943Z] > git remote --verbose [1ms]
[2023-03-28T22:02:12.954Z] > git config --get commit.template [1ms]
[2023-03-28T22:02:22.549Z] > git status -z -uall [3ms]
[2023-03-28T22:02:22.557Z] > git symbolic-ref --short HEAD [1ms]
[2023-03-28T22:02:22.565Z] > git for-each-ref --format=%(refname)%00%(upstream:short)%00%(objectname)%00%(upstream:track)%00%(upstream:remotename)%00%(upstream:remoteref) refs/heads/main refs/remotes/main [1ms]
[2023-03-28T22:02:22.581Z] > git for-each-ref --sort -committerdate --format %(refname) %(objectname) %(*objectname) [9ms]
[2023-03-28T22:02:22.582Z] > git remote --verbose [4ms]
[2023-03-28T22:02:22.592Z] > git config --get commit.template [1ms]
[2023-03-28T22:02:27.602Z] > git status -z -uall [2ms]
[2023-03-28T22:02:27.610Z] > git symbolic-ref --short HEAD [1ms]
[2023-03-28T22:02:27.618Z] > git for-each-ref --format=%(refname)%00%(upstream:short)%00%(objectname)%00%(upstream:track)%00%(upstream:remotename)%00%(upstream:remoteref) refs/heads/main refs/remotes/main [1ms]
[2023-03-28T22:02:27.632Z] > git for-each-ref --sort -committerdate --format %(refname) %(objectname) %(*objectname) [7ms]
[2023-03-28T22:02:27.633Z] > git remote --verbose [1ms]
[2023-03-28T22:02:27.644Z] > git config --get commit.template [2ms]
[2023-03-28T22:02:32.654Z] > git status -z -uall [2ms]
[2023-03-28T22:02:32.662Z] > git symbolic-ref --short HEAD [1ms]
[2023-03-28T22:02:32.670Z] > git for-each-ref --format=%(refname)%00%(upstream:short)%00%(objectname)%00%(upstream:track)%00%(upstream:remotename)%00%(upstream:remoteref) refs/heads/main refs/remotes/main [1ms]
[2023-03-28T22:02:32.684Z] > git for-each-ref --sort -committerdate --format %(refname) %(objectname) %(*objectname) [7ms]
[2023-03-28T22:02:32.685Z] > git remote --verbose [1ms]
[2023-03-28T22:02:32.695Z] > git config --get commit.template [1ms]
[2023-03-28T22:02:37.705Z] > git status -z -uall [3ms]
[2023-03-28T22:02:37.713Z] > git symbolic-ref --short HEAD [1ms]
[2023-03-28T22:02:37.721Z] > git for-each-ref --format=%(refname)%00%(upstream:short)%00%(objectname)%00%(upstream:track)%00%(upstream:remotename)%00%(upstream:remoteref) refs/heads/main refs/remotes/main [1ms]
[2023-03-28T22:02:37.735Z] > git for-each-ref --sort -committerdate --format %(refname) %(objectname) %(*objectname) [7ms]
[2023-03-28T22:02:37.735Z] > git remote --verbose [1ms]
[2023-03-28T22:02:37.746Z] > git config --get commit.template [1ms]
[2023-03-28T22:02:42.757Z] > git status -z -uall [3ms]
[2023-03-28T22:02:42.765Z] > git symbolic-ref --short HEAD [1ms]
[2023-03-28T22:02:42.772Z] > git for-each-ref --format=%(refname)%00%(upstream:short)%00%(objectname)%00%(upstream:track)%00%(upstream:remotename)%00%(upstream:remoteref) refs/heads/main refs/remotes/main [1ms]
[2023-03-28T22:02:42.786Z] > git for-each-ref --sort -committerdate --format %(refname) %(objectname) %(*objectname) [7ms]
[2023-03-28T22:02:42.787Z] > git remote --verbose [1ms]
[2023-03-28T22:02:42.797Z] > git config --get commit.template [1ms]
[2023-03-28T22:02:47.808Z] > git status -z -uall [3ms]
[2023-03-28T22:02:47.816Z] > git symbolic-ref --short HEAD [1ms]
[2023-03-28T22:02:47.824Z] > git for-each-ref --format=%(refname)%00%(upstream:short)%00%(objectname)%00%(upstream:track)%00%(upstream:remotename)%00%(upstream:remoteref) refs/heads/main refs/remotes/main [1ms]
[2023-03-28T22:02:47.840Z] > git for-each-ref --sort -committerdate --format %(refname) %(objectname) %(*objectname) [8ms]
[2023-03-28T22:02:47.840Z] > git remote --verbose [1ms]
[2023-03-28T22:02:47.853Z] > git config --get commit.template [1ms]
[2023-03-28T22:02:52.864Z] > git status -z -uall [3ms]
[2023-03-28T22:02:52.872Z] > git symbolic-ref --short HEAD [2ms]
[2023-03-28T22:02:52.879Z] > git for-each-ref --format=%(refname)%00%(upstream:short)%00%(objectname)%00%(upstream:track)%00%(upstream:remotename)%00%(upstream:remoteref) refs/heads/main refs/remotes/main [1ms]
[2023-03-28T22:02:52.894Z] > git for-each-ref --sort -committerdate --format %(refname) %(objectname) %(*objectname) [8ms]
[2023-03-28T22:02:52.896Z] > git remote --verbose [3ms]
[2023-03-28T22:02:52.908Z] > git config --get commit.template [1ms]
