code-server (1.68.1, laxmi56p7400.workbench-analyze-team-sandbox.domino.tech, server-distro)
Jupyter Extension Version: 2022.5.1001610507.
Python Extension Version: 2022.16.1.
Workspace folder /mnt/code
info 21:58:14.307: ZMQ install verified.
User belongs to experiment group 'jupyterEnhancedDataViewer'
User belongs to experiment group 'jupyterTestcf'
info 21:58:15.26: LSP Notebooks experiment is disabled -- Pylance disabled or not installed
info 21:58:15.139: Experiment status for python is {"enabled":true,"optInto":[],"optOutFrom":[]}
info 21:58:17.172: Process Execution: > /bin/python -m pip list
> /bin/python -m pip list
info 21:58:18.729: Preferred Remote kernel for /mnt/code/wine-quality/Train.ipynb is undefined
info 21:58:18.990: Preferred Remote kernel for /mnt/code/wine-quality/Train.ipynb is undefined
info 21:58:18.991: Find preferred kernel for /mnt/code/wine-quality/Train.ipynb with metadata {"language_info":{"name":"python"},"orig_nbformat":4} & preferred interpreter /bin/python
info 21:58:18.992: Preferred Remote kernel for /mnt/code/wine-quality/Train.ipynb is undefined
info 21:58:18.992: Preferred kernel .jvsc74a57bd0e7370f93d1d0cde622a1f8e1c04877d8463912d04d973331ad4851f04de6915a./bin/python./bin/python.-m#ipykernel_launcher is exact match
info 21:58:18.994: PreferredConnection: .jvsc74a57bd0e7370f93d1d0cde622a1f8e1c04877d8463912d04d973331ad4851f04de6915a./bin/python./bin/python.-m#ipykernel_launcher found for NotebookDocument: /mnt/code/wine-quality/Train.ipynb
info 21:58:19.250: Preferred Remote kernel for /mnt/code/wine-quality/Train.ipynb is undefined
info 21:58:19.250: Find preferred kernel for /mnt/code/wine-quality/Train.ipynb with metadata {"language_info":{"name":"python"},"orig_nbformat":4} & preferred interpreter /bin/python
info 21:58:19.251: Preferred Remote kernel for /mnt/code/wine-quality/Train.ipynb is undefined
info 21:58:19.251: Preferred kernel .jvsc74a57bd0e7370f93d1d0cde622a1f8e1c04877d8463912d04d973331ad4851f04de6915a./bin/python./bin/python.-m#ipykernel_launcher is exact match
info 21:58:22.159: Execute Cell 0 /mnt/code/wine-quality/Train.ipynb
info 21:58:22.163: Starting Jupyter Session id = 'startUsingPythonInterpreter:.jvsc74a57bd0e7370f93d1d0cde622a1f8e1c04877d8463912d04d973331ad4851f04de6915a./bin/python./bin/python.-m#ipykernel_launcher' (Python Path: , EnvType: Global, EnvName: '', Version: 3.8.10) for '/mnt/code/wine-quality/Train.ipynb' (disableUI=false)
info 21:58:22.165: Creating raw notebook for resource '/mnt/code/wine-quality/Train.ipynb'
info 21:58:22.165: Computing working directory for resource '/mnt/code/wine-quality/Train.ipynb'
info 21:58:22.167: Starting raw kernel 'Python 3.8.10 64-bit' for interpreter /bin/python
info 21:58:22.176: Kernel launching with ports 9001,9002,9003,9004,9005. Start port is 9000
info 21:58:22.554: Process Execution: > /bin/python -c "import ipykernel; print(ipykernel.__version__); print("5dc3a68c-e34e-4080-9c3e-2a532b2ccb4d"); print(ipykernel.__file__)"
> /bin/python -c "import ipykernel; print(ipykernel.__version__); print("5dc3a68c-e34e-4080-9c3e-2a532b2ccb4d"); print(ipykernel.__file__)"
warn 21:58:22.574: Stderr output when getting ipykernel version & path Traceback (most recent call last):
  File "<string>", line 1, in <module>
ModuleNotFoundError: No module named 'ipykernel' for /bin/python
info 21:58:22.703: Process Execution: > /bin/python -m ipykernel_launcher --ip=127.0.0.1 --stdin=9004 --control=9002 --hb=9001 --Session.signature_scheme="hmac-sha256" --Session.key=b"8c3c3270-90d2-43a8-a9b4-0fe0025682eb" --shell=9003 --transport="tcp" --iopub=9005 --f=/home/ubuntu/.local/share/jupyter/runtime/kernel-v2-687Nhbw1E9qx745.json
> /bin/python -m ipykernel_launcher --ip=127.0.0.1 --stdin=9004 --control=9002 --hb=9001 --Session.signature_scheme="hmac-sha256" --Session.key=b"8c3c3270-90d2-43a8-a9b4-0fe0025682eb" --shell=9003 --transport="tcp" --iopub=9005 --f=/home/ubuntu/.local/share/jupyter/runtime/kernel-v2-687Nhbw1E9qx745.json
info 21:58:22.703: Process Execution: cwd: /mnt/code/wine-quality
cwd: /mnt/code/wine-quality
warn 21:58:22.723: StdErr from Kernel Process /bin/python: No module named ipykernel_launcher

error 21:58:22.726: Disposing kernel process due to an error [o [Error]: The kernel died. View Jupyter [log](command:jupyter.viewOutput) for further details. 
Error: /bin/python: No module named ipykernel_launcher...
	at ChildProcess.<anonymous> (/home/ubuntu/.local/share/code-server/extensions/ms-toolsai.jupyter-2022.5.1001610507-universal/out/extension.node.js:2:557187)
	at ChildProcess.emit (node:events:539:35)
	at Process.ChildProcess._handle.onexit (node:internal/child_process:291:12)] {
  category: 'kerneldied',
  kernelConnectionMetadata: {
    kind: 'startUsingPythonInterpreter',
    kernelSpec: {
      specFile: '/home/ubuntu/.local/share/code-server/extensions/ms-toolsai.jupyter-2022.5.1001610507-universal/temp/jupyter/kernels/python3810jvsc74a57bd0e7370f93d1d0cde622a1f8e1c04877d8463912d04d973331ad4851f04de6915a/kernel.json',
      interpreterPath: '/bin/python',
      isRegisteredByVSC: 'registeredByNewVersionOfExt',
      name: 'python3810jvsc74a57bd0e7370f93d1d0cde622a1f8e1c04877d8463912d04d973331ad4851f04de6915a',
      argv: [Array],
      language: 'python',
      executable: 'python',
      display_name: 'Python 3.8.10 64-bit',
      metadata: [Object],
      env: {}
    },
    interpreter: {
      id: '/bin/python',
      sysPrefix: '/usr',
      envType: 'Global',
      envName: '',
      architecture: 3,
      sysVersion: '3.8.10 (default, Nov 14 2022, 12:59:47) \n[GCC 9.4.0]',
      version: [Object],
      displayName: 'Python 3.8.10 64-bit',
      detailedDisplayName: 'Python 3.8.10 64-bit',
      uri: [g]
    },
    id: '.jvsc74a57bd0e7370f93d1d0cde622a1f8e1c04877d8463912d04d973331ad4851f04de6915a./bin/python./bin/python.-m#ipykernel_launcher'
  },
  exitCode: 1,
  stdErr: '/bin/python: No module named ipykernel_launcher\n'
}
error 21:58:22.729: /bin/python: No module named ipykernel_launcher

error 21:58:22.736: Failed to connect raw kernel session: Error: The kernel died. View Jupyter [log](command:jupyter.viewOutput) for further details. 
Error: /bin/python: No module named ipykernel_launcher...
warn 21:58:22.739: Error occurred while trying to start the kernel, options.disableUI=false [o [Error]: The kernel died. View Jupyter [log](command:jupyter.viewOutput) for further details. 
Error: /bin/python: No module named ipykernel_launcher...
	at ChildProcess.<anonymous> (/home/ubuntu/.local/share/code-server/extensions/ms-toolsai.jupyter-2022.5.1001610507-universal/out/extension.node.js:2:557187)
	at ChildProcess.emit (node:events:539:35)
	at Process.ChildProcess._handle.onexit (node:internal/child_process:291:12)] {
  category: 'kerneldied',
  kernelConnectionMetadata: {
    kind: 'startUsingPythonInterpreter',
    kernelSpec: {
      specFile: '/home/ubuntu/.local/share/code-server/extensions/ms-toolsai.jupyter-2022.5.1001610507-universal/temp/jupyter/kernels/python3810jvsc74a57bd0e7370f93d1d0cde622a1f8e1c04877d8463912d04d973331ad4851f04de6915a/kernel.json',
      interpreterPath: '/bin/python',
      isRegisteredByVSC: 'registeredByNewVersionOfExt',
      name: 'python3810jvsc74a57bd0e7370f93d1d0cde622a1f8e1c04877d8463912d04d973331ad4851f04de6915a',
      argv: [Array],
      language: 'python',
      executable: 'python',
      display_name: 'Python 3.8.10 64-bit',
      metadata: [Object],
      env: {}
    },
    interpreter: {
      id: '/bin/python',
      sysPrefix: '/usr',
      envType: 'Global',
      envName: '',
      architecture: 3,
      sysVersion: '3.8.10 (default, Nov 14 2022, 12:59:47) \n[GCC 9.4.0]',
      version: [Object],
      displayName: 'Python 3.8.10 64-bit',
      detailedDisplayName: 'Python 3.8.10 64-bit',
      uri: [g]
    },
    id: '.jvsc74a57bd0e7370f93d1d0cde622a1f8e1c04877d8463912d04d973331ad4851f04de6915a./bin/python./bin/python.-m#ipykernel_launcher'
  },
  exitCode: 1,
  stdErr: '/bin/python: No module named ipykernel_launcher\n'
}
warn 21:58:22.740: Kernel Error, context = start [o [Error]: The kernel died. View Jupyter [log](command:jupyter.viewOutput) for further details. 
Error: /bin/python: No module named ipykernel_launcher...
	at ChildProcess.<anonymous> (/home/ubuntu/.local/share/code-server/extensions/ms-toolsai.jupyter-2022.5.1001610507-universal/out/extension.node.js:2:557187)
	at ChildProcess.emit (node:events:539:35)
	at Process.ChildProcess._handle.onexit (node:internal/child_process:291:12)] {
  category: 'kerneldied',
  kernelConnectionMetadata: {
    kind: 'startUsingPythonInterpreter',
    kernelSpec: {
      specFile: '/home/ubuntu/.local/share/code-server/extensions/ms-toolsai.jupyter-2022.5.1001610507-universal/temp/jupyter/kernels/python3810jvsc74a57bd0e7370f93d1d0cde622a1f8e1c04877d8463912d04d973331ad4851f04de6915a/kernel.json',
      interpreterPath: '/bin/python',
      isRegisteredByVSC: 'registeredByNewVersionOfExt',
      name: 'python3810jvsc74a57bd0e7370f93d1d0cde622a1f8e1c04877d8463912d04d973331ad4851f04de6915a',
      argv: [Array],
      language: 'python',
      executable: 'python',
      display_name: 'Python 3.8.10 64-bit',
      metadata: [Object],
      env: {}
    },
    interpreter: {
      id: '/bin/python',
      sysPrefix: '/usr',
      envType: 'Global',
      envName: '',
      architecture: 3,
      sysVersion: '3.8.10 (default, Nov 14 2022, 12:59:47) \n[GCC 9.4.0]',
      version: [Object],
      displayName: 'Python 3.8.10 64-bit',
      detailedDisplayName: 'Python 3.8.10 64-bit',
      uri: [g]
    },
    id: '.jvsc74a57bd0e7370f93d1d0cde622a1f8e1c04877d8463912d04d973331ad4851f04de6915a./bin/python./bin/python.-m#ipykernel_launcher'
  },
  exitCode: 1,
  stdErr: '/bin/python: No module named ipykernel_launcher\n'
}
warn 21:58:22.742: Failed to delete connection file /home/ubuntu/.local/share/jupyter/runtime/kernel-v2-687Nhbw1E9qx745.json [Error: ENOENT: no such file or directory, unlink '/home/ubuntu/.local/share/jupyter/runtime/kernel-v2-687Nhbw1E9qx745.json'] {
  errno: -2,
  code: 'ENOENT',
  syscall: 'unlink',
  path: '/home/ubuntu/.local/share/jupyter/runtime/kernel-v2-687Nhbw1E9qx745.json'
}
info 21:58:23.76: Process Execution: > /bin/python -c "import ipykernel"
> /bin/python -c "import ipykernel"
info 21:58:23.96: installMissingDependencies /bin/python, ui.disabled=false for resource '/mnt/code/wine-quality/Train.ipynb'
info 21:58:23.189: Process Execution: > /bin/python -c "import ipykernel"
> /bin/python -c "import ipykernel"
info 21:58:23.304: Process Execution: > /bin/python -c "import pip"
> /bin/python -c "import pip"
info 21:58:23.343: Process Execution: > /bin/python -c "import pip"
> /bin/python -c "import pip"
info 21:58:23.466: Process Execution: > /bin/python -m pip install -U ipykernel
> /bin/python -m pip install -U ipykernel
info 21:58:23.807: Defaulting to user installation because normal site-packages is not writeable

info 21:58:24.48: Collecting ipykernel

info 21:58:24.99:   Downloading ipykernel-6.22.0-py3-none-any.whl (149 kB)

info 21:58:24.121:      ━━━━━━━━━━━━━━━━━━━━━━━━━━━━━━━━━━━━━━━ 150.0/150.0 kB 7.7 MB/s eta 0:00:00
info 21:58:24.122: 

info 21:58:24.210: Collecting jupyter-core!=5.0.*,>=4.12

info 21:58:24.221:   Downloading jupyter_core-5.3.0-py3-none-any.whl (93 kB)

info 21:58:24.229:      ━━━━━━━━━━━━━━━━━━━━━━━━━━━━━━━━━━━━━━━━ 93.2/93.2 kB 18.8 MB/s eta 0:00:00
info 21:58:24.229: 

info 21:58:24.254: Collecting comm>=0.1.1

info 21:58:24.265:   Downloading comm-0.1.3-py3-none-any.whl (6.6 kB)

info 21:58:24.314: Collecting packaging

info 21:58:24.325:   Downloading packaging-23.0-py3-none-any.whl (42 kB)

info 21:58:24.331:      ━━━━━━━━━━━━━━━━━━━━━━━━━━━━━━━━━━━━━━━━ 42.7/42.7 kB 11.6 MB/s eta 0:00:00
info 21:58:24.331: 

info 21:58:24.581: Collecting debugpy>=1.6.5

info 21:58:24.595:   Downloading debugpy-1.6.6-cp38-cp38-manylinux_2_17_x86_64.manylinux2014_x86_64.whl (3.1 MB)

info 21:58:24.646:      ━━━━━━━━━━━━━━━━━━━━━━━━━━━━━━━━━━━━━━━━ 3.1/3.1 MB 66.2 MB/s eta 0:00:00
info 21:58:24.646: 

info 21:58:24.752: Collecting ipython>=7.23.1

info 21:58:24.765:   Downloading ipython-8.11.0-py3-none-any.whl (793 kB)

info 21:58:24.784:      ━━━━━━━━━━━━━━━━━━━━━━━━━━━━━━━━━━━━━━ 793.3/793.3 kB 59.6 MB/s eta 0:00:00
info 21:58:24.785: 

info 21:58:24.987: Collecting psutil

info 21:58:24.998:   Downloading psutil-5.9.4-cp36-abi3-manylinux_2_12_x86_64.manylinux2010_x86_64.manylinux_2_17_x86_64.manylinux2014_x86_64.whl (280 kB)

info 21:58:25.9:      ━━━━━━━━━━━━━━━━━━━━━━━━━━━━━━━━━━━━━━ 280.2/280.2 kB 32.6 MB/s eta 0:00:00
info 21:58:25.10: 

info 21:58:25.54: Collecting traitlets>=5.4.0

info 21:58:25.65:   Downloading traitlets-5.9.0-py3-none-any.whl (117 kB)

info 21:58:25.74:      ━━━━━━━━━━━━━━━━━━━━━━━━━━━━━━━━━━━━━━ 117.4/117.4 kB 22.6 MB/s eta 0:00:00
info 21:58:25.74: 

info 21:58:25.159: Collecting tornado>=6.1

info 21:58:25.170:   Downloading tornado-6.2-cp37-abi3-manylinux_2_5_x86_64.manylinux1_x86_64.manylinux_2_17_x86_64.manylinux2014_x86_64.whl (423 kB)

info 21:58:25.180:      ━━━━━━━━━━━━━━━━━━━━━━━━━━━━━━━━━━━━━━ 424.0/424.0 kB 60.6 MB/s eta 0:00:00
info 21:58:25.180: 

info 21:58:25.208: Collecting matplotlib-inline>=0.1

info 21:58:25.220:   Downloading matplotlib_inline-0.1.6-py3-none-any.whl (9.4 kB)

info 21:58:25.632: Collecting pyzmq>=20

info 21:58:25.645:   Downloading pyzmq-25.0.2-cp38-cp38-manylinux_2_12_x86_64.manylinux2010_x86_64.whl (1.1 MB)

info 21:58:25.664:      ━━━━━━━━━━━━━━━━━━━━━━━━━━━━━━━━━━━━━━━━ 1.1/1.1 MB 68.3 MB/s eta 0:00:00
info 21:58:25.664: 

info 21:58:25.754: Collecting jupyter-client>=6.1.12

info 21:58:25.758:   Downloading jupyter_client-8.1.0-py3-none-any.whl (102 kB)

info 21:58:25.766:      ━━━━━━━━━━━━━━━━━━━━━━━━━━━━━━━━━━━━━━ 102.9/102.9 kB 23.9 MB/s eta 0:00:00
info 21:58:25.766: 

info 21:58:25.809: Collecting nest-asyncio

info 21:58:25.820:   Downloading nest_asyncio-1.5.6-py3-none-any.whl (5.2 kB)

info 21:58:25.947: Collecting decorator

info 21:58:25.958:   Downloading decorator-5.1.1-py3-none-any.whl (9.1 kB)

info 21:58:26.1: Collecting jedi>=0.16

info 21:58:26.15:   Downloading jedi-0.18.2-py2.py3-none-any.whl (1.6 MB)

info 21:58:26.38:      ━━━━━━━━━━━━━━━━━━━━━━━━━━━━━━━━━━━━━━━━ 1.6/1.6 MB 78.9 MB/s eta 0:00:00
info 21:58:26.38: 

info 21:58:26.169: Collecting prompt-toolkit!=3.0.37,<3.1.0,>=3.0.30

info 21:58:26.182:   Downloading prompt_toolkit-3.0.38-py3-none-any.whl (385 kB)

info 21:58:26.194:      ━━━━━━━━━━━━━━━━━━━━━━━━━━━━━━━━━━━━━━ 385.8/385.8 kB 47.7 MB/s eta 0:00:00
info 21:58:26.194: 

info 21:58:26.226: Collecting pexpect>4.3

info 21:58:26.237:   Downloading pexpect-4.8.0-py2.py3-none-any.whl (59 kB)

info 21:58:26.245:      ━━━━━━━━━━━━━━━━━━━━━━━━━━━━━━━━━━━━━━━━ 59.0/59.0 kB 9.7 MB/s eta 0:00:00
info 21:58:26.245: 

info 21:58:26.275: Collecting pickleshare

info 21:58:26.286:   Downloading pickleshare-0.7.5-py2.py3-none-any.whl (6.9 kB)

info 21:58:26.322: Collecting stack-data

info 21:58:26.334:   Downloading stack_data-0.6.2-py3-none-any.whl (24 kB)

info 21:58:26.401: Collecting pygments>=2.4.0

info 21:58:26.414:   Downloading Pygments-2.14.0-py3-none-any.whl (1.1 MB)

info 21:58:26.435:      ━━━━━━━━━━━━━━━━━━━━━━━━━━━━━━━━━━━━━━━━ 1.1/1.1 MB 62.4 MB/s eta 0:00:00
info 21:58:26.435: 

info 21:58:26.466: Collecting backcall

info 21:58:26.477:   Downloading backcall-0.2.0-py2.py3-none-any.whl (11 kB)

info 21:58:26.603: Collecting importlib-metadata>=4.8.3

info 21:58:26.615:   Downloading importlib_metadata-6.1.0-py3-none-any.whl (21 kB)

info 21:58:26.654: Collecting python-dateutil>=2.8.2

info 21:58:26.665:   Downloading python_dateutil-2.8.2-py2.py3-none-any.whl (247 kB)

info 21:58:26.676:      ━━━━━━━━━━━━━━━━━━━━━━━━━━━━━━━━━━━━━━ 247.7/247.7 kB 32.2 MB/s eta 0:00:00
info 21:58:26.676: 

info 21:58:26.747: Collecting platformdirs>=2.5

info 21:58:26.757:   Downloading platformdirs-3.2.0-py3-none-any.whl (14 kB)

info 21:58:26.877: Collecting zipp>=0.5

info 21:58:26.888:   Downloading zipp-3.15.0-py3-none-any.whl (6.8 kB)

info 21:58:26.968: Collecting parso<0.9.0,>=0.8.0

info 21:58:26.980:   Downloading parso-0.8.3-py2.py3-none-any.whl (100 kB)

info 21:58:26.992:      ━━━━━━━━━━━━━━━━━━━━━━━━━━━━━━━━━━━━━━ 100.8/100.8 kB 11.0 MB/s eta 0:00:00
info 21:58:26.992: 

info 21:58:27.22: Collecting ptyprocess>=0.5

info 21:58:27.33:   Downloading ptyprocess-0.7.0-py2.py3-none-any.whl (13 kB)

info 21:58:27.82: Collecting wcwidth

info 21:58:27.93:   Downloading wcwidth-0.2.6-py2.py3-none-any.whl (29 kB)

info 21:58:27.110: Requirement already satisfied: six>=1.5 in /usr/lib/python3/dist-packages (from python-dateutil>=2.8.2->jupyter-client>=6.1.12->ipykernel) (1.14.0)

info 21:58:27.155: Collecting pure-eval

info 21:58:27.166:   Downloading pure_eval-0.2.2-py3-none-any.whl (11 kB)

info 21:58:27.217: Collecting asttokens>=2.1.0

info 21:58:27.228:   Downloading asttokens-2.2.1-py2.py3-none-any.whl (26 kB)

info 21:58:27.265: Collecting executing>=1.2.0

info 21:58:27.276:   Downloading executing-1.2.0-py2.py3-none-any.whl (24 kB)

info 21:58:27.692: Installing collected packages: wcwidth, pure-eval, ptyprocess, pickleshare, executing, backcall, zipp, traitlets, tornado, pyzmq, python-dateutil, pygments, psutil, prompt-toolkit, platformdirs, pexpect, parso, packaging, nest-asyncio, decorator, debugpy, asttokens, stack-data, matplotlib-inline, jupyter-core, jedi, importlib-metadata, comm, jupyter-client, ipython, ipykernel

info 21:58:31.900: Successfully installed asttokens-2.2.1 backcall-0.2.0 comm-0.1.3 debugpy-1.6.6 decorator-5.1.1 executing-1.2.0 importlib-metadata-6.1.0 ipykernel-6.22.0 ipython-8.11.0 jedi-0.18.2 jupyter-client-8.1.0 jupyter-core-5.3.0 matplotlib-inline-0.1.6 nest-asyncio-1.5.6 packaging-23.0 parso-0.8.3 pexpect-4.8.0 pickleshare-0.7.5 platformdirs-3.2.0 prompt-toolkit-3.0.38 psutil-5.9.4 ptyprocess-0.7.0 pure-eval-0.2.2 pygments-2.14.0 python-dateutil-2.8.2 pyzmq-25.0.2 stack-data-0.6.2 tornado-6.2 traitlets-5.9.0 wcwidth-0.2.6 zipp-3.15.0

info 21:58:31.904: 
[notice] A new release of pip available: 22.3.1 -> 23.0.1
[notice] To update, run: /bin/python -m pip install --upgrade pip

info 21:58:32.165: Process Execution: > /bin/python -c "import ipykernel"
> /bin/python -c "import ipykernel"
info 21:58:32.357: Dispose Kernel '/mnt/code/wine-quality/Train.ipynb' associated with '/mnt/code/wine-quality/Train.ipynb'
info 21:58:32.359: Starting Jupyter Session id = 'startUsingPythonInterpreter:.jvsc74a57bd0e7370f93d1d0cde622a1f8e1c04877d8463912d04d973331ad4851f04de6915a./bin/python./bin/python.-m#ipykernel_launcher' (Python Path: , EnvType: Global, EnvName: '', Version: 3.8.10) for '/mnt/code/wine-quality/Train.ipynb' (disableUI=false)
info 21:58:32.360: Creating raw notebook for resource '/mnt/code/wine-quality/Train.ipynb'
info 21:58:32.360: Computing working directory for resource '/mnt/code/wine-quality/Train.ipynb'
info 21:58:32.361: Starting raw kernel 'Python 3.8.10 64-bit' for interpreter /bin/python
info 21:58:32.369: Kernel launching with ports 9009,9010,9011,9012,9013. Start port is 9000
info 21:58:32.471: Process Execution: > /bin/python -m pip list
> /bin/python -m pip list
info 21:58:32.486: Process Execution: > /bin/python -c "import ipykernel; print(ipykernel.__version__); print("5dc3a68c-e34e-4080-9c3e-2a532b2ccb4d"); print(ipykernel.__file__)"
> /bin/python -c "import ipykernel; print(ipykernel.__version__); print("5dc3a68c-e34e-4080-9c3e-2a532b2ccb4d"); print(ipykernel.__file__)"
info 21:58:32.588: Process Execution: > /bin/python -m ipykernel_launcher --ip=127.0.0.1 --stdin=9012 --control=9010 --hb=9009 --Session.signature_scheme="hmac-sha256" --Session.key=b"5071bc7d-387e-4acf-94b0-7b726075205f" --shell=9011 --transport="tcp" --iopub=9013 --f=/home/ubuntu/.local/share/jupyter/runtime/kernel-v2-687LPyRi61HwxgB.json
> /bin/python -m ipykernel_launcher --ip=127.0.0.1 --stdin=9012 --control=9010 --hb=9009 --Session.signature_scheme="hmac-sha256" --Session.key=b"5071bc7d-387e-4acf-94b0-7b726075205f" --shell=9011 --transport="tcp" --iopub=9013 --f=/home/ubuntu/.local/share/jupyter/runtime/kernel-v2-687LPyRi61HwxgB.json
info 21:58:32.588: Process Execution: cwd: /mnt/code/wine-quality
cwd: /mnt/code/wine-quality
info 21:58:32.691: ipykernel version 6.22.0 for /bin/python
info 21:58:32.692: ipykernel location ~/.local/lib/python3.8/site-packages/ipykernel/__init__.py for /bin/python
warn 21:58:33.172: StdErr from Kernel Process /home/ubuntu/.local/lib/python3.8/site-packages/traitlets/traitlets.py:2548: FutureWarning: Supporting extra quotes around strings is deprecated in traitlets 5.0. You can use 'hmac-sha256' instead of '"hmac-sha256"' if you require traitlets >=5.
  warn(

warn 21:58:33.173: StdErr from Kernel Process /home/ubuntu/.local/lib/python3.8/site-packages/traitlets/traitlets.py:2499: FutureWarning: Supporting extra quotes around Bytes is deprecated in traitlets 5.0. Use '5071bc7d-387e-4acf-94b0-7b726075205f' instead of 'b"5071bc7d-387e-4acf-94b0-7b726075205f"'.
  warn(

info 21:58:33.181: Kernel Output: NOTE: When using the `ipython kernel` entry point, Ctrl-C will not work.

To exit, you will have to explicitly quit this process, by either sending
"quit" from a client, or using Ctrl-\ in UNIX-like environments.

To read more about this, see https://github.com/ipython/ipython/issues/2049


To connect another client to this kernel, use:
    --existing kernel-v2-687LPyRi61HwxgB.json

info 21:58:33.239: Started kernel Python 3.8.10 64-bit, (Raw session started and connected)
info 21:58:33.240: Finished connecting e3fbbe5b-6046-4f47-8cec-2b2f96b4e8c7
info 21:58:33.487: UpdateWorkingDirectoryAndPath in Kernel
info 21:58:33.488: Executing silently Code (idle) = import os\nimport sys\n%cd "/mnt/code/wine-quality"\nif os.getcwd() not in sys.path:\nsys.path.inser
info 21:58:33.506: Executing silently Code (completed) = import os\nimport sys\n%cd "/mnt/code/wine-quality"\nif os.getcwd() not in sys.path:\nsys.path.inser
info 21:58:33.506: Waiting for idle on (kernel): 5bb2a2c3-6595-49ba-b27d-fa866d74d6d2 -> idle
info 21:58:33.506: Finished waiting for idle on (kernel): 5bb2a2c3-6595-49ba-b27d-fa866d74d6d2 -> idle
info 21:58:33.835: Cancel all remaining cells true || Error || undefined
info 21:58:33.835: Cancel pending cells
info 21:58:33.836: Cell 0 executed with state Error
info 21:58:46.814: Execute Cell 0 /mnt/code/wine-quality/Train.ipynb
info 21:58:46.814: Execute Cell 1 /mnt/code/wine-quality/Train.ipynb
info 21:58:46.814: Execute Cell 2 /mnt/code/wine-quality/Train.ipynb
info 21:58:46.908: Cancel all remaining cells true || Error || undefined
info 21:58:46.908: Cancel pending cells
info 21:58:46.908: Cell 0 executed with state Error
info 21:58:46.908: Cell 1 executed with state Idle
info 21:58:46.908: Cell 2 executed with state Idle
info 21:59:24.894: Execute Cell 1 /mnt/code/wine-quality/Train.ipynb
info 21:59:24.980: Cancel all remaining cells true || Error || undefined
info 21:59:24.980: Cancel pending cells
info 21:59:24.980: Cell 1 executed with state Error
info 21:59:54.81: Execute Cell 2 /mnt/code/wine-quality/Train.ipynb
info 21:59:54.174: Cancel all remaining cells true || Error || undefined
info 21:59:54.174: Cancel pending cells
info 21:59:54.174: Cell 2 executed with state Error
info 22:0:1.5: Execute Cell 0 /mnt/code/wine-quality/Train.ipynb
info 22:0:1.116: Cancel all remaining cells true || Error || undefined
info 22:0:1.116: Cancel pending cells
info 22:0:1.116: Cell 0 executed with state Error
info 22:0:26.182: Execute Cell 0 /mnt/code/wine-quality/Train.ipynb
info 22:0:26.298: Cancel all remaining cells true || Error || undefined
info 22:0:26.298: Cancel pending cells
info 22:0:26.298: Cell 0 executed with state Error
info 22:1:3.403: Execute Cell 0 /mnt/code/wine-quality/Train.ipynb
info 22:1:3.484: Cancel all remaining cells true || Error || undefined
info 22:1:3.484: Cancel pending cells
info 22:1:3.485: Cell 0 executed with state Error
info 22:1:3.725: Execute Cell 0 /mnt/code/wine-quality/Train.ipynb
info 22:1:3.808: Cancel all remaining cells true || Error || undefined
info 22:1:3.808: Cancel pending cells
info 22:1:3.808: Cell 0 executed with state Error
info 22:1:13.176: Execute Cell 0 /mnt/code/wine-quality/Train.ipynb
info 22:1:13.300: Cancel all remaining cells true || Error || undefined
info 22:1:13.300: Cancel pending cells
info 22:1:13.300: Cell 0 executed with state Error
info 22:1:42.223: Execute Cell 0 /mnt/code/wine-quality/Train.ipynb
info 22:1:42.340: Cancel all remaining cells true || Error || undefined
info 22:1:42.340: Cancel pending cells
info 22:1:42.340: Cell 0 executed with state Error
info 22:2:15.100: Restart requested file:///mnt/code/wine-quality/Train.ipynb
info 22:2:15.101: Restart kernel execution
info 22:2:15.101: Cancel pending cells
info 22:2:15.102: Restarting 5bb2a2c3-6595-49ba-b27d-fa866d74d6d2
info 22:2:15.102: Starting raw kernel 'Python 3.8.10 64-bit' for interpreter /bin/python
info 22:2:15.109: Kernel launching with ports 9014,9015,9016,9017,9018. Start port is 9000
info 22:2:15.211: Process Execution: > /bin/python -c "import ipykernel; print(ipykernel.__version__); print("5dc3a68c-e34e-4080-9c3e-2a532b2ccb4d"); print(ipykernel.__file__)"
> /bin/python -c "import ipykernel; print(ipykernel.__version__); print("5dc3a68c-e34e-4080-9c3e-2a532b2ccb4d"); print(ipykernel.__file__)"
info 22:2:15.314: Process Execution: > /bin/python -m ipykernel_launcher --ip=127.0.0.1 --stdin=9017 --control=9015 --hb=9014 --Session.signature_scheme="hmac-sha256" --Session.key=b"4b732636-11e3-4485-94ce-0a911d814003" --shell=9016 --transport="tcp" --iopub=9018 --f=/home/ubuntu/.local/share/jupyter/runtime/kernel-v2-687D1TMs44acfA9.json
> /bin/python -m ipykernel_launcher --ip=127.0.0.1 --stdin=9017 --control=9015 --hb=9014 --Session.signature_scheme="hmac-sha256" --Session.key=b"4b732636-11e3-4485-94ce-0a911d814003" --shell=9016 --transport="tcp" --iopub=9018 --f=/home/ubuntu/.local/share/jupyter/runtime/kernel-v2-687D1TMs44acfA9.json
info 22:2:15.314: Process Execution: cwd: /mnt/code/wine-quality
cwd: /mnt/code/wine-quality
info 22:2:15.410: ipykernel version 6.22.0 for /bin/python
info 22:2:15.411: ipykernel location ~/.local/lib/python3.8/site-packages/ipykernel/__init__.py for /bin/python
warn 22:2:15.887: StdErr from Kernel Process /home/ubuntu/.local/lib/python3.8/site-packages/traitlets/traitlets.py:2548: FutureWarning: Supporting extra quotes around strings is deprecated in traitlets 5.0. You can use 'hmac-sha256' instead of '"hmac-sha256"' if you require traitlets >=5.
  warn(

warn 22:2:15.888: StdErr from Kernel Process /home/ubuntu/.local/lib/python3.8/site-packages/traitlets/traitlets.py:2499: FutureWarning: Supporting extra quotes around Bytes is deprecated in traitlets 5.0. Use '4b732636-11e3-4485-94ce-0a911d814003' instead of 'b"4b732636-11e3-4485-94ce-0a911d814003"'.
  warn(

info 22:2:15.896: Kernel Output: NOTE: When using the `ipython kernel` entry point, Ctrl-C will not work.

To exit, you will have to explicitly quit this process, by either sending
"quit" from a client, or using Ctrl-\ in UNIX-like environments.

To read more about this, see https://github.com/ipython/ipython/issues/2049


To connect another client to this kernel, use:
    --existing kernel-v2-687D1TMs44acfA9.json

info 22:2:15.938: Got new session 70ef9210-70d5-4702-9e28-4b6394fe3d32
info 22:2:15.938: Started new restart session
info 22:2:15.944: Executing silently Code (idle) = import sys\nprint(sys.executable)
info 22:2:16.421: Executing silently Code (completed) = import sys\nprint(sys.executable)
info 22:2:16.701: UpdateWorkingDirectoryAndPath in Kernel
info 22:2:16.701: Executing silently Code (idle) = import os\nimport sys\n%cd "/mnt/code/wine-quality"\nif os.getcwd() not in sys.path:\nsys.path.inser
info 22:2:16.716: Executing silently Code (completed) = import os\nimport sys\n%cd "/mnt/code/wine-quality"\nif os.getcwd() not in sys.path:\nsys.path.inser
info 22:2:16.716: Waiting for idle on (kernel): 70ef9210-70d5-4702-9e28-4b6394fe3d32 -> idle
info 22:2:16.717: Finished waiting for idle on (kernel): 70ef9210-70d5-4702-9e28-4b6394fe3d32 -> idle
info 22:2:18.642: Execute Cell 0 /mnt/code/wine-quality/Train.ipynb
info 22:2:19.38: Cancel all remaining cells true || Error || undefined
info 22:2:19.38: Cancel pending cells
info 22:2:19.38: Cell 0 executed with state Error
info 22:2:55.784: Shutting down notebooks for e3fbbe5b-6046-4f47-8cec-2b2f96b4e8c7
info 22:2:55.785: Disposing HostJupyterExecution 797a8d2f-b319-4096-8a3e-ea656353823f
info 22:2:55.785: Disposing super HostJupyterExecution 797a8d2f-b319-4096-8a3e-ea656353823f
info 22:2:55.785: Dispose Kernel '/mnt/code/wine-quality/Train.ipynb' associated with '/mnt/code/wine-quality/Train.ipynb'
info 22:2:55.785: Dispose Kernel '/mnt/code/wine-quality/Train.ipynb' associated with '/mnt/code/wine-quality/Train.ipynb'
info 22:2:55.785: Cancel pending cells
info 22:2:55.790: Disposing HostJupyterExecution 797a8d2f-b319-4096-8a3e-ea656353823f
info 22:2:55.790: Finished disposing HostJupyterExecution  797a8d2f-b319-4096-8a3e-ea656353823f
info 22:2:55.799: Cleaning up server cache 797a8d2f-b319-4096-8a3e-ea656353823f
info 22:2:55.800: Finished disposing HostJupyterExecution  797a8d2f-b319-4096-8a3e-ea656353823f
