[2023-03-28T00:09:02.014Z] Log level: Info
[2023-03-28T00:09:02.017Z] [info] Validating found git in: git
[2023-03-28T00:09:02.053Z] [info] Using git 2.39.1 from git
[2023-03-28T00:09:02.099Z] > git rev-parse --show-toplevel [31ms]
[2023-03-28T00:09:02.129Z] > git rev-parse --git-dir --git-common-dir [23ms]
[2023-03-28T00:09:02.136Z] [info] Open repository: /mnt/code
[2023-03-28T00:09:02.148Z] > git status -z -uall [5ms]
[2023-03-28T00:09:02.153Z] > git symbolic-ref --short HEAD [1ms]
[2023-03-28T00:09:02.159Z] > git for-each-ref --format=%(refname)%00%(upstream:short)%00%(objectname)%00%(upstream:track)%00%(upstream:remotename)%00%(upstream:remoteref) refs/heads/main refs/remotes/main [1ms]
[2023-03-28T00:09:02.169Z] > git remote --verbose [2ms]
[2023-03-28T00:09:02.170Z] > git for-each-ref --sort -committerdate --format %(refname) %(objectname) %(*objectname) [6ms]
[2023-03-28T00:09:02.206Z] > git config --get commit.template [26ms]
[2023-03-28T00:09:02.717Z] > git check-ignore -v -z --stdin [1ms]
[2023-03-28T00:09:10.322Z] > git check-ignore -v -z --stdin [1ms]
[2023-03-28T00:09:17.888Z] > git check-ignore -v -z --stdin [2ms]
[2023-03-28T00:09:30.021Z] > git status -z -uall [4ms]
[2023-03-28T00:09:30.030Z] > git symbolic-ref --short HEAD [2ms]
[2023-03-28T00:09:30.039Z] > git for-each-ref --format=%(refname)%00%(upstream:short)%00%(objectname)%00%(upstream:track)%00%(upstream:remotename)%00%(upstream:remoteref) refs/heads/main refs/remotes/main [2ms]
[2023-03-28T00:09:30.055Z] > git for-each-ref --sort -committerdate --format %(refname) %(objectname) %(*objectname) [9ms]
[2023-03-28T00:09:30.056Z] > git remote --verbose [2ms]
[2023-03-28T00:09:30.070Z] > git config --get commit.template [1ms]
[2023-03-28T00:09:39.017Z] > git status -z -uall [2ms]
[2023-03-28T00:09:39.024Z] > git symbolic-ref --short HEAD [1ms]
[2023-03-28T00:09:39.030Z] > git for-each-ref --format=%(refname)%00%(upstream:short)%00%(objectname)%00%(upstream:track)%00%(upstream:remotename)%00%(upstream:remoteref) refs/heads/main refs/remotes/main [1ms]
[2023-03-28T00:09:39.043Z] > git for-each-ref --sort -committerdate --format %(refname) %(objectname) %(*objectname) [6ms]
[2023-03-28T00:09:39.044Z] > git remote --verbose [2ms]
[2023-03-28T00:09:39.054Z] > git config --get commit.template [0ms]
[2023-03-28T00:09:44.062Z] > git status -z -uall [2ms]
[2023-03-28T00:09:44.069Z] > git symbolic-ref --short HEAD [1ms]
[2023-03-28T00:09:44.075Z] > git for-each-ref --format=%(refname)%00%(upstream:short)%00%(objectname)%00%(upstream:track)%00%(upstream:remotename)%00%(upstream:remoteref) refs/heads/main refs/remotes/main [1ms]
[2023-03-28T00:09:44.088Z] > git for-each-ref --sort -committerdate --format %(refname) %(objectname) %(*objectname) [7ms]
[2023-03-28T00:09:44.088Z] > git remote --verbose [2ms]
[2023-03-28T00:09:44.100Z] > git config --get commit.template [1ms]
[2023-03-28T00:09:49.110Z] > git status -z -uall [3ms]
[2023-03-28T00:09:49.116Z] > git symbolic-ref --short HEAD [1ms]
[2023-03-28T00:09:49.123Z] > git for-each-ref --format=%(refname)%00%(upstream:short)%00%(objectname)%00%(upstream:track)%00%(upstream:remotename)%00%(upstream:remoteref) refs/heads/main refs/remotes/main [2ms]
[2023-03-28T00:09:49.136Z] > git remote --verbose [3ms]
[2023-03-28T00:09:49.136Z] > git for-each-ref --sort -committerdate --format %(refname) %(objectname) %(*objectname) [8ms]
[2023-03-28T00:09:49.146Z] > git config --get commit.template [1ms]
[2023-03-28T00:09:54.159Z] > git status -z -uall [4ms]
[2023-03-28T00:09:54.172Z] > git symbolic-ref --short HEAD [3ms]
[2023-03-28T00:09:54.183Z] > git for-each-ref --format=%(refname)%00%(upstream:short)%00%(objectname)%00%(upstream:track)%00%(upstream:remotename)%00%(upstream:remoteref) refs/heads/main refs/remotes/main [3ms]
[2023-03-28T00:09:54.230Z] > git remote --verbose [4ms]
[2023-03-28T00:09:54.230Z] > git for-each-ref --sort -committerdate --format %(refname) %(objectname) %(*objectname) [37ms]
[2023-03-28T00:09:54.253Z] > git config --get commit.template [11ms]
[2023-03-28T00:10:01.021Z] > git status -z -uall [2ms]
[2023-03-28T00:10:01.028Z] > git symbolic-ref --short HEAD [1ms]
[2023-03-28T00:10:01.035Z] > git for-each-ref --format=%(refname)%00%(upstream:short)%00%(objectname)%00%(upstream:track)%00%(upstream:remotename)%00%(upstream:remoteref) refs/heads/main refs/remotes/main [2ms]
[2023-03-28T00:10:01.046Z] > git for-each-ref --sort -committerdate --format %(refname) %(objectname) %(*objectname) [6ms]
[2023-03-28T00:10:01.047Z] > git remote --verbose [2ms]
[2023-03-28T00:10:01.055Z] > git config --get commit.template [1ms]
[2023-03-28T00:10:06.064Z] > git status -z -uall [2ms]
[2023-03-28T00:10:06.072Z] > git symbolic-ref --short HEAD [2ms]
[2023-03-28T00:10:06.079Z] > git for-each-ref --format=%(refname)%00%(upstream:short)%00%(objectname)%00%(upstream:track)%00%(upstream:remotename)%00%(upstream:remoteref) refs/heads/main refs/remotes/main [1ms]
[2023-03-28T00:10:06.092Z] > git for-each-ref --sort -committerdate --format %(refname) %(objectname) %(*objectname) [8ms]
[2023-03-28T00:10:06.092Z] > git remote --verbose [2ms]
[2023-03-28T00:10:06.101Z] > git config --get commit.template [1ms]
[2023-03-28T00:10:11.110Z] > git status -z -uall [3ms]
[2023-03-28T00:10:11.117Z] > git symbolic-ref --short HEAD [2ms]
[2023-03-28T00:10:11.124Z] > git for-each-ref --format=%(refname)%00%(upstream:short)%00%(objectname)%00%(upstream:track)%00%(upstream:remotename)%00%(upstream:remoteref) refs/heads/main refs/remotes/main [2ms]
[2023-03-28T00:10:11.135Z] > git for-each-ref --sort -committerdate --format %(refname) %(objectname) %(*objectname) [6ms]
[2023-03-28T00:10:11.135Z] > git remote --verbose [1ms]
[2023-03-28T00:10:11.144Z] > git config --get commit.template [1ms]
