[2023-03-27T20:49:33.187Z] Log level: Info
[2023-03-27T20:49:33.189Z] [info] Validating found git in: git
[2023-03-27T20:49:33.233Z] [info] Using git 2.39.1 from git
[2023-03-27T20:49:33.253Z] > git rev-parse --show-toplevel [5ms]
[2023-03-27T20:49:33.280Z] > git rev-parse --git-dir --git-common-dir [19ms]
[2023-03-27T20:49:33.289Z] [info] Open repository: /mnt/code
[2023-03-27T20:49:33.303Z] > git status -z -uall [5ms]
[2023-03-27T20:49:33.309Z] > git symbolic-ref --short HEAD [2ms]
[2023-03-27T20:49:33.315Z] > git for-each-ref --format=%(refname)%00%(upstream:short)%00%(objectname)%00%(upstream:track)%00%(upstream:remotename)%00%(upstream:remoteref) refs/heads/main refs/remotes/main [2ms]
[2023-03-27T20:49:33.324Z] > git remote --verbose [1ms]
[2023-03-27T20:49:33.325Z] > git for-each-ref --sort -committerdate --format %(refname) %(objectname) %(*objectname) [6ms]
[2023-03-27T20:49:33.338Z] > git config --get commit.template [4ms]
[2023-03-27T20:49:33.852Z] > git check-ignore -v -z --stdin [1ms]
[2023-03-27T20:49:35.158Z] > git status -z -uall [3ms]
[2023-03-27T20:49:35.162Z] > git symbolic-ref --short HEAD [1ms]
[2023-03-27T20:49:35.167Z] > git for-each-ref --format=%(refname)%00%(upstream:short)%00%(objectname)%00%(upstream:track)%00%(upstream:remotename)%00%(upstream:remoteref) refs/heads/main refs/remotes/main [1ms]
[2023-03-27T20:49:35.175Z] > git for-each-ref --sort -committerdate --format %(refname) %(objectname) %(*objectname) [5ms]
[2023-03-27T20:49:35.175Z] > git remote --verbose [1ms]
[2023-03-27T20:49:35.183Z] > git config --get commit.template [2ms]
[2023-03-27T20:49:40.190Z] > git status -z -uall [2ms]
[2023-03-27T20:49:40.195Z] > git symbolic-ref --short HEAD [1ms]
[2023-03-27T20:49:40.200Z] > git for-each-ref --format=%(refname)%00%(upstream:short)%00%(objectname)%00%(upstream:track)%00%(upstream:remotename)%00%(upstream:remoteref) refs/heads/main refs/remotes/main [1ms]
[2023-03-27T20:49:40.207Z] > git for-each-ref --sort -committerdate --format %(refname) %(objectname) %(*objectname) [4ms]
[2023-03-27T20:49:40.208Z] > git remote --verbose [2ms]
[2023-03-27T20:49:40.217Z] > git config --get commit.template [1ms]
[2023-03-27T20:49:45.224Z] > git status -z -uall [2ms]
[2023-03-27T20:49:45.229Z] > git symbolic-ref --short HEAD [1ms]
[2023-03-27T20:49:45.234Z] > git for-each-ref --format=%(refname)%00%(upstream:short)%00%(objectname)%00%(upstream:track)%00%(upstream:remotename)%00%(upstream:remoteref) refs/heads/main refs/remotes/main [1ms]
[2023-03-27T20:49:45.241Z] > git for-each-ref --sort -committerdate --format %(refname) %(objectname) %(*objectname) [4ms]
[2023-03-27T20:49:45.242Z] > git remote --verbose [2ms]
[2023-03-27T20:49:45.249Z] > git config --get commit.template [1ms]
[2023-03-27T20:49:50.256Z] > git status -z -uall [2ms]
[2023-03-27T20:49:50.262Z] > git symbolic-ref --short HEAD [1ms]
[2023-03-27T20:49:50.266Z] > git for-each-ref --format=%(refname)%00%(upstream:short)%00%(objectname)%00%(upstream:track)%00%(upstream:remotename)%00%(upstream:remoteref) refs/heads/main refs/remotes/main [1ms]
[2023-03-27T20:49:50.274Z] > git for-each-ref --sort -committerdate --format %(refname) %(objectname) %(*objectname) [4ms]
[2023-03-27T20:49:50.274Z] > git remote --verbose [1ms]
[2023-03-27T20:49:50.281Z] > git config --get commit.template [1ms]
[2023-03-27T20:49:55.289Z] > git status -z -uall [2ms]
[2023-03-27T20:49:55.296Z] > git symbolic-ref --short HEAD [1ms]
[2023-03-27T20:49:55.301Z] > git for-each-ref --format=%(refname)%00%(upstream:short)%00%(objectname)%00%(upstream:track)%00%(upstream:remotename)%00%(upstream:remoteref) refs/heads/main refs/remotes/main [2ms]
[2023-03-27T20:49:55.309Z] > git for-each-ref --sort -committerdate --format %(refname) %(objectname) %(*objectname) [5ms]
[2023-03-27T20:49:55.309Z] > git remote --verbose [1ms]
[2023-03-27T20:49:55.316Z] > git config --get commit.template [1ms]
[2023-03-27T20:50:00.323Z] > git status -z -uall [2ms]
[2023-03-27T20:50:00.328Z] > git symbolic-ref --short HEAD [1ms]
[2023-03-27T20:50:00.333Z] > git for-each-ref --format=%(refname)%00%(upstream:short)%00%(objectname)%00%(upstream:track)%00%(upstream:remotename)%00%(upstream:remoteref) refs/heads/main refs/remotes/main [2ms]
[2023-03-27T20:50:00.340Z] > git for-each-ref --sort -committerdate --format %(refname) %(objectname) %(*objectname) [4ms]
[2023-03-27T20:50:00.340Z] > git remote --verbose [1ms]
[2023-03-27T20:50:00.347Z] > git config --get commit.template [1ms]
[2023-03-27T20:50:05.354Z] > git status -z -uall [2ms]
[2023-03-27T20:50:05.359Z] > git symbolic-ref --short HEAD [1ms]
[2023-03-27T20:50:05.363Z] > git for-each-ref --format=%(refname)%00%(upstream:short)%00%(objectname)%00%(upstream:track)%00%(upstream:remotename)%00%(upstream:remoteref) refs/heads/main refs/remotes/main [1ms]
[2023-03-27T20:50:05.371Z] > git for-each-ref --sort -committerdate --format %(refname) %(objectname) %(*objectname) [4ms]
[2023-03-27T20:50:05.371Z] > git remote --verbose [1ms]
[2023-03-27T20:50:05.378Z] > git config --get commit.template [1ms]
[2023-03-27T20:50:10.386Z] > git status -z -uall [3ms]
[2023-03-27T20:50:10.391Z] > git symbolic-ref --short HEAD [1ms]
[2023-03-27T20:50:10.396Z] > git for-each-ref --format=%(refname)%00%(upstream:short)%00%(objectname)%00%(upstream:track)%00%(upstream:remotename)%00%(upstream:remoteref) refs/heads/main refs/remotes/main [1ms]
[2023-03-27T20:50:10.404Z] > git for-each-ref --sort -committerdate --format %(refname) %(objectname) %(*objectname) [4ms]
[2023-03-27T20:50:10.404Z] > git remote --verbose [1ms]
[2023-03-27T20:50:10.410Z] > git config --get commit.template [1ms]
[2023-03-27T20:50:15.417Z] > git status -z -uall [2ms]
[2023-03-27T20:50:15.422Z] > git symbolic-ref --short HEAD [1ms]
[2023-03-27T20:50:15.427Z] > git for-each-ref --format=%(refname)%00%(upstream:short)%00%(objectname)%00%(upstream:track)%00%(upstream:remotename)%00%(upstream:remoteref) refs/heads/main refs/remotes/main [2ms]
[2023-03-27T20:50:15.434Z] > git for-each-ref --sort -committerdate --format %(refname) %(objectname) %(*objectname) [4ms]
[2023-03-27T20:50:15.434Z] > git remote --verbose [1ms]
[2023-03-27T20:50:15.442Z] > git config --get commit.template [1ms]
[2023-03-27T20:50:20.451Z] > git status -z -uall [3ms]
[2023-03-27T20:50:20.455Z] > git symbolic-ref --short HEAD [1ms]
[2023-03-27T20:50:20.460Z] > git for-each-ref --format=%(refname)%00%(upstream:short)%00%(objectname)%00%(upstream:track)%00%(upstream:remotename)%00%(upstream:remoteref) refs/heads/main refs/remotes/main [1ms]
[2023-03-27T20:50:20.467Z] > git for-each-ref --sort -committerdate --format %(refname) %(objectname) %(*objectname) [4ms]
[2023-03-27T20:50:20.468Z] > git remote --verbose [1ms]
[2023-03-27T20:50:20.475Z] > git config --get commit.template [1ms]
[2023-03-27T20:50:25.483Z] > git status -z -uall [3ms]
[2023-03-27T20:50:25.487Z] > git symbolic-ref --short HEAD [1ms]
[2023-03-27T20:50:25.492Z] > git for-each-ref --format=%(refname)%00%(upstream:short)%00%(objectname)%00%(upstream:track)%00%(upstream:remotename)%00%(upstream:remoteref) refs/heads/main refs/remotes/main [2ms]
[2023-03-27T20:50:25.499Z] > git for-each-ref --sort -committerdate --format %(refname) %(objectname) %(*objectname) [4ms]
[2023-03-27T20:50:25.499Z] > git remote --verbose [1ms]
[2023-03-27T20:50:25.505Z] > git config --get commit.template [1ms]
[2023-03-27T20:50:32.541Z] > git status -z -uall [2ms]
[2023-03-27T20:50:32.546Z] > git symbolic-ref --short HEAD [1ms]
[2023-03-27T20:50:32.551Z] > git for-each-ref --format=%(refname)%00%(upstream:short)%00%(objectname)%00%(upstream:track)%00%(upstream:remotename)%00%(upstream:remoteref) refs/heads/main refs/remotes/main [2ms]
[2023-03-27T20:50:32.558Z] > git for-each-ref --sort -committerdate --format %(refname) %(objectname) %(*objectname) [4ms]
[2023-03-27T20:50:32.559Z] > git remote --verbose [2ms]
[2023-03-27T20:50:32.565Z] > git config --get commit.template [1ms]
[2023-03-27T20:50:37.572Z] > git status -z -uall [3ms]
[2023-03-27T20:50:37.577Z] > git symbolic-ref --short HEAD [2ms]
[2023-03-27T20:50:37.581Z] > git for-each-ref --format=%(refname)%00%(upstream:short)%00%(objectname)%00%(upstream:track)%00%(upstream:remotename)%00%(upstream:remoteref) refs/heads/main refs/remotes/main [1ms]
[2023-03-27T20:50:37.589Z] > git for-each-ref --sort -committerdate --format %(refname) %(objectname) %(*objectname) [4ms]
[2023-03-27T20:50:37.589Z] > git remote --verbose [1ms]
[2023-03-27T20:50:37.595Z] > git config --get commit.template [1ms]
[2023-03-27T20:50:42.602Z] > git status -z -uall [2ms]
[2023-03-27T20:50:42.607Z] > git symbolic-ref --short HEAD [1ms]
[2023-03-27T20:50:42.611Z] > git for-each-ref --format=%(refname)%00%(upstream:short)%00%(objectname)%00%(upstream:track)%00%(upstream:remotename)%00%(upstream:remoteref) refs/heads/main refs/remotes/main [1ms]
[2023-03-27T20:50:42.619Z] > git for-each-ref --sort -committerdate --format %(refname) %(objectname) %(*objectname) [4ms]
[2023-03-27T20:50:42.619Z] > git remote --verbose [1ms]
[2023-03-27T20:50:42.625Z] > git config --get commit.template [1ms]
[2023-03-27T20:50:47.632Z] > git status -z -uall [3ms]
[2023-03-27T20:50:47.636Z] > git symbolic-ref --short HEAD [1ms]
[2023-03-27T20:50:47.641Z] > git for-each-ref --format=%(refname)%00%(upstream:short)%00%(objectname)%00%(upstream:track)%00%(upstream:remotename)%00%(upstream:remoteref) refs/heads/main refs/remotes/main [1ms]
[2023-03-27T20:50:47.649Z] > git for-each-ref --sort -committerdate --format %(refname) %(objectname) %(*objectname) [4ms]
[2023-03-27T20:50:47.649Z] > git remote --verbose [1ms]
[2023-03-27T20:50:47.655Z] > git config --get commit.template [1ms]
[2023-03-27T20:50:49.402Z] > git check-ignore -v -z --stdin [1ms]
[2023-03-27T20:50:52.662Z] > git status -z -uall [2ms]
[2023-03-27T20:50:52.667Z] > git symbolic-ref --short HEAD [1ms]
[2023-03-27T20:50:52.672Z] > git for-each-ref --format=%(refname)%00%(upstream:short)%00%(objectname)%00%(upstream:track)%00%(upstream:remotename)%00%(upstream:remoteref) refs/heads/main refs/remotes/main [2ms]
[2023-03-27T20:50:52.679Z] > git for-each-ref --sort -committerdate --format %(refname) %(objectname) %(*objectname) [4ms]
[2023-03-27T20:50:52.679Z] > git remote --verbose [1ms]
[2023-03-27T20:50:52.685Z] > git config --get commit.template [1ms]
[2023-03-27T20:50:57.692Z] > git status -z -uall [2ms]
[2023-03-27T20:50:57.697Z] > git symbolic-ref --short HEAD [1ms]
[2023-03-27T20:50:57.702Z] > git for-each-ref --format=%(refname)%00%(upstream:short)%00%(objectname)%00%(upstream:track)%00%(upstream:remotename)%00%(upstream:remoteref) refs/heads/main refs/remotes/main [2ms]
[2023-03-27T20:50:57.709Z] > git for-each-ref --sort -committerdate --format %(refname) %(objectname) %(*objectname) [4ms]
[2023-03-27T20:50:57.710Z] > git remote --verbose [1ms]
[2023-03-27T20:50:57.716Z] > git config --get commit.template [1ms]
[2023-03-27T20:51:02.723Z] > git status -z -uall [2ms]
[2023-03-27T20:51:02.729Z] > git symbolic-ref --short HEAD [2ms]
[2023-03-27T20:51:02.734Z] > git for-each-ref --format=%(refname)%00%(upstream:short)%00%(objectname)%00%(upstream:track)%00%(upstream:remotename)%00%(upstream:remoteref) refs/heads/main refs/remotes/main [1ms]
[2023-03-27T20:51:02.741Z] > git for-each-ref --sort -committerdate --format %(refname) %(objectname) %(*objectname) [4ms]
[2023-03-27T20:51:02.741Z] > git remote --verbose [1ms]
[2023-03-27T20:51:02.748Z] > git config --get commit.template [1ms]
[2023-03-27T20:51:07.756Z] > git status -z -uall [3ms]
[2023-03-27T20:51:07.760Z] > git symbolic-ref --short HEAD [1ms]
[2023-03-27T20:51:07.765Z] > git for-each-ref --format=%(refname)%00%(upstream:short)%00%(objectname)%00%(upstream:track)%00%(upstream:remotename)%00%(upstream:remoteref) refs/heads/main refs/remotes/main [1ms]
[2023-03-27T20:51:07.773Z] > git remote --verbose [1ms]
[2023-03-27T20:51:07.773Z] > git for-each-ref --sort -committerdate --format %(refname) %(objectname) %(*objectname) [4ms]
[2023-03-27T20:51:07.779Z] > git config --get commit.template [1ms]
[2023-03-27T20:51:12.786Z] > git status -z -uall [2ms]
[2023-03-27T20:51:12.791Z] > git symbolic-ref --short HEAD [2ms]
[2023-03-27T20:51:12.795Z] > git for-each-ref --format=%(refname)%00%(upstream:short)%00%(objectname)%00%(upstream:track)%00%(upstream:remotename)%00%(upstream:remoteref) refs/heads/main refs/remotes/main [1ms]
[2023-03-27T20:51:12.803Z] > git for-each-ref --sort -committerdate --format %(refname) %(objectname) %(*objectname) [4ms]
[2023-03-27T20:51:12.806Z] > git remote --verbose [4ms]
[2023-03-27T20:51:12.813Z] > git config --get commit.template [2ms]
[2023-03-27T20:51:17.821Z] > git status -z -uall [3ms]
[2023-03-27T20:51:17.826Z] > git symbolic-ref --short HEAD [1ms]
[2023-03-27T20:51:17.831Z] > git for-each-ref --format=%(refname)%00%(upstream:short)%00%(objectname)%00%(upstream:track)%00%(upstream:remotename)%00%(upstream:remoteref) refs/heads/main refs/remotes/main [1ms]
[2023-03-27T20:51:17.838Z] > git for-each-ref --sort -committerdate --format %(refname) %(objectname) %(*objectname) [4ms]
[2023-03-27T20:51:17.838Z] > git remote --verbose [1ms]
[2023-03-27T20:51:17.844Z] > git config --get commit.template [1ms]
[2023-03-27T20:51:22.851Z] > git status -z -uall [2ms]
[2023-03-27T20:51:22.856Z] > git symbolic-ref --short HEAD [1ms]
[2023-03-27T20:51:22.860Z] > git for-each-ref --format=%(refname)%00%(upstream:short)%00%(objectname)%00%(upstream:track)%00%(upstream:remotename)%00%(upstream:remoteref) refs/heads/main refs/remotes/main [1ms]
[2023-03-27T20:51:22.868Z] > git for-each-ref --sort -committerdate --format %(refname) %(objectname) %(*objectname) [4ms]
[2023-03-27T20:51:22.868Z] > git remote --verbose [1ms]
[2023-03-27T20:51:22.874Z] > git config --get commit.template [1ms]
[2023-03-27T20:51:27.881Z] > git status -z -uall [2ms]
[2023-03-27T20:51:27.886Z] > git symbolic-ref --short HEAD [1ms]
[2023-03-27T20:51:27.891Z] > git for-each-ref --format=%(refname)%00%(upstream:short)%00%(objectname)%00%(upstream:track)%00%(upstream:remotename)%00%(upstream:remoteref) refs/heads/main refs/remotes/main [1ms]
[2023-03-27T20:51:27.898Z] > git for-each-ref --sort -committerdate --format %(refname) %(objectname) %(*objectname) [4ms]
[2023-03-27T20:51:27.898Z] > git remote --verbose [1ms]
[2023-03-27T20:51:27.905Z] > git config --get commit.template [1ms]
[2023-03-27T20:51:32.912Z] > git status -z -uall [2ms]
[2023-03-27T20:51:32.917Z] > git symbolic-ref --short HEAD [1ms]
[2023-03-27T20:51:32.922Z] > git for-each-ref --format=%(refname)%00%(upstream:short)%00%(objectname)%00%(upstream:track)%00%(upstream:remotename)%00%(upstream:remoteref) refs/heads/main refs/remotes/main [2ms]
[2023-03-27T20:51:32.929Z] > git remote --verbose [1ms]
[2023-03-27T20:51:32.930Z] > git for-each-ref --sort -committerdate --format %(refname) %(objectname) %(*objectname) [5ms]
[2023-03-27T20:51:32.937Z] > git config --get commit.template [1ms]
[2023-03-27T20:51:37.945Z] > git status -z -uall [2ms]
[2023-03-27T20:51:37.949Z] > git symbolic-ref --short HEAD [1ms]
[2023-03-27T20:51:37.954Z] > git for-each-ref --format=%(refname)%00%(upstream:short)%00%(objectname)%00%(upstream:track)%00%(upstream:remotename)%00%(upstream:remoteref) refs/heads/main refs/remotes/main [1ms]
[2023-03-27T20:51:37.961Z] > git for-each-ref --sort -committerdate --format %(refname) %(objectname) %(*objectname) [4ms]
[2023-03-27T20:51:37.962Z] > git remote --verbose [2ms]
[2023-03-27T20:51:37.967Z] > git config --get commit.template [1ms]
[2023-03-27T20:51:42.975Z] > git status -z -uall [2ms]
[2023-03-27T20:51:42.979Z] > git symbolic-ref --short HEAD [1ms]
[2023-03-27T20:51:42.984Z] > git for-each-ref --format=%(refname)%00%(upstream:short)%00%(objectname)%00%(upstream:track)%00%(upstream:remotename)%00%(upstream:remoteref) refs/heads/main refs/remotes/main [2ms]
[2023-03-27T20:51:42.990Z] > git for-each-ref --sort -committerdate --format %(refname) %(objectname) %(*objectname) [3ms]
[2023-03-27T20:51:42.991Z] > git remote --verbose [1ms]
[2023-03-27T20:51:42.997Z] > git config --get commit.template [1ms]
[2023-03-27T20:51:48.004Z] > git status -z -uall [2ms]
[2023-03-27T20:51:48.009Z] > git symbolic-ref --short HEAD [1ms]
[2023-03-27T20:51:48.014Z] > git for-each-ref --format=%(refname)%00%(upstream:short)%00%(objectname)%00%(upstream:track)%00%(upstream:remotename)%00%(upstream:remoteref) refs/heads/main refs/remotes/main [1ms]
[2023-03-27T20:51:48.022Z] > git for-each-ref --sort -committerdate --format %(refname) %(objectname) %(*objectname) [4ms]
[2023-03-27T20:51:48.022Z] > git remote --verbose [1ms]
[2023-03-27T20:51:48.028Z] > git config --get commit.template [1ms]
[2023-03-27T20:51:53.034Z] > git status -z -uall [2ms]
[2023-03-27T20:51:53.039Z] > git symbolic-ref --short HEAD [1ms]
[2023-03-27T20:51:53.044Z] > git for-each-ref --format=%(refname)%00%(upstream:short)%00%(objectname)%00%(upstream:track)%00%(upstream:remotename)%00%(upstream:remoteref) refs/heads/main refs/remotes/main [1ms]
[2023-03-27T20:51:53.051Z] > git for-each-ref --sort -committerdate --format %(refname) %(objectname) %(*objectname) [4ms]
[2023-03-27T20:51:53.051Z] > git remote --verbose [1ms]
[2023-03-27T20:51:53.057Z] > git config --get commit.template [1ms]
[2023-03-27T20:51:58.065Z] > git status -z -uall [2ms]
[2023-03-27T20:51:58.069Z] > git symbolic-ref --short HEAD [1ms]
[2023-03-27T20:51:58.074Z] > git for-each-ref --format=%(refname)%00%(upstream:short)%00%(objectname)%00%(upstream:track)%00%(upstream:remotename)%00%(upstream:remoteref) refs/heads/main refs/remotes/main [1ms]
[2023-03-27T20:51:58.081Z] > git for-each-ref --sort -committerdate --format %(refname) %(objectname) %(*objectname) [4ms]
[2023-03-27T20:51:58.082Z] > git remote --verbose [1ms]
[2023-03-27T20:51:58.087Z] > git config --get commit.template [1ms]
[2023-03-27T20:52:03.095Z] > git status -z -uall [2ms]
[2023-03-27T20:52:03.100Z] > git symbolic-ref --short HEAD [1ms]
[2023-03-27T20:52:03.104Z] > git for-each-ref --format=%(refname)%00%(upstream:short)%00%(objectname)%00%(upstream:track)%00%(upstream:remotename)%00%(upstream:remoteref) refs/heads/main refs/remotes/main [1ms]
[2023-03-27T20:52:03.111Z] > git for-each-ref --sort -committerdate --format %(refname) %(objectname) %(*objectname) [4ms]
[2023-03-27T20:52:03.111Z] > git remote --verbose [1ms]
[2023-03-27T20:52:03.118Z] > git config --get commit.template [2ms]
[2023-03-27T20:52:08.125Z] > git status -z -uall [3ms]
[2023-03-27T20:52:08.129Z] > git symbolic-ref --short HEAD [1ms]
[2023-03-27T20:52:08.134Z] > git for-each-ref --format=%(refname)%00%(upstream:short)%00%(objectname)%00%(upstream:track)%00%(upstream:remotename)%00%(upstream:remoteref) refs/heads/main refs/remotes/main [1ms]
[2023-03-27T20:52:08.141Z] > git for-each-ref --sort -committerdate --format %(refname) %(objectname) %(*objectname) [4ms]
[2023-03-27T20:52:08.141Z] > git remote --verbose [1ms]
[2023-03-27T20:52:08.148Z] > git config --get commit.template [1ms]
[2023-03-27T20:52:13.155Z] > git status -z -uall [2ms]
[2023-03-27T20:52:13.160Z] > git symbolic-ref --short HEAD [1ms]
[2023-03-27T20:52:13.165Z] > git for-each-ref --format=%(refname)%00%(upstream:short)%00%(objectname)%00%(upstream:track)%00%(upstream:remotename)%00%(upstream:remoteref) refs/heads/main refs/remotes/main [2ms]
[2023-03-27T20:52:13.173Z] > git for-each-ref --sort -committerdate --format %(refname) %(objectname) %(*objectname) [4ms]
[2023-03-27T20:52:13.173Z] > git remote --verbose [1ms]
[2023-03-27T20:52:13.179Z] > git config --get commit.template [1ms]
[2023-03-27T20:52:18.186Z] > git status -z -uall [3ms]
[2023-03-27T20:52:18.191Z] > git symbolic-ref --short HEAD [1ms]
[2023-03-27T20:52:18.196Z] > git for-each-ref --format=%(refname)%00%(upstream:short)%00%(objectname)%00%(upstream:track)%00%(upstream:remotename)%00%(upstream:remoteref) refs/heads/main refs/remotes/main [1ms]
[2023-03-27T20:52:18.204Z] > git for-each-ref --sort -committerdate --format %(refname) %(objectname) %(*objectname) [5ms]
[2023-03-27T20:52:18.204Z] > git remote --verbose [1ms]
[2023-03-27T20:52:18.210Z] > git config --get commit.template [1ms]
[2023-03-27T20:52:23.218Z] > git status -z -uall [2ms]
[2023-03-27T20:52:23.223Z] > git symbolic-ref --short HEAD [2ms]
[2023-03-27T20:52:23.227Z] > git for-each-ref --format=%(refname)%00%(upstream:short)%00%(objectname)%00%(upstream:track)%00%(upstream:remotename)%00%(upstream:remoteref) refs/heads/main refs/remotes/main [1ms]
[2023-03-27T20:52:23.235Z] > git for-each-ref --sort -committerdate --format %(refname) %(objectname) %(*objectname) [5ms]
[2023-03-27T20:52:23.235Z] > git remote --verbose [1ms]
[2023-03-27T20:52:23.241Z] > git config --get commit.template [1ms]
[2023-03-27T20:52:28.248Z] > git status -z -uall [2ms]
[2023-03-27T20:52:28.253Z] > git symbolic-ref --short HEAD [1ms]
[2023-03-27T20:52:28.257Z] > git for-each-ref --format=%(refname)%00%(upstream:short)%00%(objectname)%00%(upstream:track)%00%(upstream:remotename)%00%(upstream:remoteref) refs/heads/main refs/remotes/main [1ms]
[2023-03-27T20:52:28.265Z] > git for-each-ref --sort -committerdate --format %(refname) %(objectname) %(*objectname) [4ms]
[2023-03-27T20:52:28.265Z] > git remote --verbose [1ms]
[2023-03-27T20:52:28.272Z] > git config --get commit.template [1ms]
[2023-03-27T20:52:36.375Z] > git status -z -uall [3ms]
[2023-03-27T20:52:36.380Z] > git symbolic-ref --short HEAD [1ms]
[2023-03-27T20:52:36.385Z] > git for-each-ref --format=%(refname)%00%(upstream:short)%00%(objectname)%00%(upstream:track)%00%(upstream:remotename)%00%(upstream:remoteref) refs/heads/main refs/remotes/main [2ms]
[2023-03-27T20:52:36.392Z] > git for-each-ref --sort -committerdate --format %(refname) %(objectname) %(*objectname) [4ms]
[2023-03-27T20:52:36.392Z] > git remote --verbose [1ms]
[2023-03-27T20:52:36.399Z] > git config --get commit.template [1ms]
[2023-03-27T20:52:41.406Z] > git status -z -uall [2ms]
[2023-03-27T20:52:41.411Z] > git symbolic-ref --short HEAD [1ms]
[2023-03-27T20:52:41.416Z] > git for-each-ref --format=%(refname)%00%(upstream:short)%00%(objectname)%00%(upstream:track)%00%(upstream:remotename)%00%(upstream:remoteref) refs/heads/main refs/remotes/main [1ms]
[2023-03-27T20:52:41.424Z] > git for-each-ref --sort -committerdate --format %(refname) %(objectname) %(*objectname) [4ms]
[2023-03-27T20:52:41.424Z] > git remote --verbose [1ms]
[2023-03-27T20:52:41.430Z] > git config --get commit.template [1ms]
[2023-03-27T20:52:46.437Z] > git status -z -uall [2ms]
[2023-03-27T20:52:46.442Z] > git symbolic-ref --short HEAD [1ms]
[2023-03-27T20:52:46.447Z] > git for-each-ref --format=%(refname)%00%(upstream:short)%00%(objectname)%00%(upstream:track)%00%(upstream:remotename)%00%(upstream:remoteref) refs/heads/main refs/remotes/main [1ms]
[2023-03-27T20:52:46.455Z] > git remote --verbose [2ms]
[2023-03-27T20:52:46.455Z] > git for-each-ref --sort -committerdate --format %(refname) %(objectname) %(*objectname) [5ms]
[2023-03-27T20:52:46.462Z] > git config --get commit.template [1ms]
[2023-03-27T20:52:51.469Z] > git status -z -uall [3ms]
[2023-03-27T20:52:51.475Z] > git symbolic-ref --short HEAD [3ms]
[2023-03-27T20:52:51.480Z] > git for-each-ref --format=%(refname)%00%(upstream:short)%00%(objectname)%00%(upstream:track)%00%(upstream:remotename)%00%(upstream:remoteref) refs/heads/main refs/remotes/main [1ms]
[2023-03-27T20:52:51.488Z] > git for-each-ref --sort -committerdate --format %(refname) %(objectname) %(*objectname) [5ms]
[2023-03-27T20:52:51.488Z] > git remote --verbose [1ms]
[2023-03-27T20:52:51.495Z] > git config --get commit.template [1ms]
[2023-03-27T20:52:56.502Z] > git status -z -uall [2ms]
[2023-03-27T20:52:56.507Z] > git symbolic-ref --short HEAD [1ms]
[2023-03-27T20:52:56.512Z] > git for-each-ref --format=%(refname)%00%(upstream:short)%00%(objectname)%00%(upstream:track)%00%(upstream:remotename)%00%(upstream:remoteref) refs/heads/main refs/remotes/main [2ms]
[2023-03-27T20:52:56.521Z] > git for-each-ref --sort -committerdate --format %(refname) %(objectname) %(*objectname) [5ms]
[2023-03-27T20:52:56.521Z] > git remote --verbose [1ms]
[2023-03-27T20:52:56.530Z] > git config --get commit.template [1ms]
[2023-03-27T20:53:01.537Z] > git status -z -uall [3ms]
[2023-03-27T20:53:01.541Z] > git symbolic-ref --short HEAD [1ms]
[2023-03-27T20:53:01.546Z] > git for-each-ref --format=%(refname)%00%(upstream:short)%00%(objectname)%00%(upstream:track)%00%(upstream:remotename)%00%(upstream:remoteref) refs/heads/main refs/remotes/main [2ms]
[2023-03-27T20:53:01.553Z] > git for-each-ref --sort -committerdate --format %(refname) %(objectname) %(*objectname) [4ms]
[2023-03-27T20:53:01.554Z] > git remote --verbose [1ms]
[2023-03-27T20:53:01.560Z] > git config --get commit.template [0ms]
[2023-03-27T20:53:21.625Z] > git status -z -uall [2ms]
[2023-03-27T20:53:21.630Z] > git symbolic-ref --short HEAD [1ms]
[2023-03-27T20:53:21.635Z] > git for-each-ref --format=%(refname)%00%(upstream:short)%00%(objectname)%00%(upstream:track)%00%(upstream:remotename)%00%(upstream:remoteref) refs/heads/main refs/remotes/main [1ms]
[2023-03-27T20:53:21.644Z] > git for-each-ref --sort -committerdate --format %(refname) %(objectname) %(*objectname) [5ms]
[2023-03-27T20:53:21.644Z] > git remote --verbose [1ms]
[2023-03-27T20:53:21.650Z] > git config --get commit.template [1ms]
[2023-03-27T20:53:26.658Z] > git status -z -uall [3ms]
[2023-03-27T20:53:26.663Z] > git symbolic-ref --short HEAD [1ms]
[2023-03-27T20:53:26.668Z] > git for-each-ref --format=%(refname)%00%(upstream:short)%00%(objectname)%00%(upstream:track)%00%(upstream:remotename)%00%(upstream:remoteref) refs/heads/main refs/remotes/main [2ms]
[2023-03-27T20:53:26.675Z] > git for-each-ref --sort -committerdate --format %(refname) %(objectname) %(*objectname) [4ms]
[2023-03-27T20:53:26.675Z] > git remote --verbose [1ms]
[2023-03-27T20:53:26.682Z] > git config --get commit.template [1ms]
[2023-03-27T20:53:31.693Z] > git status -z -uall [3ms]
[2023-03-27T20:53:31.700Z] > git symbolic-ref --short HEAD [2ms]
[2023-03-27T20:53:31.705Z] > git for-each-ref --format=%(refname)%00%(upstream:short)%00%(objectname)%00%(upstream:track)%00%(upstream:remotename)%00%(upstream:remoteref) refs/heads/main refs/remotes/main [2ms]
[2023-03-27T20:53:31.712Z] > git for-each-ref --sort -committerdate --format %(refname) %(objectname) %(*objectname) [4ms]
[2023-03-27T20:53:31.713Z] > git remote --verbose [2ms]
[2023-03-27T20:53:31.719Z] > git config --get commit.template [1ms]
[2023-03-27T20:53:36.727Z] > git status -z -uall [3ms]
[2023-03-27T20:53:36.732Z] > git symbolic-ref --short HEAD [2ms]
[2023-03-27T20:53:36.736Z] > git for-each-ref --format=%(refname)%00%(upstream:short)%00%(objectname)%00%(upstream:track)%00%(upstream:remotename)%00%(upstream:remoteref) refs/heads/main refs/remotes/main [1ms]
[2023-03-27T20:53:36.744Z] > git for-each-ref --sort -committerdate --format %(refname) %(objectname) %(*objectname) [4ms]
[2023-03-27T20:53:36.744Z] > git remote --verbose [1ms]
[2023-03-27T20:53:36.751Z] > git config --get commit.template [1ms]
[2023-03-27T20:53:41.758Z] > git status -z -uall [3ms]
[2023-03-27T20:53:41.762Z] > git symbolic-ref --short HEAD [1ms]
[2023-03-27T20:53:41.767Z] > git for-each-ref --format=%(refname)%00%(upstream:short)%00%(objectname)%00%(upstream:track)%00%(upstream:remotename)%00%(upstream:remoteref) refs/heads/main refs/remotes/main [1ms]
[2023-03-27T20:53:41.775Z] > git for-each-ref --sort -committerdate --format %(refname) %(objectname) %(*objectname) [5ms]
[2023-03-27T20:53:41.776Z] > git remote --verbose [3ms]
[2023-03-27T20:53:41.782Z] > git config --get commit.template [1ms]
[2023-03-27T20:53:46.790Z] > git status -z -uall [3ms]
[2023-03-27T20:53:46.794Z] > git symbolic-ref --short HEAD [1ms]
[2023-03-27T20:53:46.799Z] > git for-each-ref --format=%(refname)%00%(upstream:short)%00%(objectname)%00%(upstream:track)%00%(upstream:remotename)%00%(upstream:remoteref) refs/heads/main refs/remotes/main [2ms]
[2023-03-27T20:53:46.806Z] > git for-each-ref --sort -committerdate --format %(refname) %(objectname) %(*objectname) [4ms]
[2023-03-27T20:53:46.807Z] > git remote --verbose [1ms]
[2023-03-27T20:53:46.813Z] > git config --get commit.template [1ms]
[2023-03-27T20:53:51.819Z] > git status -z -uall [2ms]
[2023-03-27T20:53:51.824Z] > git symbolic-ref --short HEAD [1ms]
[2023-03-27T20:53:51.830Z] > git for-each-ref --format=%(refname)%00%(upstream:short)%00%(objectname)%00%(upstream:track)%00%(upstream:remotename)%00%(upstream:remoteref) refs/heads/main refs/remotes/main [2ms]
[2023-03-27T20:53:51.838Z] > git for-each-ref --sort -committerdate --format %(refname) %(objectname) %(*objectname) [5ms]
[2023-03-27T20:53:51.838Z] > git remote --verbose [2ms]
[2023-03-27T20:53:51.844Z] > git config --get commit.template [1ms]
[2023-03-27T20:53:56.852Z] > git status -z -uall [3ms]
[2023-03-27T20:53:56.858Z] > git symbolic-ref --short HEAD [2ms]
[2023-03-27T20:53:56.862Z] > git for-each-ref --format=%(refname)%00%(upstream:short)%00%(objectname)%00%(upstream:track)%00%(upstream:remotename)%00%(upstream:remoteref) refs/heads/main refs/remotes/main [1ms]
[2023-03-27T20:53:56.870Z] > git for-each-ref --sort -committerdate --format %(refname) %(objectname) %(*objectname) [4ms]
[2023-03-27T20:53:56.870Z] > git remote --verbose [1ms]
[2023-03-27T20:53:56.876Z] > git config --get commit.template [1ms]
[2023-03-27T20:54:01.916Z] > git status -z -uall [19ms]
[2023-03-27T20:54:01.928Z] > git symbolic-ref --short HEAD [2ms]
[2023-03-27T20:54:01.944Z] > git for-each-ref --format=%(refname)%00%(upstream:short)%00%(objectname)%00%(upstream:track)%00%(upstream:remotename)%00%(upstream:remoteref) refs/heads/main refs/remotes/main [6ms]
[2023-03-27T20:54:01.968Z] > git for-each-ref --sort -committerdate --format %(refname) %(objectname) %(*objectname) [12ms]
[2023-03-27T20:54:01.969Z] > git remote --verbose [3ms]
[2023-03-27T20:54:01.984Z] > git config --get commit.template [2ms]
[2023-03-27T20:54:06.310Z] > git show --textconv :icecreamRev_predictor.py [9ms]
[2023-03-27T20:54:06.311Z] > git ls-files --stage -- /mnt/code/icecreamRev_predictor.py [2ms]
[2023-03-27T20:54:06.320Z] > git cat-file -s f72b316337b51bb232e6d84bae1dd41602d148a2 [1ms]
[2023-03-27T20:54:06.995Z] > git status -z -uall [3ms]
[2023-03-27T20:54:07.003Z] > git symbolic-ref --short HEAD [1ms]
[2023-03-27T20:54:07.011Z] > git for-each-ref --format=%(refname)%00%(upstream:short)%00%(objectname)%00%(upstream:track)%00%(upstream:remotename)%00%(upstream:remoteref) refs/heads/main refs/remotes/main [2ms]
[2023-03-27T20:54:07.026Z] > git for-each-ref --sort -committerdate --format %(refname) %(objectname) %(*objectname) [8ms]
[2023-03-27T20:54:07.026Z] > git remote --verbose [1ms]
[2023-03-27T20:54:07.036Z] > git config --get commit.template [1ms]
[2023-03-27T20:54:12.058Z] > git status -z -uall [2ms]
[2023-03-27T20:54:12.068Z] > git symbolic-ref --short HEAD [1ms]
[2023-03-27T20:54:12.100Z] > git for-each-ref --format=%(refname)%00%(upstream:short)%00%(objectname)%00%(upstream:track)%00%(upstream:remotename)%00%(upstream:remoteref) refs/heads/main refs/remotes/main [25ms]
[2023-03-27T20:54:12.124Z] > git for-each-ref --sort -committerdate --format %(refname) %(objectname) %(*objectname) [14ms]
[2023-03-27T20:54:12.126Z] > git remote --verbose [7ms]
[2023-03-27T20:54:12.137Z] > git config --get commit.template [1ms]
[2023-03-27T20:54:17.145Z] > git status -z -uall [2ms]
[2023-03-27T20:54:17.151Z] > git symbolic-ref --short HEAD [1ms]
[2023-03-27T20:54:17.157Z] > git for-each-ref --format=%(refname)%00%(upstream:short)%00%(objectname)%00%(upstream:track)%00%(upstream:remotename)%00%(upstream:remoteref) refs/heads/main refs/remotes/main [1ms]
[2023-03-27T20:54:17.167Z] > git for-each-ref --sort -committerdate --format %(refname) %(objectname) %(*objectname) [6ms]
[2023-03-27T20:54:17.167Z] > git remote --verbose [1ms]
[2023-03-27T20:54:17.175Z] > git config --get commit.template [0ms]
[2023-03-27T20:54:22.185Z] > git status -z -uall [2ms]
[2023-03-27T20:54:22.191Z] > git symbolic-ref --short HEAD [1ms]
[2023-03-27T20:54:22.197Z] > git for-each-ref --format=%(refname)%00%(upstream:short)%00%(objectname)%00%(upstream:track)%00%(upstream:remotename)%00%(upstream:remoteref) refs/heads/main refs/remotes/main [2ms]
[2023-03-27T20:54:22.207Z] > git for-each-ref --sort -committerdate --format %(refname) %(objectname) %(*objectname) [6ms]
[2023-03-27T20:54:22.207Z] > git remote --verbose [1ms]
[2023-03-27T20:54:22.215Z] > git config --get commit.template [1ms]
[2023-03-27T20:54:27.223Z] > git status -z -uall [2ms]
[2023-03-27T20:54:27.230Z] > git symbolic-ref --short HEAD [2ms]
[2023-03-27T20:54:27.236Z] > git for-each-ref --format=%(refname)%00%(upstream:short)%00%(objectname)%00%(upstream:track)%00%(upstream:remotename)%00%(upstream:remoteref) refs/heads/main refs/remotes/main [1ms]
[2023-03-27T20:54:27.248Z] > git for-each-ref --sort -committerdate --format %(refname) %(objectname) %(*objectname) [7ms]
[2023-03-27T20:54:27.248Z] > git remote --verbose [1ms]
[2023-03-27T20:54:27.256Z] > git config --get commit.template [1ms]
[2023-03-27T20:54:32.265Z] > git status -z -uall [2ms]
[2023-03-27T20:54:32.271Z] > git symbolic-ref --short HEAD [2ms]
[2023-03-27T20:54:32.276Z] > git for-each-ref --format=%(refname)%00%(upstream:short)%00%(objectname)%00%(upstream:track)%00%(upstream:remotename)%00%(upstream:remoteref) refs/heads/main refs/remotes/main [1ms]
[2023-03-27T20:54:32.285Z] > git for-each-ref --sort -committerdate --format %(refname) %(objectname) %(*objectname) [5ms]
[2023-03-27T20:54:32.286Z] > git remote --verbose [1ms]
[2023-03-27T20:54:32.293Z] > git config --get commit.template [1ms]
[2023-03-27T20:54:43.442Z] > git status -z -uall [3ms]
[2023-03-27T20:54:43.447Z] > git symbolic-ref --short HEAD [1ms]
[2023-03-27T20:54:43.453Z] > git for-each-ref --format=%(refname)%00%(upstream:short)%00%(objectname)%00%(upstream:track)%00%(upstream:remotename)%00%(upstream:remoteref) refs/heads/main refs/remotes/main [1ms]
[2023-03-27T20:54:43.462Z] > git for-each-ref --sort -committerdate --format %(refname) %(objectname) %(*objectname) [5ms]
[2023-03-27T20:54:43.463Z] > git remote --verbose [1ms]
[2023-03-27T20:54:43.471Z] > git config --get commit.template [1ms]
[2023-03-27T20:54:48.479Z] > git status -z -uall [2ms]
[2023-03-27T20:54:48.485Z] > git symbolic-ref --short HEAD [1ms]
[2023-03-27T20:54:48.491Z] > git for-each-ref --format=%(refname)%00%(upstream:short)%00%(objectname)%00%(upstream:track)%00%(upstream:remotename)%00%(upstream:remoteref) refs/heads/main refs/remotes/main [2ms]
[2023-03-27T20:54:48.500Z] > git for-each-ref --sort -committerdate --format %(refname) %(objectname) %(*objectname) [5ms]
[2023-03-27T20:54:48.501Z] > git remote --verbose [1ms]
[2023-03-27T20:54:48.509Z] > git config --get commit.template [1ms]
[2023-03-27T20:55:59.176Z] > git status -z -uall [2ms]
[2023-03-27T20:55:59.183Z] > git symbolic-ref --short HEAD [1ms]
[2023-03-27T20:55:59.189Z] > git for-each-ref --format=%(refname)%00%(upstream:short)%00%(objectname)%00%(upstream:track)%00%(upstream:remotename)%00%(upstream:remoteref) refs/heads/main refs/remotes/main [2ms]
[2023-03-27T20:55:59.198Z] > git for-each-ref --sort -committerdate --format %(refname) %(objectname) %(*objectname) [5ms]
[2023-03-27T20:55:59.199Z] > git remote --verbose [1ms]
[2023-03-27T20:55:59.206Z] > git config --get commit.template [1ms]
[2023-03-27T20:56:10.781Z] > git status -z -uall [2ms]
[2023-03-27T20:56:10.787Z] > git symbolic-ref --short HEAD [1ms]
[2023-03-27T20:56:10.793Z] > git for-each-ref --format=%(refname)%00%(upstream:short)%00%(objectname)%00%(upstream:track)%00%(upstream:remotename)%00%(upstream:remoteref) refs/heads/main refs/remotes/main [2ms]
[2023-03-27T20:56:10.802Z] > git for-each-ref --sort -committerdate --format %(refname) %(objectname) %(*objectname) [5ms]
[2023-03-27T20:56:10.803Z] > git remote --verbose [2ms]
[2023-03-27T20:56:10.809Z] > git config --get commit.template [0ms]
[2023-03-27T20:56:15.821Z] > git status -z -uall [3ms]
[2023-03-27T20:56:15.826Z] > git symbolic-ref --short HEAD [1ms]
[2023-03-27T20:56:15.832Z] > git for-each-ref --format=%(refname)%00%(upstream:short)%00%(objectname)%00%(upstream:track)%00%(upstream:remotename)%00%(upstream:remoteref) refs/heads/main refs/remotes/main [1ms]
[2023-03-27T20:56:15.842Z] > git for-each-ref --sort -committerdate --format %(refname) %(objectname) %(*objectname) [5ms]
[2023-03-27T20:56:15.842Z] > git remote --verbose [1ms]
[2023-03-27T20:56:15.849Z] > git config --get commit.template [1ms]
[2023-03-27T20:56:20.857Z] > git status -z -uall [3ms]
[2023-03-27T20:56:20.863Z] > git symbolic-ref --short HEAD [2ms]
[2023-03-27T20:56:20.870Z] > git for-each-ref --format=%(refname)%00%(upstream:short)%00%(objectname)%00%(upstream:track)%00%(upstream:remotename)%00%(upstream:remoteref) refs/heads/main refs/remotes/main [1ms]
[2023-03-27T20:56:20.879Z] > git for-each-ref --sort -committerdate --format %(refname) %(objectname) %(*objectname) [5ms]
[2023-03-27T20:56:20.879Z] > git remote --verbose [1ms]
[2023-03-27T20:56:20.888Z] > git config --get commit.template [1ms]
[2023-03-27T20:56:25.896Z] > git status -z -uall [2ms]
[2023-03-27T20:56:25.901Z] > git symbolic-ref --short HEAD [1ms]
[2023-03-27T20:56:25.907Z] > git for-each-ref --format=%(refname)%00%(upstream:short)%00%(objectname)%00%(upstream:track)%00%(upstream:remotename)%00%(upstream:remoteref) refs/heads/main refs/remotes/main [1ms]
[2023-03-27T20:56:25.917Z] > git for-each-ref --sort -committerdate --format %(refname) %(objectname) %(*objectname) [6ms]
[2023-03-27T20:56:25.917Z] > git remote --verbose [1ms]
[2023-03-27T20:56:25.926Z] > git config --get commit.template [1ms]
[2023-03-27T20:56:34.363Z] > git status -z -uall [3ms]
[2023-03-27T20:56:34.368Z] > git symbolic-ref --short HEAD [1ms]
[2023-03-27T20:56:34.374Z] > git for-each-ref --format=%(refname)%00%(upstream:short)%00%(objectname)%00%(upstream:track)%00%(upstream:remotename)%00%(upstream:remoteref) refs/heads/main refs/remotes/main [1ms]
[2023-03-27T20:56:34.384Z] > git for-each-ref --sort -committerdate --format %(refname) %(objectname) %(*objectname) [5ms]
[2023-03-27T20:56:34.384Z] > git remote --verbose [1ms]
[2023-03-27T20:56:34.392Z] > git config --get commit.template [0ms]
[2023-03-27T20:56:39.400Z] > git status -z -uall [2ms]
[2023-03-27T20:56:39.406Z] > git symbolic-ref --short HEAD [1ms]
[2023-03-27T20:56:39.412Z] > git for-each-ref --format=%(refname)%00%(upstream:short)%00%(objectname)%00%(upstream:track)%00%(upstream:remotename)%00%(upstream:remoteref) refs/heads/main refs/remotes/main [2ms]
[2023-03-27T20:56:39.421Z] > git for-each-ref --sort -committerdate --format %(refname) %(objectname) %(*objectname) [5ms]
[2023-03-27T20:56:39.422Z] > git remote --verbose [2ms]
[2023-03-27T20:56:39.429Z] > git config --get commit.template [0ms]
[2023-03-27T20:56:44.438Z] > git status -z -uall [2ms]
[2023-03-27T20:56:44.444Z] > git symbolic-ref --short HEAD [1ms]
[2023-03-27T20:56:44.450Z] > git for-each-ref --format=%(refname)%00%(upstream:short)%00%(objectname)%00%(upstream:track)%00%(upstream:remotename)%00%(upstream:remoteref) refs/heads/main refs/remotes/main [1ms]
[2023-03-27T20:56:44.461Z] > git for-each-ref --sort -committerdate --format %(refname) %(objectname) %(*objectname) [6ms]
[2023-03-27T20:56:44.461Z] > git remote --verbose [2ms]
[2023-03-27T20:56:44.469Z] > git config --get commit.template [1ms]
[2023-03-27T20:56:49.477Z] > git status -z -uall [2ms]
[2023-03-27T20:56:49.483Z] > git symbolic-ref --short HEAD [1ms]
[2023-03-27T20:56:49.488Z] > git for-each-ref --format=%(refname)%00%(upstream:short)%00%(objectname)%00%(upstream:track)%00%(upstream:remotename)%00%(upstream:remoteref) refs/heads/main refs/remotes/main [1ms]
[2023-03-27T20:56:49.498Z] > git for-each-ref --sort -committerdate --format %(refname) %(objectname) %(*objectname) [5ms]
[2023-03-27T20:56:49.498Z] > git remote --verbose [1ms]
[2023-03-27T20:56:49.506Z] > git config --get commit.template [1ms]
[2023-03-27T20:56:54.516Z] > git status -z -uall [3ms]
[2023-03-27T20:56:54.521Z] > git symbolic-ref --short HEAD [1ms]
[2023-03-27T20:56:54.527Z] > git for-each-ref --format=%(refname)%00%(upstream:short)%00%(objectname)%00%(upstream:track)%00%(upstream:remotename)%00%(upstream:remoteref) refs/heads/main refs/remotes/main [1ms]
[2023-03-27T20:56:54.537Z] > git for-each-ref --sort -committerdate --format %(refname) %(objectname) %(*objectname) [6ms]
[2023-03-27T20:56:54.537Z] > git remote --verbose [1ms]
[2023-03-27T20:56:54.545Z] > git config --get commit.template [1ms]
[2023-03-27T20:56:59.553Z] > git status -z -uall [2ms]
[2023-03-27T20:56:59.559Z] > git symbolic-ref --short HEAD [1ms]
[2023-03-27T20:56:59.564Z] > git for-each-ref --format=%(refname)%00%(upstream:short)%00%(objectname)%00%(upstream:track)%00%(upstream:remotename)%00%(upstream:remoteref) refs/heads/main refs/remotes/main [1ms]
[2023-03-27T20:56:59.575Z] > git for-each-ref --sort -committerdate --format %(refname) %(objectname) %(*objectname) [6ms]
[2023-03-27T20:56:59.576Z] > git remote --verbose [2ms]
[2023-03-27T20:56:59.583Z] > git config --get commit.template [1ms]
[2023-03-27T20:57:04.591Z] > git status -z -uall [2ms]
[2023-03-27T20:57:04.597Z] > git symbolic-ref --short HEAD [1ms]
[2023-03-27T20:57:04.603Z] > git for-each-ref --format=%(refname)%00%(upstream:short)%00%(objectname)%00%(upstream:track)%00%(upstream:remotename)%00%(upstream:remoteref) refs/heads/main refs/remotes/main [1ms]
[2023-03-27T20:57:04.613Z] > git for-each-ref --sort -committerdate --format %(refname) %(objectname) %(*objectname) [5ms]
[2023-03-27T20:57:04.613Z] > git remote --verbose [1ms]
[2023-03-27T20:57:04.622Z] > git config --get commit.template [2ms]
[2023-03-27T20:57:09.630Z] > git status -z -uall [2ms]
[2023-03-27T20:57:09.635Z] > git symbolic-ref --short HEAD [0ms]
[2023-03-27T20:57:09.641Z] > git for-each-ref --format=%(refname)%00%(upstream:short)%00%(objectname)%00%(upstream:track)%00%(upstream:remotename)%00%(upstream:remoteref) refs/heads/main refs/remotes/main [1ms]
[2023-03-27T20:57:09.651Z] > git for-each-ref --sort -committerdate --format %(refname) %(objectname) %(*objectname) [6ms]
[2023-03-27T20:57:09.652Z] > git remote --verbose [2ms]
[2023-03-27T20:57:09.659Z] > git config --get commit.template [1ms]
[2023-03-27T20:57:14.668Z] > git status -z -uall [2ms]
[2023-03-27T20:57:14.674Z] > git symbolic-ref --short HEAD [1ms]
[2023-03-27T20:57:14.679Z] > git for-each-ref --format=%(refname)%00%(upstream:short)%00%(objectname)%00%(upstream:track)%00%(upstream:remotename)%00%(upstream:remoteref) refs/heads/main refs/remotes/main [1ms]
[2023-03-27T20:57:14.689Z] > git for-each-ref --sort -committerdate --format %(refname) %(objectname) %(*objectname) [5ms]
[2023-03-27T20:57:14.689Z] > git remote --verbose [1ms]
[2023-03-27T20:57:14.697Z] > git config --get commit.template [1ms]
[2023-03-27T20:57:19.706Z] > git status -z -uall [2ms]
[2023-03-27T20:57:19.712Z] > git symbolic-ref --short HEAD [1ms]
[2023-03-27T20:57:19.719Z] > git for-each-ref --format=%(refname)%00%(upstream:short)%00%(objectname)%00%(upstream:track)%00%(upstream:remotename)%00%(upstream:remoteref) refs/heads/main refs/remotes/main [2ms]
[2023-03-27T20:57:19.730Z] > git for-each-ref --sort -committerdate --format %(refname) %(objectname) %(*objectname) [6ms]
[2023-03-27T20:57:19.731Z] > git remote --verbose [1ms]
[2023-03-27T20:57:19.740Z] > git config --get commit.template [2ms]
[2023-03-27T20:57:24.747Z] > git status -z -uall [2ms]
[2023-03-27T20:57:24.753Z] > git symbolic-ref --short HEAD [1ms]
[2023-03-27T20:57:24.759Z] > git for-each-ref --format=%(refname)%00%(upstream:short)%00%(objectname)%00%(upstream:track)%00%(upstream:remotename)%00%(upstream:remoteref) refs/heads/main refs/remotes/main [2ms]
[2023-03-27T20:57:24.768Z] > git for-each-ref --sort -committerdate --format %(refname) %(objectname) %(*objectname) [5ms]
[2023-03-27T20:57:24.769Z] > git remote --verbose [1ms]
[2023-03-27T20:57:24.778Z] > git config --get commit.template [1ms]
[2023-03-27T20:57:29.787Z] > git status -z -uall [3ms]
[2023-03-27T20:57:29.793Z] > git symbolic-ref --short HEAD [1ms]
[2023-03-27T20:57:29.799Z] > git for-each-ref --format=%(refname)%00%(upstream:short)%00%(objectname)%00%(upstream:track)%00%(upstream:remotename)%00%(upstream:remoteref) refs/heads/main refs/remotes/main [2ms]
[2023-03-27T20:57:29.808Z] > git for-each-ref --sort -committerdate --format %(refname) %(objectname) %(*objectname) [5ms]
[2023-03-27T20:57:29.808Z] > git remote --verbose [1ms]
[2023-03-27T20:57:29.816Z] > git config --get commit.template [1ms]
[2023-03-27T20:57:34.824Z] > git status -z -uall [2ms]
[2023-03-27T20:57:34.830Z] > git symbolic-ref --short HEAD [1ms]
[2023-03-27T20:57:34.836Z] > git for-each-ref --format=%(refname)%00%(upstream:short)%00%(objectname)%00%(upstream:track)%00%(upstream:remotename)%00%(upstream:remoteref) refs/heads/main refs/remotes/main [1ms]
[2023-03-27T20:57:34.847Z] > git for-each-ref --sort -committerdate --format %(refname) %(objectname) %(*objectname) [6ms]
[2023-03-27T20:57:34.847Z] > git remote --verbose [2ms]
[2023-03-27T20:57:34.854Z] > git config --get commit.template [1ms]
[2023-03-27T20:57:39.862Z] > git status -z -uall [2ms]
[2023-03-27T20:57:39.868Z] > git symbolic-ref --short HEAD [1ms]
[2023-03-27T20:57:39.875Z] > git for-each-ref --format=%(refname)%00%(upstream:short)%00%(objectname)%00%(upstream:track)%00%(upstream:remotename)%00%(upstream:remoteref) refs/heads/main refs/remotes/main [2ms]
[2023-03-27T20:57:39.884Z] > git for-each-ref --sort -committerdate --format %(refname) %(objectname) %(*objectname) [5ms]
[2023-03-27T20:57:39.885Z] > git remote --verbose [1ms]
[2023-03-27T20:57:39.892Z] > git config --get commit.template [1ms]
[2023-03-27T20:57:44.168Z] > git check-ignore -v -z --stdin [1ms]
[2023-03-27T20:57:44.900Z] > git status -z -uall [2ms]
[2023-03-27T20:57:44.906Z] > git symbolic-ref --short HEAD [1ms]
[2023-03-27T20:57:44.912Z] > git for-each-ref --format=%(refname)%00%(upstream:short)%00%(objectname)%00%(upstream:track)%00%(upstream:remotename)%00%(upstream:remoteref) refs/heads/main refs/remotes/main [1ms]
[2023-03-27T20:57:44.923Z] > git for-each-ref --sort -committerdate --format %(refname) %(objectname) %(*objectname) [5ms]
[2023-03-27T20:57:44.923Z] > git remote --verbose [1ms]
[2023-03-27T20:57:44.930Z] > git config --get commit.template [1ms]
[2023-03-27T20:57:47.507Z] > git show --textconv :mock-mlflow/mock-train.py [6ms]
[2023-03-27T20:57:47.508Z] > git ls-files --stage -- /mnt/code/mock-mlflow/mock-train.py [1ms]
[2023-03-27T20:57:49.941Z] > git status -z -uall [4ms]
[2023-03-27T20:57:49.947Z] > git symbolic-ref --short HEAD [1ms]
[2023-03-27T20:57:49.953Z] > git for-each-ref --format=%(refname)%00%(upstream:short)%00%(objectname)%00%(upstream:track)%00%(upstream:remotename)%00%(upstream:remoteref) refs/heads/main refs/remotes/main [1ms]
[2023-03-27T20:57:49.964Z] > git for-each-ref --sort -committerdate --format %(refname) %(objectname) %(*objectname) [5ms]
[2023-03-27T20:57:49.964Z] > git remote --verbose [1ms]
[2023-03-27T20:57:49.971Z] > git config --get commit.template [1ms]
[2023-03-27T20:57:54.979Z] > git status -z -uall [2ms]
[2023-03-27T20:57:54.985Z] > git symbolic-ref --short HEAD [1ms]
[2023-03-27T20:57:54.991Z] > git for-each-ref --format=%(refname)%00%(upstream:short)%00%(objectname)%00%(upstream:track)%00%(upstream:remotename)%00%(upstream:remoteref) refs/heads/main refs/remotes/main [1ms]
[2023-03-27T20:57:55.001Z] > git for-each-ref --sort -committerdate --format %(refname) %(objectname) %(*objectname) [5ms]
[2023-03-27T20:57:55.002Z] > git remote --verbose [1ms]
[2023-03-27T20:57:55.009Z] > git config --get commit.template [1ms]
[2023-03-27T20:58:00.019Z] > git status -z -uall [3ms]
[2023-03-27T20:58:00.024Z] > git symbolic-ref --short HEAD [1ms]
[2023-03-27T20:58:00.030Z] > git for-each-ref --format=%(refname)%00%(upstream:short)%00%(objectname)%00%(upstream:track)%00%(upstream:remotename)%00%(upstream:remoteref) refs/heads/main refs/remotes/main [1ms]
[2023-03-27T20:58:00.041Z] > git for-each-ref --sort -committerdate --format %(refname) %(objectname) %(*objectname) [6ms]
[2023-03-27T20:58:00.041Z] > git remote --verbose [1ms]
[2023-03-27T20:58:00.048Z] > git config --get commit.template [1ms]
[2023-03-27T20:58:05.057Z] > git status -z -uall [3ms]
[2023-03-27T20:58:05.063Z] > git symbolic-ref --short HEAD [1ms]
[2023-03-27T20:58:05.070Z] > git for-each-ref --format=%(refname)%00%(upstream:short)%00%(objectname)%00%(upstream:track)%00%(upstream:remotename)%00%(upstream:remoteref) refs/heads/main refs/remotes/main [2ms]
[2023-03-27T20:58:05.080Z] > git for-each-ref --sort -committerdate --format %(refname) %(objectname) %(*objectname) [5ms]
[2023-03-27T20:58:05.081Z] > git remote --verbose [1ms]
[2023-03-27T20:58:05.088Z] > git config --get commit.template [1ms]
[2023-03-27T20:58:10.096Z] > git status -z -uall [2ms]
[2023-03-27T20:58:10.103Z] > git symbolic-ref --short HEAD [1ms]
[2023-03-27T20:58:10.109Z] > git for-each-ref --format=%(refname)%00%(upstream:short)%00%(objectname)%00%(upstream:track)%00%(upstream:remotename)%00%(upstream:remoteref) refs/heads/main refs/remotes/main [1ms]
[2023-03-27T20:58:10.119Z] > git for-each-ref --sort -committerdate --format %(refname) %(objectname) %(*objectname) [5ms]
[2023-03-27T20:58:10.120Z] > git remote --verbose [2ms]
[2023-03-27T20:58:10.127Z] > git config --get commit.template [1ms]
[2023-03-27T20:58:15.135Z] > git status -z -uall [2ms]
[2023-03-27T20:58:15.142Z] > git symbolic-ref --short HEAD [2ms]
[2023-03-27T20:58:15.148Z] > git for-each-ref --format=%(refname)%00%(upstream:short)%00%(objectname)%00%(upstream:track)%00%(upstream:remotename)%00%(upstream:remoteref) refs/heads/main refs/remotes/main [1ms]
[2023-03-27T20:58:15.158Z] > git for-each-ref --sort -committerdate --format %(refname) %(objectname) %(*objectname) [5ms]
[2023-03-27T20:58:15.159Z] > git remote --verbose [2ms]
[2023-03-27T20:58:15.166Z] > git config --get commit.template [1ms]
[2023-03-27T20:58:20.174Z] > git status -z -uall [3ms]
[2023-03-27T20:58:20.180Z] > git symbolic-ref --short HEAD [1ms]
[2023-03-27T20:58:20.186Z] > git for-each-ref --format=%(refname)%00%(upstream:short)%00%(objectname)%00%(upstream:track)%00%(upstream:remotename)%00%(upstream:remoteref) refs/heads/main refs/remotes/main [1ms]
[2023-03-27T20:58:20.198Z] > git remote --verbose [3ms]
[2023-03-27T20:58:20.198Z] > git for-each-ref --sort -committerdate --format %(refname) %(objectname) %(*objectname) [7ms]
[2023-03-27T20:58:20.205Z] > git config --get commit.template [1ms]
[2023-03-27T20:58:25.214Z] > git status -z -uall [3ms]
[2023-03-27T20:58:25.219Z] > git symbolic-ref --short HEAD [1ms]
[2023-03-27T20:58:25.225Z] > git for-each-ref --format=%(refname)%00%(upstream:short)%00%(objectname)%00%(upstream:track)%00%(upstream:remotename)%00%(upstream:remoteref) refs/heads/main refs/remotes/main [1ms]
[2023-03-27T20:58:25.235Z] > git for-each-ref --sort -committerdate --format %(refname) %(objectname) %(*objectname) [5ms]
[2023-03-27T20:58:25.235Z] > git remote --verbose [1ms]
[2023-03-27T20:58:25.243Z] > git config --get commit.template [1ms]
[2023-03-27T20:58:33.491Z] > git status -z -uall [2ms]
[2023-03-27T20:58:33.498Z] > git symbolic-ref --short HEAD [2ms]
[2023-03-27T20:58:33.504Z] > git for-each-ref --format=%(refname)%00%(upstream:short)%00%(objectname)%00%(upstream:track)%00%(upstream:remotename)%00%(upstream:remoteref) refs/heads/main refs/remotes/main [1ms]
[2023-03-27T20:58:33.514Z] > git for-each-ref --sort -committerdate --format %(refname) %(objectname) %(*objectname) [5ms]
[2023-03-27T20:58:33.514Z] > git remote --verbose [1ms]
[2023-03-27T20:58:33.521Z] > git config --get commit.template [1ms]
[2023-03-27T20:58:38.534Z] > git status -z -uall [2ms]
[2023-03-27T20:58:38.540Z] > git symbolic-ref --short HEAD [1ms]
[2023-03-27T20:58:38.546Z] > git for-each-ref --format=%(refname)%00%(upstream:short)%00%(objectname)%00%(upstream:track)%00%(upstream:remotename)%00%(upstream:remoteref) refs/heads/main refs/remotes/main [1ms]
[2023-03-27T20:58:38.556Z] > git for-each-ref --sort -committerdate --format %(refname) %(objectname) %(*objectname) [5ms]
[2023-03-27T20:58:38.556Z] > git remote --verbose [1ms]
[2023-03-27T20:58:38.563Z] > git config --get commit.template [1ms]
[2023-03-27T20:59:10.405Z] > git status -z -uall [2ms]
[2023-03-27T20:59:10.411Z] > git symbolic-ref --short HEAD [1ms]
[2023-03-27T20:59:10.418Z] > git for-each-ref --format=%(refname)%00%(upstream:short)%00%(objectname)%00%(upstream:track)%00%(upstream:remotename)%00%(upstream:remoteref) refs/heads/main refs/remotes/main [2ms]
[2023-03-27T20:59:10.428Z] > git for-each-ref --sort -committerdate --format %(refname) %(objectname) %(*objectname) [6ms]
[2023-03-27T20:59:10.428Z] > git remote --verbose [1ms]
[2023-03-27T20:59:10.436Z] > git config --get commit.template [1ms]
[2023-03-27T20:59:20.397Z] > git status -z -uall [2ms]
[2023-03-27T20:59:20.404Z] > git symbolic-ref --short HEAD [1ms]
[2023-03-27T20:59:20.411Z] > git for-each-ref --format=%(refname)%00%(upstream:short)%00%(objectname)%00%(upstream:track)%00%(upstream:remotename)%00%(upstream:remoteref) refs/heads/main refs/remotes/main [2ms]
[2023-03-27T20:59:20.421Z] > git for-each-ref --sort -committerdate --format %(refname) %(objectname) %(*objectname) [6ms]
[2023-03-27T20:59:20.421Z] > git remote --verbose [1ms]
[2023-03-27T20:59:20.429Z] > git config --get commit.template [1ms]
[2023-03-27T20:59:25.448Z] > git status -z -uall [6ms]
[2023-03-27T20:59:25.472Z] > git symbolic-ref --short HEAD [1ms]
[2023-03-27T20:59:25.486Z] > git for-each-ref --format=%(refname)%00%(upstream:short)%00%(objectname)%00%(upstream:track)%00%(upstream:remotename)%00%(upstream:remoteref) refs/heads/main refs/remotes/main [2ms]
[2023-03-27T20:59:25.560Z] > git for-each-ref --sort -committerdate --format %(refname) %(objectname) %(*objectname) [7ms]
[2023-03-27T20:59:25.560Z] > git remote --verbose [1ms]
[2023-03-27T20:59:25.568Z] > git config --get commit.template [0ms]
[2023-03-27T20:59:58.873Z] > git status -z -uall [2ms]
[2023-03-27T20:59:58.880Z] > git symbolic-ref --short HEAD [1ms]
[2023-03-27T20:59:58.886Z] > git for-each-ref --format=%(refname)%00%(upstream:short)%00%(objectname)%00%(upstream:track)%00%(upstream:remotename)%00%(upstream:remoteref) refs/heads/main refs/remotes/main [2ms]
[2023-03-27T20:59:58.896Z] > git for-each-ref --sort -committerdate --format %(refname) %(objectname) %(*objectname) [6ms]
[2023-03-27T20:59:58.896Z] > git remote --verbose [1ms]
[2023-03-27T20:59:58.904Z] > git config --get commit.template [1ms]
[2023-03-27T21:00:03.913Z] > git status -z -uall [3ms]
[2023-03-27T21:00:03.921Z] > git symbolic-ref --short HEAD [1ms]
[2023-03-27T21:00:03.927Z] > git for-each-ref --format=%(refname)%00%(upstream:short)%00%(objectname)%00%(upstream:track)%00%(upstream:remotename)%00%(upstream:remoteref) refs/heads/main refs/remotes/main [1ms]
[2023-03-27T21:00:03.937Z] > git for-each-ref --sort -committerdate --format %(refname) %(objectname) %(*objectname) [5ms]
[2023-03-27T21:00:03.938Z] > git remote --verbose [1ms]
[2023-03-27T21:00:03.946Z] > git config --get commit.template [1ms]
[2023-03-27T21:00:08.954Z] > git status -z -uall [2ms]
[2023-03-27T21:00:08.960Z] > git symbolic-ref --short HEAD [1ms]
[2023-03-27T21:00:08.966Z] > git for-each-ref --format=%(refname)%00%(upstream:short)%00%(objectname)%00%(upstream:track)%00%(upstream:remotename)%00%(upstream:remoteref) refs/heads/main refs/remotes/main [1ms]
[2023-03-27T21:00:08.976Z] > git for-each-ref --sort -committerdate --format %(refname) %(objectname) %(*objectname) [5ms]
[2023-03-27T21:00:08.977Z] > git remote --verbose [1ms]
[2023-03-27T21:00:08.987Z] > git config --get commit.template [2ms]
[2023-03-27T21:00:13.995Z] > git status -z -uall [2ms]
[2023-03-27T21:00:14.001Z] > git symbolic-ref --short HEAD [1ms]
[2023-03-27T21:00:14.009Z] > git for-each-ref --format=%(refname)%00%(upstream:short)%00%(objectname)%00%(upstream:track)%00%(upstream:remotename)%00%(upstream:remoteref) refs/heads/main refs/remotes/main [2ms]
[2023-03-27T21:00:14.020Z] > git for-each-ref --sort -committerdate --format %(refname) %(objectname) %(*objectname) [6ms]
[2023-03-27T21:00:14.020Z] > git remote --verbose [1ms]
[2023-03-27T21:00:14.028Z] > git config --get commit.template [1ms]
[2023-03-27T21:00:19.037Z] > git status -z -uall [2ms]
[2023-03-27T21:00:19.044Z] > git symbolic-ref --short HEAD [1ms]
[2023-03-27T21:00:19.050Z] > git for-each-ref --format=%(refname)%00%(upstream:short)%00%(objectname)%00%(upstream:track)%00%(upstream:remotename)%00%(upstream:remoteref) refs/heads/main refs/remotes/main [1ms]
[2023-03-27T21:00:19.060Z] > git for-each-ref --sort -committerdate --format %(refname) %(objectname) %(*objectname) [5ms]
[2023-03-27T21:00:19.060Z] > git remote --verbose [1ms]
[2023-03-27T21:00:19.068Z] > git config --get commit.template [1ms]
[2023-03-27T21:00:24.078Z] > git status -z -uall [2ms]
[2023-03-27T21:00:24.085Z] > git symbolic-ref --short HEAD [2ms]
[2023-03-27T21:00:24.091Z] > git for-each-ref --format=%(refname)%00%(upstream:short)%00%(objectname)%00%(upstream:track)%00%(upstream:remotename)%00%(upstream:remoteref) refs/heads/main refs/remotes/main [1ms]
[2023-03-27T21:00:24.101Z] > git for-each-ref --sort -committerdate --format %(refname) %(objectname) %(*objectname) [5ms]
[2023-03-27T21:00:24.102Z] > git remote --verbose [1ms]
[2023-03-27T21:00:24.110Z] > git config --get commit.template [1ms]
[2023-03-27T21:00:29.118Z] > git status -z -uall [2ms]
[2023-03-27T21:00:29.124Z] > git symbolic-ref --short HEAD [1ms]
[2023-03-27T21:00:29.130Z] > git for-each-ref --format=%(refname)%00%(upstream:short)%00%(objectname)%00%(upstream:track)%00%(upstream:remotename)%00%(upstream:remoteref) refs/heads/main refs/remotes/main [1ms]
[2023-03-27T21:00:29.140Z] > git for-each-ref --sort -committerdate --format %(refname) %(objectname) %(*objectname) [5ms]
[2023-03-27T21:00:29.140Z] > git remote --verbose [1ms]
[2023-03-27T21:00:29.149Z] > git config --get commit.template [1ms]
