[2023-03-28T00:10:57.896Z] Log level: Info
[2023-03-28T00:10:57.898Z] [info] Validating found git in: git
[2023-03-28T00:10:57.935Z] [info] Using git 2.39.1 from git
[2023-03-28T00:10:57.983Z] > git rev-parse --show-toplevel [32ms]
[2023-03-28T00:10:58.015Z] > git rev-parse --git-dir --git-common-dir [25ms]
[2023-03-28T00:10:58.023Z] [info] Open repository: /mnt/code
[2023-03-28T00:10:58.060Z] > git status -z -uall [30ms]
[2023-03-28T00:10:58.067Z] > git symbolic-ref --short HEAD [3ms]
[2023-03-28T00:10:58.074Z] > git for-each-ref --format=%(refname)%00%(upstream:short)%00%(objectname)%00%(upstream:track)%00%(upstream:remotename)%00%(upstream:remoteref) refs/heads/main refs/remotes/main [2ms]
[2023-03-28T00:10:58.088Z] > git remote --verbose [7ms]
[2023-03-28T00:10:58.088Z] > git for-each-ref --sort -committerdate --format %(refname) %(objectname) %(*objectname) [10ms]
[2023-03-28T00:10:58.103Z] > git config --get commit.template [4ms]
[2023-03-28T00:10:58.571Z] > git check-ignore -v -z --stdin [1ms]
[2023-03-28T00:10:59.748Z] > git check-ignore -v -z --stdin [1ms]
[2023-03-28T00:11:09.008Z] > git status -z -uall [2ms]
[2023-03-28T00:11:09.018Z] > git symbolic-ref --short HEAD [1ms]
[2023-03-28T00:11:09.027Z] > git for-each-ref --format=%(refname)%00%(upstream:short)%00%(objectname)%00%(upstream:track)%00%(upstream:remotename)%00%(upstream:remoteref) refs/heads/main refs/remotes/main [1ms]
[2023-03-28T00:11:09.047Z] > git for-each-ref --sort -committerdate --format %(refname) %(objectname) %(*objectname) [12ms]
[2023-03-28T00:11:09.049Z] > git remote --verbose [2ms]
[2023-03-28T00:11:09.073Z] > git config --get commit.template [6ms]
[2023-03-28T00:11:14.087Z] > git status -z -uall [3ms]
[2023-03-28T00:11:14.096Z] > git symbolic-ref --short HEAD [1ms]
[2023-03-28T00:11:14.105Z] > git for-each-ref --format=%(refname)%00%(upstream:short)%00%(objectname)%00%(upstream:track)%00%(upstream:remotename)%00%(upstream:remoteref) refs/heads/main refs/remotes/main [1ms]
[2023-03-28T00:11:14.122Z] > git remote --verbose [1ms]
[2023-03-28T00:11:14.123Z] > git for-each-ref --sort -committerdate --format %(refname) %(objectname) %(*objectname) [10ms]
[2023-03-28T00:11:14.137Z] > git config --get commit.template [4ms]
[2023-03-28T00:11:22.033Z] > git status -z -uall [3ms]
[2023-03-28T00:11:22.040Z] > git symbolic-ref --short HEAD [2ms]
[2023-03-28T00:11:22.046Z] > git for-each-ref --format=%(refname)%00%(upstream:short)%00%(objectname)%00%(upstream:track)%00%(upstream:remotename)%00%(upstream:remoteref) refs/heads/main refs/remotes/main [1ms]
[2023-03-28T00:11:22.059Z] > git for-each-ref --sort -committerdate --format %(refname) %(objectname) %(*objectname) [6ms]
[2023-03-28T00:11:22.060Z] > git remote --verbose [2ms]
[2023-03-28T00:11:22.073Z] > git config --get commit.template [1ms]
[2023-03-28T00:11:27.084Z] > git status -z -uall [3ms]
[2023-03-28T00:11:27.090Z] > git symbolic-ref --short HEAD [1ms]
[2023-03-28T00:11:27.097Z] > git for-each-ref --format=%(refname)%00%(upstream:short)%00%(objectname)%00%(upstream:track)%00%(upstream:remotename)%00%(upstream:remoteref) refs/heads/main refs/remotes/main [1ms]
[2023-03-28T00:11:27.109Z] > git for-each-ref --sort -committerdate --format %(refname) %(objectname) %(*objectname) [7ms]
[2023-03-28T00:11:27.110Z] > git remote --verbose [2ms]
[2023-03-28T00:11:27.120Z] > git config --get commit.template [2ms]
[2023-03-28T00:11:32.129Z] > git status -z -uall [2ms]
[2023-03-28T00:11:32.136Z] > git symbolic-ref --short HEAD [1ms]
[2023-03-28T00:11:32.145Z] > git for-each-ref --format=%(refname)%00%(upstream:short)%00%(objectname)%00%(upstream:track)%00%(upstream:remotename)%00%(upstream:remoteref) refs/heads/main refs/remotes/main [1ms]
[2023-03-28T00:11:32.158Z] > git for-each-ref --sort -committerdate --format %(refname) %(objectname) %(*objectname) [7ms]
[2023-03-28T00:11:32.159Z] > git remote --verbose [2ms]
[2023-03-28T00:11:32.168Z] > git config --get commit.template [1ms]
[2023-03-28T00:11:37.177Z] > git status -z -uall [3ms]
[2023-03-28T00:11:37.184Z] > git symbolic-ref --short HEAD [2ms]
[2023-03-28T00:11:37.190Z] > git for-each-ref --format=%(refname)%00%(upstream:short)%00%(objectname)%00%(upstream:track)%00%(upstream:remotename)%00%(upstream:remoteref) refs/heads/main refs/remotes/main [1ms]
[2023-03-28T00:11:37.202Z] > git for-each-ref --sort -committerdate --format %(refname) %(objectname) %(*objectname) [6ms]
[2023-03-28T00:11:37.202Z] > git remote --verbose [1ms]
[2023-03-28T00:11:37.212Z] > git config --get commit.template [1ms]
[2023-03-28T00:11:42.221Z] > git status -z -uall [2ms]
[2023-03-28T00:11:42.228Z] > git symbolic-ref --short HEAD [1ms]
[2023-03-28T00:11:42.234Z] > git for-each-ref --format=%(refname)%00%(upstream:short)%00%(objectname)%00%(upstream:track)%00%(upstream:remotename)%00%(upstream:remoteref) refs/heads/main refs/remotes/main [1ms]
[2023-03-28T00:11:42.246Z] > git for-each-ref --sort -committerdate --format %(refname) %(objectname) %(*objectname) [6ms]
[2023-03-28T00:11:42.247Z] > git remote --verbose [2ms]
[2023-03-28T00:11:42.256Z] > git config --get commit.template [1ms]
[2023-03-28T00:11:47.265Z] > git status -z -uall [3ms]
[2023-03-28T00:11:47.272Z] > git symbolic-ref --short HEAD [1ms]
[2023-03-28T00:11:47.278Z] > git for-each-ref --format=%(refname)%00%(upstream:short)%00%(objectname)%00%(upstream:track)%00%(upstream:remotename)%00%(upstream:remoteref) refs/heads/main refs/remotes/main [1ms]
[2023-03-28T00:11:47.290Z] > git for-each-ref --sort -committerdate --format %(refname) %(objectname) %(*objectname) [6ms]
[2023-03-28T00:11:47.291Z] > git remote --verbose [2ms]
[2023-03-28T00:11:47.300Z] > git config --get commit.template [1ms]
[2023-03-28T00:11:52.309Z] > git status -z -uall [3ms]
[2023-03-28T00:11:52.316Z] > git symbolic-ref --short HEAD [2ms]
[2023-03-28T00:11:52.322Z] > git for-each-ref --format=%(refname)%00%(upstream:short)%00%(objectname)%00%(upstream:track)%00%(upstream:remotename)%00%(upstream:remoteref) refs/heads/main refs/remotes/main [1ms]
[2023-03-28T00:11:52.334Z] > git for-each-ref --sort -committerdate --format %(refname) %(objectname) %(*objectname) [6ms]
[2023-03-28T00:11:52.335Z] > git remote --verbose [2ms]
[2023-03-28T00:11:52.344Z] > git config --get commit.template [1ms]
[2023-03-28T00:11:57.354Z] > git status -z -uall [3ms]
[2023-03-28T00:11:57.361Z] > git symbolic-ref --short HEAD [1ms]
[2023-03-28T00:11:57.367Z] > git for-each-ref --format=%(refname)%00%(upstream:short)%00%(objectname)%00%(upstream:track)%00%(upstream:remotename)%00%(upstream:remoteref) refs/heads/main refs/remotes/main [1ms]
[2023-03-28T00:11:57.379Z] > git for-each-ref --sort -committerdate --format %(refname) %(objectname) %(*objectname) [6ms]
[2023-03-28T00:11:57.379Z] > git remote --verbose [1ms]
[2023-03-28T00:11:57.388Z] > git config --get commit.template [0ms]
[2023-03-28T00:12:09.795Z] > git status -z -uall [2ms]
[2023-03-28T00:12:09.802Z] > git symbolic-ref --short HEAD [1ms]
[2023-03-28T00:12:09.810Z] > git for-each-ref --format=%(refname)%00%(upstream:short)%00%(objectname)%00%(upstream:track)%00%(upstream:remotename)%00%(upstream:remoteref) refs/heads/main refs/remotes/main [2ms]
[2023-03-28T00:12:09.822Z] > git for-each-ref --sort -committerdate --format %(refname) %(objectname) %(*objectname) [7ms]
[2023-03-28T00:12:09.822Z] > git remote --verbose [1ms]
[2023-03-28T00:12:09.832Z] > git config --get commit.template [1ms]
[2023-03-28T00:12:14.842Z] > git status -z -uall [3ms]
[2023-03-28T00:12:14.849Z] > git symbolic-ref --short HEAD [1ms]
[2023-03-28T00:12:14.856Z] > git for-each-ref --format=%(refname)%00%(upstream:short)%00%(objectname)%00%(upstream:track)%00%(upstream:remotename)%00%(upstream:remoteref) refs/heads/main refs/remotes/main [1ms]
[2023-03-28T00:12:14.868Z] > git for-each-ref --sort -committerdate --format %(refname) %(objectname) %(*objectname) [6ms]
[2023-03-28T00:12:14.869Z] > git remote --verbose [2ms]
[2023-03-28T00:12:14.878Z] > git config --get commit.template [1ms]
[2023-03-28T00:12:19.888Z] > git status -z -uall [3ms]
[2023-03-28T00:12:19.895Z] > git symbolic-ref --short HEAD [1ms]
[2023-03-28T00:12:19.902Z] > git for-each-ref --format=%(refname)%00%(upstream:short)%00%(objectname)%00%(upstream:track)%00%(upstream:remotename)%00%(upstream:remoteref) refs/heads/main refs/remotes/main [1ms]
[2023-03-28T00:12:19.914Z] > git for-each-ref --sort -committerdate --format %(refname) %(objectname) %(*objectname) [6ms]
[2023-03-28T00:12:19.914Z] > git remote --verbose [1ms]
[2023-03-28T00:12:19.923Z] > git config --get commit.template [1ms]
[2023-03-28T00:12:24.933Z] > git status -z -uall [3ms]
[2023-03-28T00:12:24.940Z] > git symbolic-ref --short HEAD [1ms]
[2023-03-28T00:12:24.947Z] > git for-each-ref --format=%(refname)%00%(upstream:short)%00%(objectname)%00%(upstream:track)%00%(upstream:remotename)%00%(upstream:remoteref) refs/heads/main refs/remotes/main [2ms]
[2023-03-28T00:12:24.959Z] > git for-each-ref --sort -committerdate --format %(refname) %(objectname) %(*objectname) [6ms]
[2023-03-28T00:12:24.959Z] > git remote --verbose [1ms]
[2023-03-28T00:12:24.969Z] > git config --get commit.template [2ms]
[2023-03-28T00:12:29.978Z] > git status -z -uall [2ms]
[2023-03-28T00:12:29.985Z] > git symbolic-ref --short HEAD [1ms]
[2023-03-28T00:12:29.992Z] > git for-each-ref --format=%(refname)%00%(upstream:short)%00%(objectname)%00%(upstream:track)%00%(upstream:remotename)%00%(upstream:remoteref) refs/heads/main refs/remotes/main [1ms]
[2023-03-28T00:12:30.003Z] > git for-each-ref --sort -committerdate --format %(refname) %(objectname) %(*objectname) [6ms]
[2023-03-28T00:12:30.004Z] > git remote --verbose [2ms]
[2023-03-28T00:12:30.012Z] > git config --get commit.template [0ms]
[2023-03-28T16:05:44.830Z] > git status -z -uall [3ms]
[2023-03-28T16:05:44.837Z] > git symbolic-ref --short HEAD [1ms]
[2023-03-28T16:05:44.844Z] > git for-each-ref --format=%(refname)%00%(upstream:short)%00%(objectname)%00%(upstream:track)%00%(upstream:remotename)%00%(upstream:remoteref) refs/heads/main refs/remotes/main [2ms]
[2023-03-28T16:05:44.856Z] > git for-each-ref --sort -committerdate --format %(refname) %(objectname) %(*objectname) [7ms]
[2023-03-28T16:05:44.856Z] > git remote --verbose [1ms]
[2023-03-28T16:05:44.866Z] > git config --get commit.template [1ms]
